#
# There is insufficient memory for the Java Runtime Environment to continue.
# Native memory allocation (malloc) failed to allocate 1050256 bytes for Chunk::new
# Possible reasons:
#   The system is out of physical RAM or swap space
#   The process is running with CompressedOops enabled, and the Java Heap may be blocking the growth of the native heap
# Possible solutions:
#   Reduce memory load on the system
#   Increase physical memory or swap space
#   Check if swap backing store is full
#   Decrease Java heap size (-Xmx/-Xms)
#   Decrease number of Java threads
#   Decrease Java thread stack sizes (-Xss)
#   Set larger code cache with -XX:ReservedCodeCacheSize=
#   JVM is running with Unscaled Compressed Oops mode in which the Java heap is
#     placed in the first 4GB address space. The Java Heap base address is the
#     maximum limit for the native heap growth. Please use -XX:HeapBaseMinAddress
#     to set the Java Heap base and to place the Java Heap above 4GB virtual address.
# This output file may be truncated or incomplete.
#
#  Out of Memory Error (./src/hotspot/share/memory/arena.cpp:197), pid=27888, tid=15740
#
# JRE version: OpenJDK Runtime Environment Microsoft-7208460 (11.0.18+10) (build 11.0.18+10-LTS)
# Java VM: OpenJDK 64-Bit Server VM Microsoft-7208460 (11.0.18+10-LTS, mixed mode, tiered, compressed oops, g1 gc, windows-amd64)
# No core dump will be written. Minidumps are not enabled by default on client versions of Windows
#

---------------  S U M M A R Y ------------

Command Line: -XX:MaxMetaspaceSize=512m --add-opens=java.base/java.util=ALL-UNNAMED --add-opens=java.base/java.lang=ALL-UNNAMED --add-opens=java.base/java.lang.invoke=ALL-UNNAMED --add-opens=java.prefs/java.util.prefs=ALL-UNNAMED --add-opens=java.base/java.nio.charset=ALL-UNNAMED --add-opens=java.base/java.net=ALL-UNNAMED --add-opens=java.base/java.util.concurrent.atomic=ALL-UNNAMED -Xmx2048m -Dfile.encoding=windows-1252 -Duser.country=US -Duser.language=en -Duser.variant org.gradle.launcher.daemon.bootstrap.GradleDaemon 8.0.1

Host: Intel(R) Core(TM) i5-4570 CPU @ 3.20GHz, 4 cores, 11G,  Windows 10 , 64 bit Build 19041 (10.0.19041.3570)
Time: Tue Nov  7 05:48:33 2023 Pakistan Standard Time elapsed time: 160.340550 seconds (0d 0h 2m 40s)

---------------  T H R E A D  ---------------

Current thread (0x000002707f96c800):  JavaThread "C2 CompilerThread0" daemon [_thread_in_native, id=15740, stack(0x000000c2be700000,0x000000c2be800000)]


Current CompileTask:
C2: 160340 5345       4       java.net.URLClassLoader$1::run (5 bytes)

Stack: [0x000000c2be700000,0x000000c2be800000]
Native frames: (J=compiled Java code, j=interpreted, Vv=VM code, C=native code)
V  [jvm.dll+0x62bf8a]
V  [jvm.dll+0x7b8fb9]
V  [jvm.dll+0x7ba6a8]
V  [jvm.dll+0x7bad83]
V  [jvm.dll+0x250248]
V  [jvm.dll+0xc260c]
V  [jvm.dll+0xc2bcc]
V  [jvm.dll+0x2c4e64]
V  [jvm.dll+0x533dcc]
V  [jvm.dll+0x21177b]
V  [jvm.dll+0x20b39a]
V  [jvm.dll+0x2083eb]
V  [jvm.dll+0x18a4b1]
V  [jvm.dll+0x217eec]
V  [jvm.dll+0x21612b]
V  [jvm.dll+0x77bac0]
V  [jvm.dll+0x7749f4]
V  [jvm.dll+0x62adf5]
C  [ucrtbase.dll+0x21bb2]
C  [KERNEL32.DLL+0x17344]
C  [ntdll.dll+0x526b1]


---------------  P R O C E S S  ---------------

Threads class SMR info:
_java_thread_list=0x0000027017e30aa0, length=64, elements={
0x0000027074161800, 0x000002707f958800, 0x000002707f95a000, 0x000002707f965000,
0x000002707f968000, 0x000002707f969800, 0x000002707f96c800, 0x000002707f96e800,
0x000002707f97d800, 0x000002707fb88800, 0x0000027015c5f000, 0x00000270158f4000,
0x00000270163fd000, 0x0000027016793800, 0x0000027016794000, 0x00000270175c6800,
0x00000270175c7000, 0x0000027016a33000, 0x0000027016bd3000, 0x00000270159f1000,
0x00000270159f2800, 0x00000270159f3800, 0x00000270159f0000, 0x00000270159f5000,
0x00000270159f2000, 0x00000270159f6000, 0x00000270159f6800, 0x0000027019403000,
0x0000027019402000, 0x00000270193fe000, 0x0000027019404000, 0x0000027019404800,
0x00000270193ff000, 0x0000027019405800, 0x0000027019401800, 0x0000027019400000,
0x0000027019408000, 0x0000027019407000, 0x0000027019409800, 0x0000027019409000,
0x0000027019406800, 0x000002701940a800, 0x000002701940d000, 0x000002701940b000,
0x000002701940c000, 0x00000270159f4800, 0x00000270197b1000, 0x00000270197b2000,
0x00000270197ae800, 0x00000270197b0800, 0x00000270197af800, 0x00000270197ac800,
0x00000270197ad000, 0x00000270197b3000, 0x00000270197b3800, 0x00000270197ae000,
0x00000270197b6000, 0x00000270197b7000, 0x00000270197b7800, 0x00000270197b8800,
0x00000270197ba000, 0x00000270197b9800, 0x00000270197b5000, 0x00000270197b4800
}

Java Threads: ( => current thread )
  0x0000027074161800 JavaThread "main" [_thread_blocked, id=28316, stack(0x000000c2bda00000,0x000000c2bdb00000)]
  0x000002707f958800 JavaThread "Reference Handler" daemon [_thread_blocked, id=19700, stack(0x000000c2be200000,0x000000c2be300000)]
  0x000002707f95a000 JavaThread "Finalizer" daemon [_thread_blocked, id=13640, stack(0x000000c2be300000,0x000000c2be400000)]
  0x000002707f965000 JavaThread "Signal Dispatcher" daemon [_thread_blocked, id=14324, stack(0x000000c2be400000,0x000000c2be500000)]
  0x000002707f968000 JavaThread "Attach Listener" daemon [_thread_blocked, id=1536, stack(0x000000c2be500000,0x000000c2be600000)]
  0x000002707f969800 JavaThread "Service Thread" daemon [_thread_blocked, id=16504, stack(0x000000c2be600000,0x000000c2be700000)]
=>0x000002707f96c800 JavaThread "C2 CompilerThread0" daemon [_thread_in_native, id=15740, stack(0x000000c2be700000,0x000000c2be800000)]
  0x000002707f96e800 JavaThread "C1 CompilerThread0" daemon [_thread_blocked, id=6632, stack(0x000000c2be800000,0x000000c2be900000)]
  0x000002707f97d800 JavaThread "Sweeper thread" daemon [_thread_blocked, id=5144, stack(0x000000c2be900000,0x000000c2bea00000)]
  0x000002707fb88800 JavaThread "Common-Cleaner" daemon [_thread_blocked, id=15452, stack(0x000000c2bea00000,0x000000c2beb00000)]
  0x0000027015c5f000 JavaThread "Daemon health stats" [_thread_blocked, id=8904, stack(0x000000c2bef00000,0x000000c2bf000000)]
  0x00000270158f4000 JavaThread "Incoming local TCP Connector on port 64599" [_thread_in_native, id=31248, stack(0x000000c2bf000000,0x000000c2bf100000)]
  0x00000270163fd000 JavaThread "Daemon periodic checks" [_thread_blocked, id=31316, stack(0x000000c2bf100000,0x000000c2bf200000)]
  0x0000027016793800 JavaThread "Daemon" [_thread_blocked, id=31380, stack(0x000000c2bf200000,0x000000c2bf300000)]
  0x0000027016794000 JavaThread "Handler for socket connection from /127.0.0.1:64599 to /127.0.0.1:64600" [_thread_in_native, id=31428, stack(0x000000c2bf300000,0x000000c2bf400000)]
  0x00000270175c6800 JavaThread "Cancel handler" [_thread_blocked, id=31440, stack(0x000000c2bf400000,0x000000c2bf500000)]
  0x00000270175c7000 JavaThread "Daemon worker" [_thread_blocked, id=31488, stack(0x000000c2bf500000,0x000000c2bf600000)]
  0x0000027016a33000 JavaThread "Asynchronous log dispatcher for DefaultDaemonConnection: socket connection from /127.0.0.1:64599 to /127.0.0.1:64600" [_thread_blocked, id=31528, stack(0x000000c2bf600000,0x000000c2bf700000)]
  0x0000027016bd3000 JavaThread "Daemon client event forwarder" [_thread_blocked, id=31552, stack(0x000000c2bf800000,0x000000c2bf900000)]
  0x00000270159f1000 JavaThread "Cache worker for journal cache (C:\Users\Faizan Ali\.gradle\caches\journal-1)" [_thread_blocked, id=23940, stack(0x000000c2bf900000,0x000000c2bfa00000)]
  0x00000270159f2800 JavaThread "File lock request listener" [_thread_in_native, id=13060, stack(0x000000c2bfa00000,0x000000c2bfb00000)]
  0x00000270159f3800 JavaThread "Cache worker for file hash cache (C:\Users\Faizan Ali\.gradle\caches\8.0.1\fileHashes)" [_thread_blocked, id=14392, stack(0x000000c2bfb00000,0x000000c2bfc00000)]
  0x00000270159f0000 JavaThread "File watcher server" daemon [_thread_in_native, id=32044, stack(0x000000c2bfd00000,0x000000c2bfe00000)]
  0x00000270159f5000 JavaThread "File watcher consumer" daemon [_thread_blocked, id=32052, stack(0x000000c2bfe00000,0x000000c2bff00000)]
  0x00000270159f2000 JavaThread "Cache worker for checksums cache (C:\Users\Faizan Ali\Mobile apps\mechanic\android\.gradle\8.0.1\checksums)" [_thread_blocked, id=32152, stack(0x000000c2bff00000,0x000000c2c0000000)]
  0x00000270159f6000 JavaThread "Cache worker for cache directory md-rule (C:\Users\Faizan Ali\.gradle\caches\8.0.1\md-rule)" [_thread_blocked, id=32176, stack(0x000000c2c0000000,0x000000c2c0100000)]
  0x00000270159f6800 JavaThread "Cache worker for file content cache (C:\Users\Faizan Ali\.gradle\caches\8.0.1\fileContent)" [_thread_blocked, id=32220, stack(0x000000c2c0100000,0x000000c2c0200000)]
  0x0000027019403000 JavaThread "Cache worker for file hash cache (C:\Users\Faizan Ali\Mobile apps\mechanic\android\.gradle\8.0.1\fileHashes)" [_thread_blocked, id=32344, stack(0x000000c2c0200000,0x000000c2c0300000)]
  0x0000027019402000 JavaThread "Cache worker for cache directory md-supplier (C:\Users\Faizan Ali\.gradle\caches\8.0.1\md-supplier)" [_thread_blocked, id=32388, stack(0x000000c2c0300000,0x000000c2c0400000)]
  0x00000270193fe000 JavaThread "Cache worker for execution history cache (C:\Users\Faizan Ali\.gradle\caches\8.0.1\executionHistory)" [_thread_blocked, id=32528, stack(0x000000c2c0400000,0x000000c2c0500000)]
  0x0000027019404000 JavaThread "jar transforms" [_thread_blocked, id=28944, stack(0x000000c2c0500000,0x000000c2c0600000)]
  0x0000027019404800 JavaThread "jar transforms Thread 2" [_thread_blocked, id=29856, stack(0x000000c2c0600000,0x000000c2c0700000)]
  0x00000270193ff000 JavaThread "jar transforms Thread 3" [_thread_blocked, id=32944, stack(0x000000c2c0700000,0x000000c2c0800000)]
  0x0000027019405800 JavaThread "jar transforms Thread 4" [_thread_blocked, id=33300, stack(0x000000c2c0a00000,0x000000c2c0b00000)]
  0x0000027019401800 JavaThread "Cache worker for kotlin-dsl (C:\Users\Faizan Ali\.gradle\caches\8.0.1\kotlin-dsl)" [_thread_blocked, id=33816, stack(0x000000c2bd900000,0x000000c2bda00000)]
  0x0000027019400000 JavaThread "File lock release action executor Thread 2" [_thread_blocked, id=12340, stack(0x000000c2bdb00000,0x000000c2bdc00000)]
  0x0000027019408000 JavaThread "Cache worker for dependencies-accessors (C:\Users\Faizan Ali\Mobile apps\mechanic\android\.gradle\8.0.1\dependencies-accessors)" [_thread_blocked, id=23884, stack(0x000000c2bf700000,0x000000c2bf800000)]
  0x0000027019407000 JavaThread "Cache worker for Build Output Cleanup Cache (C:\Users\Faizan Ali\Mobile apps\mechanic\node_modules\@react-native\gradle-plugin\.gradle\buildOutputCleanup)" [_thread_blocked, id=33064, stack(0x000000c2bfc00000,0x000000c2bfd00000)]
  0x0000027019409800 JavaThread "Unconstrained build operations" [_thread_blocked, id=30828, stack(0x000000c2c0800000,0x000000c2c0900000)]
  0x0000027019409000 JavaThread "Unconstrained build operations Thread 2" [_thread_blocked, id=24336, stack(0x000000c2c0b00000,0x000000c2c0c00000)]
  0x0000027019406800 JavaThread "Unconstrained build operations Thread 3" [_thread_blocked, id=29308, stack(0x000000c2c0c00000,0x000000c2c0d00000)]
  0x000002701940a800 JavaThread "Unconstrained build operations Thread 4" [_thread_blocked, id=13188, stack(0x000000c2c0d00000,0x000000c2c0e00000)]
  0x000002701940d000 JavaThread "Unconstrained build operations Thread 5" [_thread_blocked, id=33460, stack(0x000000c2c0e00000,0x000000c2c0f00000)]
  0x000002701940b000 JavaThread "Unconstrained build operations Thread 6" [_thread_blocked, id=34096, stack(0x000000c2c0f00000,0x000000c2c1000000)]
  0x000002701940c000 JavaThread "Unconstrained build operations Thread 7" [_thread_blocked, id=34292, stack(0x000000c2c1000000,0x000000c2c1100000)]
  0x00000270159f4800 JavaThread "Unconstrained build operations Thread 8" [_thread_blocked, id=33980, stack(0x000000c2c1100000,0x000000c2c1200000)]
  0x00000270197b1000 JavaThread "Unconstrained build operations Thread 9" [_thread_blocked, id=18220, stack(0x000000c2c1200000,0x000000c2c1300000)]
  0x00000270197b2000 JavaThread "Unconstrained build operations Thread 10" [_thread_blocked, id=18172, stack(0x000000c2c1300000,0x000000c2c1400000)]
  0x00000270197ae800 JavaThread "Unconstrained build operations Thread 11" [_thread_blocked, id=15816, stack(0x000000c2c1400000,0x000000c2c1500000)]
  0x00000270197b0800 JavaThread "Unconstrained build operations Thread 12" [_thread_blocked, id=34820, stack(0x000000c2c1500000,0x000000c2c1600000)]
  0x00000270197af800 JavaThread "Unconstrained build operations Thread 13" [_thread_blocked, id=34824, stack(0x000000c2c1600000,0x000000c2c1700000)]
  0x00000270197ac800 JavaThread "Unconstrained build operations Thread 14" [_thread_blocked, id=34828, stack(0x000000c2c1700000,0x000000c2c1800000)]
  0x00000270197ad000 JavaThread "Unconstrained build operations Thread 15" [_thread_blocked, id=34832, stack(0x000000c2c1800000,0x000000c2c1900000)]
  0x00000270197b3000 JavaThread "Unconstrained build operations Thread 16" [_thread_blocked, id=34836, stack(0x000000c2c1900000,0x000000c2c1a00000)]
  0x00000270197b3800 JavaThread "Unconstrained build operations Thread 17" [_thread_blocked, id=34840, stack(0x000000c2c1a00000,0x000000c2c1b00000)]
  0x00000270197ae000 JavaThread "Unconstrained build operations Thread 18" [_thread_blocked, id=34844, stack(0x000000c2c1b00000,0x000000c2c1c00000)]
  0x00000270197b6000 JavaThread "Unconstrained build operations Thread 19" [_thread_blocked, id=34848, stack(0x000000c2c1c00000,0x000000c2c1d00000)]
  0x00000270197b7000 JavaThread "Unconstrained build operations Thread 20" [_thread_blocked, id=34852, stack(0x000000c2c1d00000,0x000000c2c1e00000)]
  0x00000270197b7800 JavaThread "Unconstrained build operations Thread 21" [_thread_blocked, id=34856, stack(0x000000c2c1e00000,0x000000c2c1f00000)]
  0x00000270197b8800 JavaThread "Unconstrained build operations Thread 22" [_thread_blocked, id=34860, stack(0x000000c2c1f00000,0x000000c2c2000000)]
  0x00000270197ba000 JavaThread "Unconstrained build operations Thread 23" [_thread_blocked, id=34864, stack(0x000000c2c2000000,0x000000c2c2100000)]
  0x00000270197b9800 JavaThread "Unconstrained build operations Thread 24" [_thread_blocked, id=34868, stack(0x000000c2c2100000,0x000000c2c2200000)]
  0x00000270197b5000 JavaThread "Unconstrained build operations Thread 25" [_thread_blocked, id=34872, stack(0x000000c2c2200000,0x000000c2c2300000)]
  0x00000270197b4800 JavaThread "Unconstrained build operations Thread 26" [_thread_blocked, id=34876, stack(0x000000c2c2300000,0x000000c2c2400000)]

Other Threads:
  0x000002707f943800 VMThread "VM Thread" [stack: 0x000000c2be100000,0x000000c2be200000] [id=28520]
  0x000002707fb8d800 WatcherThread [stack: 0x000000c2beb00000,0x000000c2bec00000] [id=27364]
  0x000002707417a000 GCTaskThread "GC Thread#0" [stack: 0x000000c2bdc00000,0x000000c2bdd00000] [id=28500]
  0x0000027015bf0800 GCTaskThread "GC Thread#1" [stack: 0x000000c2bec00000,0x000000c2bed00000] [id=4296]
  0x000002707fccd800 GCTaskThread "GC Thread#2" [stack: 0x000000c2bed00000,0x000000c2bee00000] [id=23568]
  0x00000270159d4000 GCTaskThread "GC Thread#3" [stack: 0x000000c2bee00000,0x000000c2bef00000] [id=28812]
  0x00000270741ab800 ConcurrentGCThread "G1 Main Marker" [stack: 0x000000c2bdd00000,0x000000c2bde00000] [id=28504]
  0x00000270741ac800 ConcurrentGCThread "G1 Conc#0" [stack: 0x000000c2bde00000,0x000000c2bdf00000] [id=28508]
  0x000002707423e000 ConcurrentGCThread "G1 Refine#0" [stack: 0x000000c2bdf00000,0x000000c2be000000] [id=28512]
  0x000002707f7b0800 ConcurrentGCThread "G1 Young RemSet Sampling" [stack: 0x000000c2be000000,0x000000c2be100000] [id=28516]

Threads with active compile tasks:
C2 CompilerThread0   160377 5345       4       java.net.URLClassLoader$1::run (5 bytes)

VM state:not at safepoint (normal execution)

VM Mutex/Monitor currently owned by a thread: None

Heap address: 0x0000000080000000, size: 2048 MB, Compressed Oops mode: 32-bit
Narrow klass base: 0x0000000000000000, Narrow klass shift: 3
Compressed class space size: 528482304 Address: 0x0000000100000000

Heap:
 garbage-first heap   total 196608K, used 104673K [0x0000000080000000, 0x0000000100000000)
  region size 1024K, 75 young (76800K), 10 survivors (10240K)
 Metaspace       used 55968K, capacity 57518K, committed 57552K, reserved 567296K
  class space    used 7180K, capacity 7807K, committed 7808K, reserved 516096K
Heap Regions: E=young(eden), S=young(survivor), O=old, HS=humongous(starts), HC=humongous(continues), CS=collection set, F=free, A=archive, TAMS=top-at-mark-start (previous, next)
|   0|0x0000000080000000, 0x0000000080100000, 0x0000000080100000|100%| O|  |TAMS 0x0000000080100000, 0x0000000080000000| Untracked 
|   1|0x0000000080100000, 0x0000000080200000, 0x0000000080200000|100%| O|  |TAMS 0x0000000080200000, 0x0000000080100000| Untracked 
|   2|0x0000000080200000, 0x0000000080300000, 0x0000000080300000|100%|HS|  |TAMS 0x0000000080300000, 0x0000000080200000| Complete 
|   3|0x0000000080300000, 0x0000000080400000, 0x0000000080400000|100%|HC|  |TAMS 0x0000000080400000, 0x0000000080300000| Complete 
|   4|0x0000000080400000, 0x0000000080500000, 0x0000000080500000|100%|HC|  |TAMS 0x0000000080500000, 0x0000000080400000| Complete 
|   5|0x0000000080500000, 0x0000000080600000, 0x0000000080600000|100%|HC|  |TAMS 0x0000000080600000, 0x0000000080500000| Complete 
|   6|0x0000000080600000, 0x0000000080700000, 0x0000000080700000|100%| O|  |TAMS 0x0000000080700000, 0x0000000080600000| Untracked 
|   7|0x0000000080700000, 0x0000000080800000, 0x0000000080800000|100%| O|  |TAMS 0x0000000080800000, 0x0000000080700000| Untracked 
|   8|0x0000000080800000, 0x0000000080900000, 0x0000000080900000|100%| O|  |TAMS 0x0000000080900000, 0x0000000080800000| Untracked 
|   9|0x0000000080900000, 0x0000000080a00000, 0x0000000080a00000|100%| O|  |TAMS 0x0000000080a00000, 0x0000000080900000| Untracked 
|  10|0x0000000080a00000, 0x0000000080b00000, 0x0000000080b00000|100%| O|  |TAMS 0x0000000080b00000, 0x0000000080a00000| Untracked 
|  11|0x0000000080b00000, 0x0000000080c00000, 0x0000000080c00000|100%| O|  |TAMS 0x0000000080c00000, 0x0000000080b00000| Untracked 
|  12|0x0000000080c00000, 0x0000000080d00000, 0x0000000080d00000|100%| O|  |TAMS 0x0000000080d00000, 0x0000000080c00000| Untracked 
|  13|0x0000000080d00000, 0x0000000080e00000, 0x0000000080e00000|100%| O|  |TAMS 0x0000000080e00000, 0x0000000080d00000| Untracked 
|  14|0x0000000080e00000, 0x0000000080f00000, 0x0000000080f00000|100%| O|  |TAMS 0x0000000080f00000, 0x0000000080e00000| Untracked 
|  15|0x0000000080f00000, 0x0000000081000000, 0x0000000081000000|100%| O|  |TAMS 0x0000000081000000, 0x0000000080f00000| Untracked 
|  16|0x0000000081000000, 0x0000000081100000, 0x0000000081100000|100%| O|  |TAMS 0x0000000081100000, 0x0000000081000000| Untracked 
|  17|0x0000000081100000, 0x0000000081200000, 0x0000000081200000|100%| O|  |TAMS 0x000000008118b600, 0x0000000081100000| Untracked 
|  18|0x0000000081200000, 0x0000000081200000, 0x0000000081300000|  0%| F|  |TAMS 0x0000000081200000, 0x0000000081200000| Untracked 
|  19|0x0000000081300000, 0x0000000081400000, 0x0000000081400000|100%| O|  |TAMS 0x0000000081300000, 0x0000000081300000| Untracked 
|  20|0x0000000081400000, 0x0000000081500000, 0x0000000081500000|100%| O|  |TAMS 0x0000000081400000, 0x0000000081400000| Untracked 
|  21|0x0000000081500000, 0x0000000081600000, 0x0000000081600000|100%| O|  |TAMS 0x0000000081500000, 0x0000000081500000| Untracked 
|  22|0x0000000081600000, 0x0000000081700000, 0x0000000081700000|100%| O|  |TAMS 0x0000000081600000, 0x0000000081600000| Untracked 
|  23|0x0000000081700000, 0x00000000817af600, 0x0000000081800000| 68%| O|  |TAMS 0x0000000081700000, 0x0000000081700000| Untracked 
|  24|0x0000000081800000, 0x0000000081900000, 0x0000000081900000|100%|HS|  |TAMS 0x0000000081800000, 0x0000000081800000| Complete 
|  25|0x0000000081900000, 0x0000000081a00000, 0x0000000081a00000|100%|HC|  |TAMS 0x0000000081900000, 0x0000000081900000| Complete 
|  26|0x0000000081a00000, 0x0000000081b00000, 0x0000000081b00000|100%|HS|  |TAMS 0x0000000081a00000, 0x0000000081a00000| Complete 
|  27|0x0000000081b00000, 0x0000000081c00000, 0x0000000081c00000|100%|HC|  |TAMS 0x0000000081b00000, 0x0000000081b00000| Complete 
|  28|0x0000000081c00000, 0x0000000081d00000, 0x0000000081d00000|100%|HC|  |TAMS 0x0000000081c00000, 0x0000000081c00000| Complete 
|  29|0x0000000081d00000, 0x0000000081e00000, 0x0000000081e00000|100%|HC|  |TAMS 0x0000000081d00000, 0x0000000081d00000| Complete 
|  30|0x0000000081e00000, 0x0000000081e00000, 0x0000000081f00000|  0%| F|  |TAMS 0x0000000081e00000, 0x0000000081e00000| Untracked 
|  31|0x0000000081f00000, 0x0000000081f00000, 0x0000000082000000|  0%| F|  |TAMS 0x0000000081f00000, 0x0000000081f00000| Untracked 
|  32|0x0000000082000000, 0x0000000082000000, 0x0000000082100000|  0%| F|  |TAMS 0x0000000082000000, 0x0000000082000000| Untracked 
|  33|0x0000000082100000, 0x0000000082100000, 0x0000000082200000|  0%| F|  |TAMS 0x0000000082100000, 0x0000000082100000| Untracked 
|  34|0x0000000082200000, 0x0000000082200000, 0x0000000082300000|  0%| F|  |TAMS 0x0000000082200000, 0x0000000082200000| Untracked 
|  35|0x0000000082300000, 0x0000000082300000, 0x0000000082400000|  0%| F|  |TAMS 0x0000000082300000, 0x0000000082300000| Untracked 
|  36|0x0000000082400000, 0x0000000082400000, 0x0000000082500000|  0%| F|  |TAMS 0x0000000082400000, 0x0000000082400000| Untracked 
|  37|0x0000000082500000, 0x0000000082500000, 0x0000000082600000|  0%| F|  |TAMS 0x0000000082500000, 0x0000000082500000| Untracked 
|  38|0x0000000082600000, 0x0000000082600000, 0x0000000082700000|  0%| F|  |TAMS 0x0000000082600000, 0x0000000082600000| Untracked 
|  39|0x0000000082700000, 0x0000000082700000, 0x0000000082800000|  0%| F|  |TAMS 0x0000000082700000, 0x0000000082700000| Untracked 
|  40|0x0000000082800000, 0x0000000082800000, 0x0000000082900000|  0%| F|  |TAMS 0x0000000082800000, 0x0000000082800000| Untracked 
|  41|0x0000000082900000, 0x0000000082900000, 0x0000000082a00000|  0%| F|  |TAMS 0x0000000082900000, 0x0000000082900000| Untracked 
|  42|0x0000000082a00000, 0x0000000082a00000, 0x0000000082b00000|  0%| F|  |TAMS 0x0000000082a00000, 0x0000000082a00000| Untracked 
|  43|0x0000000082b00000, 0x0000000082b00000, 0x0000000082c00000|  0%| F|  |TAMS 0x0000000082b00000, 0x0000000082b00000| Untracked 
|  44|0x0000000082c00000, 0x0000000082c00000, 0x0000000082d00000|  0%| F|  |TAMS 0x0000000082c00000, 0x0000000082c00000| Untracked 
|  45|0x0000000082d00000, 0x0000000082d00000, 0x0000000082e00000|  0%| F|  |TAMS 0x0000000082d00000, 0x0000000082d00000| Untracked 
|  46|0x0000000082e00000, 0x0000000082e00000, 0x0000000082f00000|  0%| F|  |TAMS 0x0000000082e00000, 0x0000000082e00000| Untracked 
|  47|0x0000000082f00000, 0x0000000082f00000, 0x0000000083000000|  0%| F|  |TAMS 0x0000000082f00000, 0x0000000082f00000| Untracked 
|  48|0x0000000083000000, 0x0000000083000000, 0x0000000083100000|  0%| F|  |TAMS 0x0000000083000000, 0x0000000083000000| Untracked 
|  49|0x0000000083100000, 0x0000000083100000, 0x0000000083200000|  0%| F|  |TAMS 0x0000000083100000, 0x0000000083100000| Untracked 
|  50|0x0000000083200000, 0x0000000083200000, 0x0000000083300000|  0%| F|  |TAMS 0x0000000083200000, 0x0000000083200000| Untracked 
|  51|0x0000000083300000, 0x0000000083300000, 0x0000000083400000|  0%| F|  |TAMS 0x0000000083300000, 0x0000000083300000| Untracked 
|  52|0x0000000083400000, 0x0000000083400000, 0x0000000083500000|  0%| F|  |TAMS 0x0000000083400000, 0x0000000083400000| Untracked 
|  53|0x0000000083500000, 0x0000000083500000, 0x0000000083600000|  0%| F|  |TAMS 0x0000000083500000, 0x0000000083500000| Untracked 
|  54|0x0000000083600000, 0x0000000083600000, 0x0000000083700000|  0%| F|  |TAMS 0x0000000083600000, 0x0000000083600000| Untracked 
|  55|0x0000000083700000, 0x0000000083700000, 0x0000000083800000|  0%| F|  |TAMS 0x0000000083700000, 0x0000000083700000| Untracked 
|  56|0x0000000083800000, 0x0000000083800000, 0x0000000083900000|  0%| F|  |TAMS 0x0000000083800000, 0x0000000083800000| Untracked 
|  57|0x0000000083900000, 0x0000000083900000, 0x0000000083a00000|  0%| F|  |TAMS 0x0000000083900000, 0x0000000083900000| Untracked 
|  58|0x0000000083a00000, 0x0000000083a00000, 0x0000000083b00000|  0%| F|  |TAMS 0x0000000083a00000, 0x0000000083a00000| Untracked 
|  59|0x0000000083b00000, 0x0000000083b00000, 0x0000000083c00000|  0%| F|  |TAMS 0x0000000083b00000, 0x0000000083b00000| Untracked 
|  60|0x0000000083c00000, 0x0000000083c00000, 0x0000000083d00000|  0%| F|  |TAMS 0x0000000083c00000, 0x0000000083c00000| Untracked 
|  61|0x0000000083d00000, 0x0000000083d00000, 0x0000000083e00000|  0%| F|  |TAMS 0x0000000083d00000, 0x0000000083d00000| Untracked 
|  62|0x0000000083e00000, 0x0000000083e00000, 0x0000000083f00000|  0%| F|  |TAMS 0x0000000083e00000, 0x0000000083e00000| Untracked 
|  63|0x0000000083f00000, 0x0000000083f00000, 0x0000000084000000|  0%| F|  |TAMS 0x0000000083f00000, 0x0000000083f00000| Untracked 
|  64|0x0000000084000000, 0x0000000084000000, 0x0000000084100000|  0%| F|  |TAMS 0x0000000084000000, 0x0000000084000000| Untracked 
|  65|0x0000000084100000, 0x0000000084100000, 0x0000000084200000|  0%| F|  |TAMS 0x0000000084100000, 0x0000000084100000| Untracked 
|  66|0x0000000084200000, 0x0000000084200000, 0x0000000084300000|  0%| F|  |TAMS 0x0000000084200000, 0x0000000084200000| Untracked 
|  67|0x0000000084300000, 0x0000000084300000, 0x0000000084400000|  0%| F|  |TAMS 0x0000000084300000, 0x0000000084300000| Untracked 
|  68|0x0000000084400000, 0x0000000084400000, 0x0000000084500000|  0%| F|  |TAMS 0x0000000084400000, 0x0000000084400000| Untracked 
|  69|0x0000000084500000, 0x0000000084500000, 0x0000000084600000|  0%| F|  |TAMS 0x0000000084500000, 0x0000000084500000| Untracked 
|  70|0x0000000084600000, 0x0000000084600000, 0x0000000084700000|  0%| F|  |TAMS 0x0000000084600000, 0x0000000084600000| Untracked 
|  71|0x0000000084700000, 0x0000000084700000, 0x0000000084800000|  0%| F|  |TAMS 0x0000000084700000, 0x0000000084700000| Untracked 
|  72|0x0000000084800000, 0x0000000084800000, 0x0000000084900000|  0%| F|  |TAMS 0x0000000084800000, 0x0000000084800000| Untracked 
|  73|0x0000000084900000, 0x0000000084900000, 0x0000000084a00000|  0%| F|  |TAMS 0x0000000084900000, 0x0000000084900000| Untracked 
|  74|0x0000000084a00000, 0x0000000084a00000, 0x0000000084b00000|  0%| F|  |TAMS 0x0000000084a00000, 0x0000000084a00000| Untracked 
|  75|0x0000000084b00000, 0x0000000084b00000, 0x0000000084c00000|  0%| F|  |TAMS 0x0000000084b00000, 0x0000000084b00000| Untracked 
|  76|0x0000000084c00000, 0x0000000084c00000, 0x0000000084d00000|  0%| F|  |TAMS 0x0000000084c00000, 0x0000000084c00000| Untracked 
|  77|0x0000000084d00000, 0x0000000084d00000, 0x0000000084e00000|  0%| F|  |TAMS 0x0000000084d00000, 0x0000000084d00000| Untracked 
|  78|0x0000000084e00000, 0x0000000084e00000, 0x0000000084f00000|  0%| F|  |TAMS 0x0000000084e00000, 0x0000000084e00000| Untracked 
|  79|0x0000000084f00000, 0x0000000084f88f50, 0x0000000085000000| 53%| S|CS|TAMS 0x0000000084f00000, 0x0000000084f00000| Complete 
|  80|0x0000000085000000, 0x0000000085100000, 0x0000000085100000|100%| S|CS|TAMS 0x0000000085000000, 0x0000000085000000| Complete 
|  81|0x0000000085100000, 0x0000000085200000, 0x0000000085200000|100%| S|CS|TAMS 0x0000000085100000, 0x0000000085100000| Complete 
|  82|0x0000000085200000, 0x0000000085300000, 0x0000000085300000|100%| S|CS|TAMS 0x0000000085200000, 0x0000000085200000| Complete 
|  83|0x0000000085300000, 0x0000000085400000, 0x0000000085400000|100%| S|CS|TAMS 0x0000000085300000, 0x0000000085300000| Complete 
|  84|0x0000000085400000, 0x0000000085500000, 0x0000000085500000|100%| S|CS|TAMS 0x0000000085400000, 0x0000000085400000| Complete 
|  85|0x0000000085500000, 0x0000000085500000, 0x0000000085600000|  0%| F|  |TAMS 0x0000000085500000, 0x0000000085500000| Untracked 
|  86|0x0000000085600000, 0x0000000085600000, 0x0000000085700000|  0%| F|  |TAMS 0x0000000085600000, 0x0000000085600000| Untracked 
|  87|0x0000000085700000, 0x0000000085700000, 0x0000000085800000|  0%| F|  |TAMS 0x0000000085700000, 0x0000000085700000| Untracked 
|  88|0x0000000085800000, 0x0000000085800000, 0x0000000085900000|  0%| F|  |TAMS 0x0000000085800000, 0x0000000085800000| Untracked 
|  89|0x0000000085900000, 0x0000000085900000, 0x0000000085a00000|  0%| F|  |TAMS 0x0000000085900000, 0x0000000085900000| Untracked 
|  90|0x0000000085a00000, 0x0000000085a00000, 0x0000000085b00000|  0%| F|  |TAMS 0x0000000085a00000, 0x0000000085a00000| Untracked 
|  91|0x0000000085b00000, 0x0000000085b00000, 0x0000000085c00000|  0%| F|  |TAMS 0x0000000085b00000, 0x0000000085b00000| Untracked 
|  92|0x0000000085c00000, 0x0000000085c00000, 0x0000000085d00000|  0%| F|  |TAMS 0x0000000085c00000, 0x0000000085c00000| Untracked 
|  93|0x0000000085d00000, 0x0000000085d00000, 0x0000000085e00000|  0%| F|  |TAMS 0x0000000085d00000, 0x0000000085d00000| Untracked 
|  94|0x0000000085e00000, 0x0000000085e00000, 0x0000000085f00000|  0%| F|  |TAMS 0x0000000085e00000, 0x0000000085e00000| Untracked 
|  95|0x0000000085f00000, 0x0000000085f00000, 0x0000000086000000|  0%| F|  |TAMS 0x0000000085f00000, 0x0000000085f00000| Untracked 
|  96|0x0000000086000000, 0x0000000086000000, 0x0000000086100000|  0%| F|  |TAMS 0x0000000086000000, 0x0000000086000000| Untracked 
|  97|0x0000000086100000, 0x0000000086200000, 0x0000000086200000|100%| S|CS|TAMS 0x0000000086100000, 0x0000000086100000| Complete 
|  98|0x0000000086200000, 0x0000000086300000, 0x0000000086300000|100%| S|CS|TAMS 0x0000000086200000, 0x0000000086200000| Complete 
|  99|0x0000000086300000, 0x0000000086400000, 0x0000000086400000|100%| S|CS|TAMS 0x0000000086300000, 0x0000000086300000| Complete 
| 100|0x0000000086400000, 0x0000000086500000, 0x0000000086500000|100%| S|CS|TAMS 0x0000000086400000, 0x0000000086400000| Complete 
| 101|0x0000000086500000, 0x0000000086500000, 0x0000000086600000|  0%| F|  |TAMS 0x0000000086500000, 0x0000000086500000| Untracked 
| 102|0x0000000086600000, 0x0000000086600000, 0x0000000086700000|  0%| F|  |TAMS 0x0000000086600000, 0x0000000086600000| Untracked 
| 103|0x0000000086700000, 0x0000000086700000, 0x0000000086800000|  0%| F|  |TAMS 0x0000000086700000, 0x0000000086700000| Untracked 
| 104|0x0000000086800000, 0x0000000086800000, 0x0000000086900000|  0%| F|  |TAMS 0x0000000086800000, 0x0000000086800000| Untracked 
| 105|0x0000000086900000, 0x0000000086900000, 0x0000000086a00000|  0%| F|  |TAMS 0x0000000086900000, 0x0000000086900000| Untracked 
| 106|0x0000000086a00000, 0x0000000086a00000, 0x0000000086b00000|  0%| F|  |TAMS 0x0000000086a00000, 0x0000000086a00000| Untracked 
| 107|0x0000000086b00000, 0x0000000086b00000, 0x0000000086c00000|  0%| F|  |TAMS 0x0000000086b00000, 0x0000000086b00000| Untracked 
| 108|0x0000000086c00000, 0x0000000086c00000, 0x0000000086d00000|  0%| F|  |TAMS 0x0000000086c00000, 0x0000000086c00000| Untracked 
| 109|0x0000000086d00000, 0x0000000086d00000, 0x0000000086e00000|  0%| F|  |TAMS 0x0000000086d00000, 0x0000000086d00000| Untracked 
| 110|0x0000000086e00000, 0x0000000086e00000, 0x0000000086f00000|  0%| F|  |TAMS 0x0000000086e00000, 0x0000000086e00000| Untracked 
| 111|0x0000000086f00000, 0x0000000086f00000, 0x0000000087000000|  0%| F|  |TAMS 0x0000000086f00000, 0x0000000086f00000| Untracked 
| 112|0x0000000087000000, 0x0000000087000000, 0x0000000087100000|  0%| F|  |TAMS 0x0000000087000000, 0x0000000087000000| Untracked 
| 113|0x0000000087100000, 0x0000000087100000, 0x0000000087200000|  0%| F|  |TAMS 0x0000000087100000, 0x0000000087100000| Untracked 
| 114|0x0000000087200000, 0x0000000087200000, 0x0000000087300000|  0%| F|  |TAMS 0x0000000087200000, 0x0000000087200000| Untracked 
| 115|0x0000000087300000, 0x0000000087300000, 0x0000000087400000|  0%| F|  |TAMS 0x0000000087300000, 0x0000000087300000| Untracked 
| 116|0x0000000087400000, 0x0000000087400000, 0x0000000087500000|  0%| F|  |TAMS 0x0000000087400000, 0x0000000087400000| Untracked 
| 117|0x0000000087500000, 0x0000000087500000, 0x0000000087600000|  0%| F|  |TAMS 0x0000000087500000, 0x0000000087500000| Untracked 
| 118|0x0000000087600000, 0x0000000087600000, 0x0000000087700000|  0%| F|  |TAMS 0x0000000087600000, 0x0000000087600000| Untracked 
| 119|0x0000000087700000, 0x0000000087700000, 0x0000000087800000|  0%| F|  |TAMS 0x0000000087700000, 0x0000000087700000| Untracked 
| 120|0x0000000087800000, 0x0000000087800000, 0x0000000087900000|  0%| F|  |TAMS 0x0000000087800000, 0x0000000087800000| Untracked 
| 121|0x0000000087900000, 0x0000000087900000, 0x0000000087a00000|  0%| F|  |TAMS 0x0000000087900000, 0x0000000087900000| Untracked 
| 122|0x0000000087a00000, 0x0000000087a00000, 0x0000000087b00000|  0%| F|  |TAMS 0x0000000087a00000, 0x0000000087a00000| Untracked 
| 123|0x0000000087b00000, 0x0000000087b00000, 0x0000000087c00000|  0%| F|  |TAMS 0x0000000087b00000, 0x0000000087b00000| Untracked 
| 124|0x0000000087c00000, 0x0000000087c00000, 0x0000000087d00000|  0%| F|  |TAMS 0x0000000087c00000, 0x0000000087c00000| Untracked 
| 125|0x0000000087d00000, 0x0000000087d00000, 0x0000000087e00000|  0%| F|  |TAMS 0x0000000087d00000, 0x0000000087d00000| Untracked 
| 126|0x0000000087e00000, 0x0000000087e00000, 0x0000000087f00000|  0%| F|  |TAMS 0x0000000087e00000, 0x0000000087e00000| Untracked 
| 127|0x0000000087f00000, 0x0000000087f80800, 0x0000000088000000| 50%| E|  |TAMS 0x0000000087f00000, 0x0000000087f00000| Complete 
| 128|0x0000000088000000, 0x0000000088100000, 0x0000000088100000|100%| E|CS|TAMS 0x0000000088000000, 0x0000000088000000| Complete 
| 129|0x0000000088100000, 0x0000000088200000, 0x0000000088200000|100%| E|CS|TAMS 0x0000000088100000, 0x0000000088100000| Complete 
| 130|0x0000000088200000, 0x0000000088300000, 0x0000000088300000|100%| E|CS|TAMS 0x0000000088200000, 0x0000000088200000| Complete 
| 131|0x0000000088300000, 0x0000000088400000, 0x0000000088400000|100%| E|CS|TAMS 0x0000000088300000, 0x0000000088300000| Complete 
| 132|0x0000000088400000, 0x0000000088500000, 0x0000000088500000|100%| E|CS|TAMS 0x0000000088400000, 0x0000000088400000| Complete 
| 133|0x0000000088500000, 0x0000000088600000, 0x0000000088600000|100%| E|CS|TAMS 0x0000000088500000, 0x0000000088500000| Complete 
| 134|0x0000000088600000, 0x0000000088700000, 0x0000000088700000|100%| E|CS|TAMS 0x0000000088600000, 0x0000000088600000| Complete 
| 135|0x0000000088700000, 0x0000000088800000, 0x0000000088800000|100%| E|CS|TAMS 0x0000000088700000, 0x0000000088700000| Complete 
| 136|0x0000000088800000, 0x0000000088900000, 0x0000000088900000|100%| E|CS|TAMS 0x0000000088800000, 0x0000000088800000| Complete 
| 137|0x0000000088900000, 0x0000000088a00000, 0x0000000088a00000|100%| E|CS|TAMS 0x0000000088900000, 0x0000000088900000| Complete 
| 138|0x0000000088a00000, 0x0000000088b00000, 0x0000000088b00000|100%| E|CS|TAMS 0x0000000088a00000, 0x0000000088a00000| Complete 
| 139|0x0000000088b00000, 0x0000000088c00000, 0x0000000088c00000|100%| E|CS|TAMS 0x0000000088b00000, 0x0000000088b00000| Complete 
| 140|0x0000000088c00000, 0x0000000088d00000, 0x0000000088d00000|100%| E|CS|TAMS 0x0000000088c00000, 0x0000000088c00000| Complete 
| 141|0x0000000088d00000, 0x0000000088e00000, 0x0000000088e00000|100%| E|CS|TAMS 0x0000000088d00000, 0x0000000088d00000| Complete 
| 142|0x0000000088e00000, 0x0000000088f00000, 0x0000000088f00000|100%| E|CS|TAMS 0x0000000088e00000, 0x0000000088e00000| Complete 
| 143|0x0000000088f00000, 0x0000000089000000, 0x0000000089000000|100%| E|CS|TAMS 0x0000000088f00000, 0x0000000088f00000| Complete 
| 144|0x0000000089000000, 0x0000000089100000, 0x0000000089100000|100%| E|CS|TAMS 0x0000000089000000, 0x0000000089000000| Complete 
| 145|0x0000000089100000, 0x0000000089200000, 0x0000000089200000|100%| E|CS|TAMS 0x0000000089100000, 0x0000000089100000| Complete 
| 146|0x0000000089200000, 0x0000000089300000, 0x0000000089300000|100%| E|CS|TAMS 0x0000000089200000, 0x0000000089200000| Complete 
| 147|0x0000000089300000, 0x0000000089400000, 0x0000000089400000|100%| E|CS|TAMS 0x0000000089300000, 0x0000000089300000| Complete 
| 148|0x0000000089400000, 0x0000000089500000, 0x0000000089500000|100%| E|CS|TAMS 0x0000000089400000, 0x0000000089400000| Complete 
| 149|0x0000000089500000, 0x0000000089600000, 0x0000000089600000|100%| E|CS|TAMS 0x0000000089500000, 0x0000000089500000| Complete 
| 150|0x0000000089600000, 0x0000000089700000, 0x0000000089700000|100%| E|CS|TAMS 0x0000000089600000, 0x0000000089600000| Complete 
| 151|0x0000000089700000, 0x0000000089800000, 0x0000000089800000|100%| E|CS|TAMS 0x0000000089700000, 0x0000000089700000| Complete 
| 152|0x0000000089800000, 0x0000000089900000, 0x0000000089900000|100%| E|CS|TAMS 0x0000000089800000, 0x0000000089800000| Complete 
| 153|0x0000000089900000, 0x0000000089a00000, 0x0000000089a00000|100%| E|CS|TAMS 0x0000000089900000, 0x0000000089900000| Complete 
| 154|0x0000000089a00000, 0x0000000089b00000, 0x0000000089b00000|100%| E|CS|TAMS 0x0000000089a00000, 0x0000000089a00000| Complete 
| 155|0x0000000089b00000, 0x0000000089c00000, 0x0000000089c00000|100%| E|CS|TAMS 0x0000000089b00000, 0x0000000089b00000| Complete 
| 156|0x0000000089c00000, 0x0000000089d00000, 0x0000000089d00000|100%| E|CS|TAMS 0x0000000089c00000, 0x0000000089c00000| Complete 
| 157|0x0000000089d00000, 0x0000000089e00000, 0x0000000089e00000|100%| E|CS|TAMS 0x0000000089d00000, 0x0000000089d00000| Complete 
| 158|0x0000000089e00000, 0x0000000089f00000, 0x0000000089f00000|100%| E|CS|TAMS 0x0000000089e00000, 0x0000000089e00000| Complete 
| 159|0x0000000089f00000, 0x000000008a000000, 0x000000008a000000|100%| E|CS|TAMS 0x0000000089f00000, 0x0000000089f00000| Complete 
| 160|0x000000008a000000, 0x000000008a100000, 0x000000008a100000|100%| E|CS|TAMS 0x000000008a000000, 0x000000008a000000| Complete 
| 161|0x000000008a100000, 0x000000008a200000, 0x000000008a200000|100%| E|CS|TAMS 0x000000008a100000, 0x000000008a100000| Complete 
| 162|0x000000008a200000, 0x000000008a300000, 0x000000008a300000|100%| E|CS|TAMS 0x000000008a200000, 0x000000008a200000| Complete 
| 163|0x000000008a300000, 0x000000008a400000, 0x000000008a400000|100%| E|CS|TAMS 0x000000008a300000, 0x000000008a300000| Complete 
| 164|0x000000008a400000, 0x000000008a500000, 0x000000008a500000|100%| E|CS|TAMS 0x000000008a400000, 0x000000008a400000| Complete 
| 165|0x000000008a500000, 0x000000008a600000, 0x000000008a600000|100%| E|CS|TAMS 0x000000008a500000, 0x000000008a500000| Complete 
| 166|0x000000008a600000, 0x000000008a700000, 0x000000008a700000|100%| E|CS|TAMS 0x000000008a600000, 0x000000008a600000| Complete 
| 167|0x000000008a700000, 0x000000008a800000, 0x000000008a800000|100%| E|CS|TAMS 0x000000008a700000, 0x000000008a700000| Complete 
| 168|0x000000008a800000, 0x000000008a900000, 0x000000008a900000|100%| E|CS|TAMS 0x000000008a800000, 0x000000008a800000| Complete 
| 169|0x000000008a900000, 0x000000008aa00000, 0x000000008aa00000|100%| E|CS|TAMS 0x000000008a900000, 0x000000008a900000| Complete 
| 170|0x000000008aa00000, 0x000000008ab00000, 0x000000008ab00000|100%| E|CS|TAMS 0x000000008aa00000, 0x000000008aa00000| Complete 
| 171|0x000000008ab00000, 0x000000008ac00000, 0x000000008ac00000|100%| E|CS|TAMS 0x000000008ab00000, 0x000000008ab00000| Complete 
| 172|0x000000008ac00000, 0x000000008ad00000, 0x000000008ad00000|100%| E|CS|TAMS 0x000000008ac00000, 0x000000008ac00000| Complete 
| 173|0x000000008ad00000, 0x000000008ae00000, 0x000000008ae00000|100%| E|CS|TAMS 0x000000008ad00000, 0x000000008ad00000| Complete 
| 174|0x000000008ae00000, 0x000000008af00000, 0x000000008af00000|100%| E|CS|TAMS 0x000000008ae00000, 0x000000008ae00000| Complete 
| 175|0x000000008af00000, 0x000000008b000000, 0x000000008b000000|100%| E|CS|TAMS 0x000000008af00000, 0x000000008af00000| Complete 
| 176|0x000000008b000000, 0x000000008b100000, 0x000000008b100000|100%| E|CS|TAMS 0x000000008b000000, 0x000000008b000000| Complete 
| 177|0x000000008b100000, 0x000000008b200000, 0x000000008b200000|100%| E|CS|TAMS 0x000000008b100000, 0x000000008b100000| Complete 
| 178|0x000000008b200000, 0x000000008b300000, 0x000000008b300000|100%| E|CS|TAMS 0x000000008b200000, 0x000000008b200000| Complete 
| 179|0x000000008b300000, 0x000000008b400000, 0x000000008b400000|100%| E|CS|TAMS 0x000000008b300000, 0x000000008b300000| Complete 
| 180|0x000000008b400000, 0x000000008b500000, 0x000000008b500000|100%| E|CS|TAMS 0x000000008b400000, 0x000000008b400000| Complete 
| 181|0x000000008b500000, 0x000000008b600000, 0x000000008b600000|100%| E|CS|TAMS 0x000000008b500000, 0x000000008b500000| Complete 
| 182|0x000000008b600000, 0x000000008b700000, 0x000000008b700000|100%| E|CS|TAMS 0x000000008b600000, 0x000000008b600000| Complete 
| 183|0x000000008b700000, 0x000000008b800000, 0x000000008b800000|100%| E|CS|TAMS 0x000000008b700000, 0x000000008b700000| Complete 
| 184|0x000000008b800000, 0x000000008b900000, 0x000000008b900000|100%| E|CS|TAMS 0x000000008b800000, 0x000000008b800000| Complete 
| 185|0x000000008b900000, 0x000000008ba00000, 0x000000008ba00000|100%| E|CS|TAMS 0x000000008b900000, 0x000000008b900000| Complete 
| 186|0x000000008ba00000, 0x000000008bb00000, 0x000000008bb00000|100%| E|CS|TAMS 0x000000008ba00000, 0x000000008ba00000| Complete 
| 187|0x000000008bb00000, 0x000000008bc00000, 0x000000008bc00000|100%| E|CS|TAMS 0x000000008bb00000, 0x000000008bb00000| Complete 
| 188|0x000000008bc00000, 0x000000008bd00000, 0x000000008bd00000|100%| E|CS|TAMS 0x000000008bc00000, 0x000000008bc00000| Complete 
| 189|0x000000008bd00000, 0x000000008be00000, 0x000000008be00000|100%| E|CS|TAMS 0x000000008bd00000, 0x000000008bd00000| Complete 
| 190|0x000000008be00000, 0x000000008bf00000, 0x000000008bf00000|100%| E|CS|TAMS 0x000000008be00000, 0x000000008be00000| Complete 
| 191|0x000000008bf00000, 0x000000008c000000, 0x000000008c000000|100%| E|CS|TAMS 0x000000008bf00000, 0x000000008bf00000| Complete 

Card table byte_map: [0x000002707eaf0000,0x000002707eef0000] _byte_map_base: 0x000002707e6f0000

Marking Bits (Prev, Next): (CMBitMap*) 0x00000270741a2800, (CMBitMap*) 0x00000270741a27c8
 Prev Bits: [0x0000027011000000, 0x0000027013000000)
 Next Bits: [0x000002700f000000, 0x0000027011000000)

Polling page: 0x0000027073f50000

Metaspace:

Usage:
  Non-class:     48.55 MB capacity,    47.64 MB ( 98%) used,   753.44 KB (  2%) free+waste,   169.56 KB ( <1%) overhead. 
      Class:      7.62 MB capacity,     7.01 MB ( 92%) used,   543.65 KB (  7%) free+waste,    83.00 KB (  1%) overhead. 
       Both:     56.17 MB capacity,    54.66 MB ( 97%) used,     1.27 MB (  2%) free+waste,   252.56 KB ( <1%) overhead. 

Virtual space:
  Non-class space:       50.00 MB reserved,      48.58 MB ( 97%) committed 
      Class space:      504.00 MB reserved,       7.63 MB (  2%) committed 
             Both:      554.00 MB reserved,      56.20 MB ( 10%) committed 

Chunk freelists:
   Non-Class:  33.00 KB
       Class:  1.00 KB
        Both:  34.00 KB

MaxMetaspaceSize: 512.00 MB
CompressedClassSpaceSize: 504.00 MB
Initial GC threshold: 20.80 MB
Current GC threshold: 72.42 MB
CDS: off

CodeHeap 'non-profiled nmethods': size=120064Kb used=3247Kb max_used=3247Kb free=116816Kb
 bounds [0x0000027007ac0000, 0x0000027007df0000, 0x000002700f000000]
CodeHeap 'profiled nmethods': size=120000Kb used=11232Kb max_used=11232Kb free=108767Kb
 bounds [0x0000027000590000, 0x0000027001090000, 0x0000027007ac0000]
CodeHeap 'non-nmethods': size=5696Kb used=2319Kb max_used=2349Kb free=3376Kb
 bounds [0x0000027000000000, 0x0000027000270000, 0x0000027000590000]
 total_blobs=6163 nmethods=5332 adapters=743
 compilation: enabled
              stopped_count=0, restarted_count=0
 full_count=0

Compilation events (20 events):
Event: 160.265 Thread 0x000002707f96e800 5349   !   3       org.gradle.internal.instantiation.generator.DependencyInjectingInstantiator::doCreate (64 bytes)
Event: 160.265 Thread 0x000002707f96e800 nmethod 5349 0x0000027001081b90 code [0x0000027001081de0, 0x0000027001082658]
Event: 160.265 Thread 0x000002707f96e800 5350       3       org.gradle.internal.instantiation.generator.AsmBackedClassGenerator$ObjectCreationDetails::<init> (26 bytes)
Event: 160.265 Thread 0x000002707f96e800 nmethod 5350 0x0000027001082b90 code [0x0000027001082d60, 0x0000027001083038]
Event: 160.265 Thread 0x000002707f96e800 5351       3       org.gradle.internal.instantiation.generator.AbstractClassGenerator$GeneratedClassImpl$GeneratedConstructorImpl$$Lambda$133/0x000000010025f840::<init> (32 bytes)
Event: 160.266 Thread 0x000002707f96e800 nmethod 5351 0x0000027001083110 code [0x00000270010832e0, 0x0000027001083618]
Event: 160.266 Thread 0x000002707f96e800 5352   !   3       org.gradle.internal.deprecation.DeprecationLogger::whileDisabledThrowing (45 bytes)
Event: 160.266 Thread 0x000002707f96e800 nmethod 5352 0x0000027001083710 code [0x0000027001083a20, 0x0000027001084e48]
Event: 160.266 Thread 0x000002707f96e800 5353       3       org.gradle.internal.deprecation.DeprecationLogger::toUncheckedThrowingFactory (9 bytes)
Event: 160.267 Thread 0x000002707f96e800 nmethod 5353 0x0000027001085590 code [0x0000027001085760, 0x00000270010859b8]
Event: 160.267 Thread 0x000002707f96e800 5354       3       org.gradle.internal.deprecation.DeprecationLogger$4::<init> (10 bytes)
Event: 160.267 Thread 0x000002707f96e800 nmethod 5354 0x0000027001085a90 code [0x0000027001085c40, 0x0000027001085df8]
Event: 160.282 Thread 0x000002707f96e800 5355   !   3       org.gradle.internal.logging.sink.OutputEventRenderer::onOutput (101 bytes)
Event: 160.283 Thread 0x000002707f96e800 nmethod 5355 0x0000027001085f10 code [0x0000027001086180, 0x0000027001086f38]
Event: 160.284 Thread 0x000002707f96e800 5356       3       java.util.concurrent.atomic.AtomicLong::getAndIncrement (12 bytes)
Event: 160.284 Thread 0x000002707f96e800 nmethod 5356 0x0000027001087210 code [0x00000270010873c0, 0x00000270010874d8]
Event: 160.284 Thread 0x000002707f96e800 5357       3       org.gradle.internal.logging.sink.OutputEventListenerManager$1::onOutput (33 bytes)
Event: 160.284 Thread 0x000002707f96e800 nmethod 5357 0x0000027001087590 code [0x0000027001087760, 0x0000027001087a58]
Event: 160.284 Thread 0x000002707f96e800 5358       3       org.gradle.internal.operations.CurrentBuildOperationRef::get (11 bytes)
Event: 160.284 Thread 0x000002707f96e800 nmethod 5358 0x0000027001087c10 code [0x0000027001087de0, 0x0000027001088088]

GC Heap History (14 events):
Event: 19.995 GC heap before
{Heap before GC invocations=0 (full 0):
 garbage-first heap   total 196608K, used 13312K [0x0000000080000000, 0x0000000100000000)
  region size 1024K, 14 young (14336K), 0 survivors (0K)
 Metaspace       used 6810K, capacity 6985K, committed 7168K, reserved 524288K
  class space    used 575K, capacity 650K, committed 768K, reserved 516096K
}
Event: 21.335 GC heap after
{Heap after GC invocations=1 (full 0):
 garbage-first heap   total 196608K, used 3856K [0x0000000080000000, 0x0000000100000000)
  region size 1024K, 2 young (2048K), 2 survivors (2048K)
 Metaspace       used 6810K, capacity 6985K, committed 7168K, reserved 524288K
  class space    used 575K, capacity 650K, committed 768K, reserved 516096K
}
Event: 39.627 GC heap before
{Heap before GC invocations=1 (full 0):
 garbage-first heap   total 196608K, used 110352K [0x0000000080000000, 0x0000000100000000)
  region size 1024K, 103 young (105472K), 2 survivors (2048K)
 Metaspace       used 20772K, capacity 21182K, committed 21296K, reserved 536576K
  class space    used 2481K, capacity 2650K, committed 2688K, reserved 516096K
}
Event: 39.635 GC heap after
{Heap after GC invocations=2 (full 0):
 garbage-first heap   total 196608K, used 18065K [0x0000000080000000, 0x0000000100000000)
  region size 1024K, 12 young (12288K), 12 survivors (12288K)
 Metaspace       used 20772K, capacity 21182K, committed 21296K, reserved 536576K
  class space    used 2481K, capacity 2650K, committed 2688K, reserved 516096K
}
Event: 43.876 GC heap before
{Heap before GC invocations=3 (full 0):
 garbage-first heap   total 196608K, used 65169K [0x0000000080000000, 0x0000000100000000)
  region size 1024K, 59 young (60416K), 12 survivors (12288K)
 Metaspace       used 25185K, capacity 25749K, committed 25904K, reserved 538624K
  class space    used 3188K, capacity 3387K, committed 3456K, reserved 516096K
}
Event: 43.886 GC heap after
{Heap after GC invocations=4 (full 0):
 garbage-first heap   total 196608K, used 19541K [0x0000000080000000, 0x0000000100000000)
  region size 1024K, 2 young (2048K), 2 survivors (2048K)
 Metaspace       used 25185K, capacity 25749K, committed 25904K, reserved 538624K
  class space    used 3188K, capacity 3387K, committed 3456K, reserved 516096K
}
Event: 50.450 GC heap before
{Heap before GC invocations=4 (full 0):
 garbage-first heap   total 196608K, used 89173K [0x0000000080000000, 0x0000000100000000)
  region size 1024K, 70 young (71680K), 2 survivors (2048K)
 Metaspace       used 32804K, capacity 33585K, committed 33840K, reserved 546816K
  class space    used 4323K, capacity 4622K, committed 4736K, reserved 516096K
}
Event: 50.454 GC heap after
{Heap after GC invocations=5 (full 0):
 garbage-first heap   total 196608K, used 21969K [0x0000000080000000, 0x0000000100000000)
  region size 1024K, 5 young (5120K), 5 survivors (5120K)
 Metaspace       used 32804K, capacity 33585K, committed 33840K, reserved 546816K
  class space    used 4323K, capacity 4622K, committed 4736K, reserved 516096K
}
Event: 51.550 GC heap before
{Heap before GC invocations=5 (full 0):
 garbage-first heap   total 196608K, used 28113K [0x0000000080000000, 0x0000000100000000)
  region size 1024K, 12 young (12288K), 5 survivors (5120K)
 Metaspace       used 34970K, capacity 35826K, committed 35920K, reserved 548864K
  class space    used 4463K, capacity 4815K, committed 4864K, reserved 516096K
}
Event: 51.558 GC heap after
{Heap after GC invocations=6 (full 0):
 garbage-first heap   total 196608K, used 23359K [0x0000000080000000, 0x0000000100000000)
  region size 1024K, 6 young (6144K), 6 survivors (6144K)
 Metaspace       used 34970K, capacity 35826K, committed 35920K, reserved 548864K
  class space    used 4463K, capacity 4815K, committed 4864K, reserved 516096K
}
Event: 126.813 GC heap before
{Heap before GC invocations=7 (full 0):
 garbage-first heap   total 196608K, used 116543K [0x0000000080000000, 0x0000000100000000)
  region size 1024K, 95 young (97280K), 6 survivors (6144K)
 Metaspace       used 42997K, capacity 44179K, committed 44496K, reserved 555008K
  class space    used 5442K, capacity 5921K, committed 6016K, reserved 516096K
}
Event: 126.839 GC heap after
{Heap after GC invocations=8 (full 0):
 garbage-first heap   total 196608K, used 30253K [0x0000000080000000, 0x0000000100000000)
  region size 1024K, 12 young (12288K), 12 survivors (12288K)
 Metaspace       used 42997K, capacity 44179K, committed 44496K, reserved 555008K
  class space    used 5442K, capacity 5921K, committed 6016K, reserved 516096K
}
Event: 145.475 GC heap before
{Heap before GC invocations=9 (full 0):
 garbage-first heap   total 196608K, used 123437K [0x0000000080000000, 0x0000000100000000)
  region size 1024K, 103 young (105472K), 12 survivors (12288K)
 Metaspace       used 49948K, capacity 51371K, committed 51664K, reserved 561152K
  class space    used 6398K, capacity 6974K, committed 7040K, reserved 516096K
}
Event: 145.491 GC heap after
{Heap after GC invocations=10 (full 0):
 garbage-first heap   total 196608K, used 32993K [0x0000000080000000, 0x0000000100000000)
  region size 1024K, 10 young (10240K), 10 survivors (10240K)
 Metaspace       used 49948K, capacity 51371K, committed 51664K, reserved 561152K
  class space    used 6398K, capacity 6974K, committed 7040K, reserved 516096K
}

Deoptimization events (20 events):
Event: 159.138 Thread 0x00000270175c7000 DEOPT PACKING pc=0x0000027007bc8d64 sp=0x000000c2bf5f79e0
Event: 159.138 Thread 0x00000270175c7000 DEOPT UNPACKING pc=0x000002700004a1af sp=0x000000c2bf5f7938 mode 2
Event: 159.145 Thread 0x00000270175c7000 Uncommon trap: trap_request=0xffffff45 fr.pc=0x0000027007d3e304 relative=0x0000000000000ce4
Event: 159.145 Thread 0x00000270175c7000 Uncommon trap: reason=unstable_fused_if action=reinterpret pc=0x0000027007d3e304 method=org.objectweb.asm.ByteVector.putUTF8(Ljava/lang/String;)Lorg/objectweb/asm/ByteVector; @ 93 c2
Event: 159.145 Thread 0x00000270175c7000 DEOPT PACKING pc=0x0000027007d3e304 sp=0x000000c2bf5f6b90
Event: 159.145 Thread 0x00000270175c7000 DEOPT UNPACKING pc=0x000002700004a1af sp=0x000000c2bf5f6ae8 mode 2
Event: 159.147 Thread 0x00000270175c7000 Uncommon trap: trap_request=0xffffff4d fr.pc=0x0000027007d20390 relative=0x0000000000005890
Event: 159.147 Thread 0x00000270175c7000 Uncommon trap: reason=unstable_if action=reinterpret pc=0x0000027007d20390 method=org.objectweb.asm.Frame.execute(IILorg/objectweb/asm/Symbol;Lorg/objectweb/asm/SymbolTable;)V @ 1 c2
Event: 159.147 Thread 0x00000270175c7000 DEOPT PACKING pc=0x0000027007d20390 sp=0x000000c2bf5f69c0
Event: 159.147 Thread 0x00000270175c7000 DEOPT UNPACKING pc=0x000002700004a1af sp=0x000000c2bf5f6968 mode 2
Event: 159.396 Thread 0x00000270175c7000 Uncommon trap: trap_request=0xffffff45 fr.pc=0x0000027007c2876c relative=0x000000000000020c
Event: 159.396 Thread 0x00000270175c7000 Uncommon trap: reason=unstable_fused_if action=reinterpret pc=0x0000027007c2876c method=org.objectweb.asm.ByteVector.putUTF8(Ljava/lang/String;)Lorg/objectweb/asm/ByteVector; @ 93 c2
Event: 159.396 Thread 0x00000270175c7000 DEOPT PACKING pc=0x0000027007c2876c sp=0x000000c2bf5f6d90
Event: 159.396 Thread 0x00000270175c7000 DEOPT UNPACKING pc=0x000002700004a1af sp=0x000000c2bf5f6d10 mode 2
Event: 159.415 Thread 0x00000270175c7000 Uncommon trap: trap_request=0xffffff4d fr.pc=0x0000027007d70264 relative=0x0000000000000464
Event: 159.415 Thread 0x00000270175c7000 Uncommon trap: reason=unstable_if action=reinterpret pc=0x0000027007d70264 method=org.gradle.internal.service.DefaultServiceRegistry$OwnServices.getService(Ljava/lang/reflect/Type;)Lorg/gradle/internal/service/Service; @ 27 c2
Event: 159.415 Thread 0x00000270175c7000 DEOPT PACKING pc=0x0000027007d70264 sp=0x000000c2bf5f7130
Event: 159.415 Thread 0x00000270175c7000 DEOPT UNPACKING pc=0x000002700004a1af sp=0x000000c2bf5f7098 mode 2
Event: 159.975 Thread 0x00000270175c7000 DEOPT PACKING pc=0x0000027000cdbff4 sp=0x000000c2bf5f50c0
Event: 159.975 Thread 0x00000270175c7000 DEOPT UNPACKING pc=0x000002700004a95e sp=0x000000c2bf5f4660 mode 0

Classes redefined (0 events):
No events

Internal exceptions (20 events):
Event: 147.907 Thread 0x00000270175c7000 Exception <a 'java/lang/NoSuchMethodError'{0x000000008acd5540}: 'java.lang.Object java.lang.invoke.Invokers$Holder.linkToTargetMethod(java.lang.Object, int, java.lang.Object)'> (0x000000008acd5540) thrown at [./src/hotspot/share/interpreter/linkResolver.cpp, line 773]
Event: 155.533 Thread 0x00000270175c7000 Exception <a 'java/lang/ClassNotFoundException'{0x0000000089b9f458}: org/gradle/api/internal/project/DefaultProject_DecoratedBeanInfo> (0x0000000089b9f458) thrown at [./src/hotspot/share/classfile/systemDictionary.cpp, line 230]
Event: 155.533 Thread 0x00000270175c7000 Exception <a 'java/lang/ClassNotFoundException'{0x0000000089bcd398}: org/gradle/api/internal/project/DefaultProjectBeanInfo> (0x0000000089bcd398) thrown at [./src/hotspot/share/classfile/systemDictionary.cpp, line 230]
Event: 155.534 Thread 0x00000270175c7000 Exception <a 'java/lang/ClassNotFoundException'{0x0000000089bfb188}: org/gradle/api/internal/project/DefaultProjectCustomizer> (0x0000000089bfb188) thrown at [./src/hotspot/share/classfile/systemDictionary.cpp, line 230]
Event: 155.539 Thread 0x00000270175c7000 Exception <a 'java/lang/ClassNotFoundException'{0x0000000089ac4658}: org/gradle/api/internal/project/DefaultProject_DecoratedCustomizer> (0x0000000089ac4658) thrown at [./src/hotspot/share/classfile/systemDictionary.cpp, line 230]
Event: 156.821 Thread 0x00000270175c7000 Exception <a 'java/lang/IncompatibleClassChangeError'{0x0000000089891718}: Found class java.lang.Object, but interface was expected> (0x0000000089891718) thrown at [./src/hotspot/share/interpreter/linkResolver.cpp, line 839]
Event: 157.038 Thread 0x00000270175c7000 Exception <a 'java/lang/ClassNotFoundException'{0x0000000089668bd0}: org/gradle/api/internal/project/DefaultAntBuilderBeanInfo> (0x0000000089668bd0) thrown at [./src/hotspot/share/classfile/systemDictionary.cpp, line 230]
Event: 157.039 Thread 0x00000270175c7000 Exception <a 'java/lang/ClassNotFoundException'{0x000000008969a8c8}: org/gradle/api/internal/project/ant/BasicAntBuilderBeanInfo> (0x000000008969a8c8) thrown at [./src/hotspot/share/classfile/systemDictionary.cpp, line 230]
Event: 157.040 Thread 0x00000270175c7000 Exception <a 'java/lang/ClassNotFoundException'{0x00000000896c3728}: org/gradle/api/AntBuilderBeanInfo> (0x00000000896c3728) thrown at [./src/hotspot/share/classfile/systemDictionary.cpp, line 230]
Event: 157.043 Thread 0x00000270175c7000 Exception <a 'java/lang/ClassNotFoundException'{0x00000000896ee710}: groovy/ant/AntBuilderBeanInfo> (0x00000000896ee710) thrown at [./src/hotspot/share/classfile/systemDictionary.cpp, line 230]
Event: 157.044 Thread 0x00000270175c7000 Exception <a 'java/lang/ClassNotFoundException'{0x000000008956a4a8}: groovy/util/BuilderSupportBeanInfo> (0x000000008956a4a8) thrown at [./src/hotspot/share/classfile/systemDictionary.cpp, line 230]
Event: 157.045 Thread 0x00000270175c7000 Exception <a 'java/lang/ClassNotFoundException'{0x00000000895e6e50}: groovy/util/BuilderSupportCustomizer> (0x00000000895e6e50) thrown at [./src/hotspot/share/classfile/systemDictionary.cpp, line 230]
Event: 157.047 Thread 0x00000270175c7000 Exception <a 'java/lang/ClassNotFoundException'{0x0000000089414a28}: groovy/ant/AntBuilderCustomizer> (0x0000000089414a28) thrown at [./src/hotspot/share/classfile/systemDictionary.cpp, line 230]
Event: 157.049 Thread 0x00000270175c7000 Exception <a 'java/lang/ClassNotFoundException'{0x0000000089444120}: org/gradle/api/AntBuilderCustomizer> (0x0000000089444120) thrown at [./src/hotspot/share/classfile/systemDictionary.cpp, line 230]
Event: 157.051 Thread 0x00000270175c7000 Exception <a 'java/lang/ClassNotFoundException'{0x0000000089480a98}: org/gradle/api/internal/project/ant/BasicAntBuilderCustomizer> (0x0000000089480a98) thrown at [./src/hotspot/share/classfile/systemDictionary.cpp, line 230]
Event: 157.313 Thread 0x00000270175c7000 Exception <a 'java/lang/ClassNotFoundException'{0x00000000894c4008}: org/gradle/api/internal/project/DefaultAntBuilderCustomizer> (0x00000000894c4008) thrown at [./src/hotspot/share/classfile/systemDictionary.cpp, line 230]
Event: 157.731 Thread 0x00000270175c7000 Exception <a 'java/lang/IncompatibleClassChangeError'{0x00000000892713a0}: Found class java.lang.Object, but interface was expected> (0x00000000892713a0) thrown at [./src/hotspot/share/interpreter/linkResolver.cpp, line 839]
Event: 157.806 Thread 0x00000270175c7000 Implicit null exception at 0x0000027007dd9dcc to 0x0000027007dda20c
Event: 159.153 Thread 0x00000270175c7000 Exception <a 'java/lang/NoSuchMethodError'{0x0000000088cd2268}: 'java.lang.Object java.lang.invoke.DirectMethodHandle$Holder.invokeSpecial(java.lang.Object, java.lang.Object, java.lang.Object, java.lang.Object, java.lang.Object, int)'> (0x0000000088cd2268) thrown at [./src/hotspot/share/interpreter/linkResolver.cpp, line 773]
Event: 159.153 Thread 0x00000270175c7000 Exception <a 'java/lang/NoSuchMethodError'{0x0000000088cd66f8}: 'java.lang.Object java.lang.invoke.Invokers$Holder.linkToTargetMethod(java.lang.Object, java.lang.Object, java.lang.Object, int, java.lang.Object)'> (0x0000000088cd66f8) thrown at [./src/hotspot/share/interpreter/linkResolver.cpp, line 773]

Events (20 events):
Event: 160.281 loading class org/gradle/api/internal/ExecuteDomainObjectCollectionCallbackBuildOperationType$Details
Event: 160.281 loading class org/gradle/api/internal/ExecuteDomainObjectCollectionCallbackBuildOperationType$Details done
Event: 160.281 loading class org/gradle/api/internal/ExecuteDomainObjectCollectionCallbackBuildOperationType
Event: 160.281 loading class org/gradle/api/internal/ExecuteDomainObjectCollectionCallbackBuildOperationType done
Event: 160.281 loading class org/gradle/api/internal/ExecuteDomainObjectCollectionCallbackBuildOperationType$Result
Event: 160.281 loading class org/gradle/api/internal/ExecuteDomainObjectCollectionCallbackBuildOperationType$Result done
Event: 160.281 loading class org/gradle/api/internal/ExecuteDomainObjectCollectionCallbackBuildOperationType$1
Event: 160.281 loading class org/gradle/api/internal/ExecuteDomainObjectCollectionCallbackBuildOperationType$1 done
Event: 160.282 loading class org/gradle/api/artifacts/Configuration
Event: 160.282 loading class org/gradle/api/artifacts/Configuration done
Event: 160.282 loading class org/gradle/api/artifacts/PublishArtifact
Event: 160.282 loading class org/gradle/api/artifacts/PublishArtifact done
Event: 160.282 loading class org/gradle/api/artifacts/Configuration
Event: 160.282 loading class org/gradle/api/artifacts/Configuration done
Event: 160.284 loading class org/gradle/api/Task
Event: 160.284 loading class org/gradle/api/Task done
Event: 160.284 loading class org/gradle/api/Task
Event: 160.284 loading class org/gradle/api/Task done
Event: 160.284 loading class org/gradle/api/Action
Event: 160.284 loading class org/gradle/api/Action done


Dynamic libraries:
0x00007ff649ea0000 - 0x00007ff649ead000 	C:\Program Files\Microsoft\jdk-11.0.18.10-hotspot\bin\java.exe
0x00007ffc80930000 - 0x00007ffc80b27000 	C:\Windows\SYSTEM32\ntdll.dll
0x00007ffc80740000 - 0x00007ffc807fd000 	C:\Windows\System32\KERNEL32.DLL
0x00007ffc7e5b0000 - 0x00007ffc7e8a6000 	C:\Windows\System32\KERNELBASE.dll
0x00007ffc7e010000 - 0x00007ffc7e110000 	C:\Windows\System32\ucrtbase.dll
0x00007ffc5a470000 - 0x00007ffc5a487000 	C:\Program Files\Microsoft\jdk-11.0.18.10-hotspot\bin\jli.dll
0x00007ffc804d0000 - 0x00007ffc8066e000 	C:\Windows\System32\USER32.dll
0x00007ffc7e960000 - 0x00007ffc7e982000 	C:\Windows\System32\win32u.dll
0x00007ffc7f2b0000 - 0x00007ffc7f2dc000 	C:\Windows\System32\GDI32.dll
0x00007ffc7e2a0000 - 0x00007ffc7e3ba000 	C:\Windows\System32\gdi32full.dll
0x00007ffc7e510000 - 0x00007ffc7e5ad000 	C:\Windows\System32\msvcp_win.dll
0x00007ffc61080000 - 0x00007ffc61095000 	C:\Program Files\Microsoft\jdk-11.0.18.10-hotspot\bin\VCRUNTIME140.dll
0x00007ffc6e390000 - 0x00007ffc6e62a000 	C:\Windows\WinSxS\amd64_microsoft.windows.common-controls_6595b64144ccf1df_6.0.19041.3570_none_60bb2a3971f3e41a\COMCTL32.dll
0x00007ffc803b0000 - 0x00007ffc8044e000 	C:\Windows\System32\msvcrt.dll
0x00007ffc802d0000 - 0x00007ffc80300000 	C:\Windows\System32\IMM32.DLL
0x00007ffc50150000 - 0x00007ffc501eb000 	C:\Program Files\Microsoft\jdk-11.0.18.10-hotspot\bin\msvcp140.dll
0x00007ffc4f5b0000 - 0x00007ffc50142000 	C:\Program Files\Microsoft\jdk-11.0.18.10-hotspot\bin\server\jvm.dll
0x00007ffc7f200000 - 0x00007ffc7f2ae000 	C:\Windows\System32\ADVAPI32.dll
0x00007ffc7f160000 - 0x00007ffc7f1fc000 	C:\Windows\System32\sechost.dll
0x00007ffc7eee0000 - 0x00007ffc7f006000 	C:\Windows\System32\RPCRT4.dll
0x00007ffc804b0000 - 0x00007ffc804b8000 	C:\Windows\System32\PSAPI.DLL
0x00007ffc77cf0000 - 0x00007ffc77cf9000 	C:\Windows\SYSTEM32\WSOCK32.dll
0x00007ffc80880000 - 0x00007ffc808eb000 	C:\Windows\System32\WS2_32.dll
0x00007ffc74200000 - 0x00007ffc74227000 	C:\Windows\SYSTEM32\WINMM.dll
0x00007ffc70d00000 - 0x00007ffc70d0a000 	C:\Windows\SYSTEM32\VERSION.dll
0x00007ffc7bed0000 - 0x00007ffc7bee2000 	C:\Windows\SYSTEM32\kernel.appcore.dll
0x00007ffc5e640000 - 0x00007ffc5e650000 	C:\Program Files\Microsoft\jdk-11.0.18.10-hotspot\bin\verify.dll
0x00007ffc6f2b0000 - 0x00007ffc6f494000 	C:\Windows\SYSTEM32\DBGHELP.DLL
0x00007ffc6f5a0000 - 0x00007ffc6f5d4000 	C:\Windows\SYSTEM32\dbgcore.DLL
0x00007ffc7e410000 - 0x00007ffc7e492000 	C:\Windows\System32\bcryptPrimitives.dll
0x00007ffc59790000 - 0x00007ffc597b8000 	C:\Program Files\Microsoft\jdk-11.0.18.10-hotspot\bin\java.dll
0x00007ffc5beb0000 - 0x00007ffc5beba000 	C:\Program Files\Microsoft\jdk-11.0.18.10-hotspot\bin\jimage.dll
0x00007ffc59770000 - 0x00007ffc59788000 	C:\Program Files\Microsoft\jdk-11.0.18.10-hotspot\bin\zip.dll
0x00007ffc7f2e0000 - 0x00007ffc7fa24000 	C:\Windows\System32\SHELL32.dll
0x00007ffc7c0d0000 - 0x00007ffc7c86b000 	C:\Windows\SYSTEM32\windows.storage.dll
0x00007ffc7fa30000 - 0x00007ffc7fd84000 	C:\Windows\System32\combase.dll
0x00007ffc7d980000 - 0x00007ffc7d9ad000 	C:\Windows\SYSTEM32\Wldp.dll
0x00007ffc80300000 - 0x00007ffc803ad000 	C:\Windows\System32\SHCORE.dll
0x00007ffc7f100000 - 0x00007ffc7f155000 	C:\Windows\System32\shlwapi.dll
0x00007ffc7df40000 - 0x00007ffc7df65000 	C:\Windows\SYSTEM32\profapi.dll
0x00007ffc593b0000 - 0x00007ffc593c9000 	C:\Program Files\Microsoft\jdk-11.0.18.10-hotspot\bin\net.dll
0x00007ffc77060000 - 0x00007ffc7716a000 	C:\Windows\SYSTEM32\WINHTTP.dll
0x00007ffc7d6e0000 - 0x00007ffc7d74a000 	C:\Windows\system32\mswsock.dll
0x00007ffc592b0000 - 0x00007ffc592c3000 	C:\Program Files\Microsoft\jdk-11.0.18.10-hotspot\bin\nio.dll
0x00007ffc57660000 - 0x00007ffc57687000 	C:\Users\Faizan Ali\.gradle\native\68d5fa5c4cc2d200863cafc0d521ce42e7d3e7ee720ec0a83991735586a16f82\windows-amd64\native-platform.dll
0x00007ffc4f460000 - 0x00007ffc4f5a4000 	C:\Users\Faizan Ali\.gradle\native\e376f236ea51e6404a007f0833ffe2c6e607c4080706a723a18a27aeea778392\windows-amd64\native-platform-file-events.dll
0x00007ffc5bd90000 - 0x00007ffc5bd99000 	C:\Program Files\Microsoft\jdk-11.0.18.10-hotspot\bin\management.dll
0x00007ffc5b7e0000 - 0x00007ffc5b7eb000 	C:\Program Files\Microsoft\jdk-11.0.18.10-hotspot\bin\management_ext.dll
0x00007ffc7d8e0000 - 0x00007ffc7d8f8000 	C:\Windows\SYSTEM32\CRYPTSP.dll
0x00007ffc7cff0000 - 0x00007ffc7d024000 	C:\Windows\system32\rsaenh.dll
0x00007ffc7e270000 - 0x00007ffc7e297000 	C:\Windows\System32\bcrypt.dll
0x00007ffc7df00000 - 0x00007ffc7df2e000 	C:\Windows\SYSTEM32\USERENV.dll
0x00007ffc7d8d0000 - 0x00007ffc7d8dc000 	C:\Windows\SYSTEM32\CRYPTBASE.dll
0x00007ffc7d3d0000 - 0x00007ffc7d40b000 	C:\Windows\SYSTEM32\IPHLPAPI.DLL
0x00007ffc804c0000 - 0x00007ffc804c8000 	C:\Windows\System32\NSI.dll
0x00007ffc776b0000 - 0x00007ffc776c7000 	C:\Windows\SYSTEM32\dhcpcsvc6.DLL
0x00007ffc77c50000 - 0x00007ffc77c6d000 	C:\Windows\SYSTEM32\dhcpcsvc.DLL
0x00007ffc7d410000 - 0x00007ffc7d4da000 	C:\Windows\SYSTEM32\DNSAPI.dll

dbghelp: loaded successfully - version: 4.0.5 - missing functions: none
symbol engine: initialized successfully - sym options: 0x614 - pdb path: .;C:\Program Files\Microsoft\jdk-11.0.18.10-hotspot\bin;C:\Windows\SYSTEM32;C:\Windows\WinSxS\amd64_microsoft.windows.common-controls_6595b64144ccf1df_6.0.19041.3570_none_60bb2a3971f3e41a;C:\Program Files\Microsoft\jdk-11.0.18.10-hotspot\bin\server;C:\Users\Faizan Ali\.gradle\native\68d5fa5c4cc2d200863cafc0d521ce42e7d3e7ee720ec0a83991735586a16f82\windows-amd64;C:\Users\Faizan Ali\.gradle\native\e376f236ea51e6404a007f0833ffe2c6e607c4080706a723a18a27aeea778392\windows-amd64

VM Arguments:
jvm_args: -XX:MaxMetaspaceSize=512m --add-opens=java.base/java.util=ALL-UNNAMED --add-opens=java.base/java.lang=ALL-UNNAMED --add-opens=java.base/java.lang.invoke=ALL-UNNAMED --add-opens=java.prefs/java.util.prefs=ALL-UNNAMED --add-opens=java.base/java.nio.charset=ALL-UNNAMED --add-opens=java.base/java.net=ALL-UNNAMED --add-opens=java.base/java.util.concurrent.atomic=ALL-UNNAMED -Xmx2048m -Dfile.encoding=windows-1252 -Duser.country=US -Duser.language=en -Duser.variant 
java_command: org.gradle.launcher.daemon.bootstrap.GradleDaemon 8.0.1
java_class_path (initial): C:\Users\Faizan Ali\.gradle\wrapper\dists\gradle-8.0.1-all\aro4hu1c3oeioove7l0i4i14o\gradle-8.0.1\lib\gradle-launcher-8.0.1.jar
Launcher Type: SUN_STANDARD

[Global flags]
     intx CICompilerCount                          = 3                                         {product} {ergonomic}
   size_t CompressedClassSpaceSize                 = 528482304                                 {product} {ergonomic}
     uint ConcGCThreads                            = 1                                         {product} {ergonomic}
     uint G1ConcRefinementThreads                  = 4                                         {product} {ergonomic}
   size_t G1HeapRegionSize                         = 1048576                                   {product} {ergonomic}
    uintx GCDrainStackTargetSize                   = 64                                        {product} {ergonomic}
   size_t InitialHeapSize                          = 201326592                                 {product} {ergonomic}
   size_t MarkStackSize                            = 4194304                                   {product} {ergonomic}
   size_t MaxHeapSize                              = 2147483648                                {product} {command line}
   size_t MaxMetaspaceSize                         = 536870912                                 {product} {command line}
   size_t MaxNewSize                               = 1287651328                                {product} {ergonomic}
   size_t MinHeapDeltaBytes                        = 1048576                                   {product} {ergonomic}
    uintx NonNMethodCodeHeapSize                   = 5830732                                {pd product} {ergonomic}
    uintx NonProfiledCodeHeapSize                  = 122913754                              {pd product} {ergonomic}
    uintx ProfiledCodeHeapSize                     = 122913754                              {pd product} {ergonomic}
    uintx ReservedCodeCacheSize                    = 251658240                              {pd product} {ergonomic}
     bool SegmentedCodeCache                       = true                                      {product} {ergonomic}
     bool UseCompressedClassPointers               = true                                 {lp64_product} {ergonomic}
     bool UseCompressedOops                        = true                                 {lp64_product} {ergonomic}
     bool UseG1GC                                  = true                                      {product} {ergonomic}
     bool UseLargePagesIndividualAllocation        = false                                  {pd product} {ergonomic}

Logging:
Log output configuration:
 #0: stdout all=warning uptime,level,tags
 #1: stderr all=off uptime,level,tags

Environment Variables:
JAVA_HOME=C:\Program Files\Microsoft\jdk-11.0.18.10-hotspot\
CLASSPATH=C:\Users\Faizan Ali\Mobile apps\mechanic\android\\gradle\wrapper\gradle-wrapper.jar
PATH=C:\Users\Faizan Ali\Mobile apps\mechanic\node_modules\.bin;C:\Users\Faizan Ali\Mobile apps\mechanic\node_modules\.bin;C:\Users\Faizan Ali\Mobile apps\node_modules\.bin;C:\Users\Faizan Ali\node_modules\.bin;C:\Users\node_modules\.bin;C:\node_modules\.bin;C:\Users\Faizan Ali\AppData\Roaming\npm\node_modules\npm\node_modules\@npmcli\run-script\lib\node-gyp-bin;C:\Users\Faizan Ali\Mobile apps\mechanic\node_modules\.bin;C:\Users\Faizan Ali\Mobile apps\node_modules\.bin;C:\Users\Faizan Ali\node_modules\.bin;C:\Users\node_modules\.bin;C:\node_modules\.bin;C:\Users\Faizan Ali\AppData\Roaming\npm\node_modules\npm\node_modules\@npmcli\run-script\lib\node-gyp-bin;C:\Program Files\Microsoft\jdk-11.0.18.10-hotspot\bin;C:\Windows\system32;C:\Windows;C:\Windows\System32\Wbem;C:\Windows\System32\WindowsPowerShell\v1.0\;C:\Windows\System32\OpenSSH\;C:\Program Files\nodejs\;C:\ProgramData\chocolatey\bin;C:\xampp\php;C:\composer;C:\Users\Faizan Ali\AppData\Local\Microsoft\WindowsApps;C:\Users\Faizan Ali\AppData\Local\Programs\Microsoft VS Code\bin;C:\Users\Faizan Ali\AppData\Roaming\npm;C:\Users\Faizan Ali\AppData\Local\GitHubDesktop\bin;C:\Users\Faizan Ali\AppData\Local\Programs\Git\cmd
USERNAME=Faizan Ali
LANG=en_US.UTF-8
OS=Windows_NT
PROCESSOR_IDENTIFIER=Intel64 Family 6 Model 60 Stepping 3, GenuineIntel
TMP=C:\Users\FAIZAN~1\AppData\Local\Temp
TEMP=C:\Users\FAIZAN~1\AppData\Local\Temp



---------------  S Y S T E M  ---------------

OS: Windows 10 , 64 bit Build 19041 (10.0.19041.3570)
OS uptime: 7 days 10:02 hours

CPU:total 4 (initial active 4) (4 cores per cpu, 1 threads per core) family 6 model 60 stepping 3 microcode 0x27, cmov, cx8, fxsr, mmx, sse, sse2, sse3, ssse3, sse4.1, sse4.2, popcnt, avx, avx2, aes, clmul, erms, lzcnt, tsc, tscinvbit, bmi1, bmi2, fma

Memory: 4k page, system-wide physical 12201M (226M free)
TotalPageFile size 42655M (AvailPageFile size 1M)
current process WorkingSet (physical memory assigned to process): 252M, peak: 269M
current process commit charge ("private bytes"): 381M, peak: 386M

vm_info: OpenJDK 64-Bit Server VM (11.0.18+10-LTS) for windows-amd64 JRE (11.0.18+10-LTS), built on Jan 18 2023 15:56:47 by "MicrosoftCorporation" with MS VC++ 15.9 (VS2017)

END.
