#
# There is insufficient memory for the Java Runtime Environment to continue.
# Native memory allocation (malloc) failed to allocate 36944 bytes for Chunk::new
# Possible reasons:
#   The system is out of physical RAM or swap space
#   The process is running with CompressedOops enabled, and the Java Heap may be blocking the growth of the native heap
# Possible solutions:
#   Reduce memory load on the system
#   Increase physical memory or swap space
#   Check if swap backing store is full
#   Decrease Java heap size (-Xmx/-Xms)
#   Decrease number of Java threads
#   Decrease Java thread stack sizes (-Xss)
#   Set larger code cache with -XX:ReservedCodeCacheSize=
#   JVM is running with Unscaled Compressed Oops mode in which the Java heap is
#     placed in the first 4GB address space. The Java Heap base address is the
#     maximum limit for the native heap growth. Please use -XX:HeapBaseMinAddress
#     to set the Java Heap base and to place the Java Heap above 4GB virtual address.
# This output file may be truncated or incomplete.
#
#  Out of Memory Error (./src/hotspot/share/memory/arena.cpp:197), pid=21308, tid=30096
#
# JRE version: OpenJDK Runtime Environment Microsoft-7208460 (11.0.18+10) (build 11.0.18+10-LTS)
# Java VM: OpenJDK 64-Bit Server VM Microsoft-7208460 (11.0.18+10-LTS, mixed mode, tiered, compressed oops, g1 gc, windows-amd64)
# No core dump will be written. Minidumps are not enabled by default on client versions of Windows
#

---------------  S U M M A R Y ------------

Command Line: -XX:MaxMetaspaceSize=512m --add-opens=java.base/java.util=ALL-UNNAMED --add-opens=java.base/java.lang=ALL-UNNAMED --add-opens=java.base/java.lang.invoke=ALL-UNNAMED --add-opens=java.prefs/java.util.prefs=ALL-UNNAMED --add-opens=java.base/java.nio.charset=ALL-UNNAMED --add-opens=java.base/java.net=ALL-UNNAMED --add-opens=java.base/java.util.concurrent.atomic=ALL-UNNAMED -Xmx2048m -Dfile.encoding=windows-1252 -Duser.country=US -Duser.language=en -Duser.variant org.gradle.launcher.daemon.bootstrap.GradleDaemon 8.0.1

Host: Intel(R) Core(TM) i5-4570 CPU @ 3.20GHz, 4 cores, 11G,  Windows 10 , 64 bit Build 19041 (10.0.19041.3570)
Time: Tue Nov  7 05:48:34 2023 Pakistan Standard Time elapsed time: 135.956872 seconds (0d 0h 2m 15s)

---------------  T H R E A D  ---------------

Current thread (0x0000027334b5c800):  JavaThread "C2 CompilerThread0" daemon [_thread_in_native, id=30096, stack(0x000000d9d1300000,0x000000d9d1400000)]


Current CompileTask:
C2: 135956 4615       4       sun.invoke.util.BytecodeDescriptor::unparseSig (91 bytes)

Stack: [0x000000d9d1300000,0x000000d9d1400000]
Native frames: (J=compiled Java code, j=interpreted, Vv=VM code, C=native code)
V  [jvm.dll+0x62bf8a]
V  [jvm.dll+0x7b8fb9]
V  [jvm.dll+0x7ba6a8]
V  [jvm.dll+0x7bad83]
V  [jvm.dll+0x250248]
V  [jvm.dll+0xc260c]
V  [jvm.dll+0xc2bcc]
V  [jvm.dll+0xc271b]
V  [jvm.dll+0x689adc]
V  [jvm.dll+0x53b5f4]
V  [jvm.dll+0x7046d9]
V  [jvm.dll+0x703877]
V  [jvm.dll+0x5443c1]
V  [jvm.dll+0x543e78]
V  [jvm.dll+0x534510]
V  [jvm.dll+0x208c26]
V  [jvm.dll+0x20ad9f]
V  [jvm.dll+0x2083eb]
V  [jvm.dll+0x18a4b1]
V  [jvm.dll+0x217eec]
V  [jvm.dll+0x21612b]
V  [jvm.dll+0x77bac0]
V  [jvm.dll+0x7749f4]
V  [jvm.dll+0x62adf5]
C  [ucrtbase.dll+0x21bb2]
C  [KERNEL32.DLL+0x17344]
C  [ntdll.dll+0x526b1]


---------------  P R O C E S S  ---------------

Threads class SMR info:
_java_thread_list=0x0000027336f4fc10, length=38, elements={
0x0000027314351800, 0x0000027334b48800, 0x0000027334b4a000, 0x0000027334b55800,
0x0000027334b58800, 0x0000027334b59800, 0x0000027334b5c800, 0x0000027334b5e800,
0x0000027335519800, 0x000002733560f800, 0x00000273364ff000, 0x00000273365fd000,
0x00000273372c2800, 0x00000273365f9000, 0x00000273365f9800, 0x0000027336f56800,
0x0000027336024800, 0x000002733688d000, 0x0000027335fcd000, 0x0000027336a1a800,
0x0000027336a1b000, 0x0000027336a18800, 0x0000027336a1c000, 0x0000027336a1c800,
0x0000027336a18000, 0x0000027336a17000, 0x0000027336a1d800, 0x0000027336a19800,
0x0000027337996000, 0x0000027337991000, 0x0000027337992800, 0x0000027337990800,
0x0000027337993800, 0x0000027337997800, 0x0000027337994800, 0x0000027337997000,
0x0000027337992000, 0x000002733799a000
}

Java Threads: ( => current thread )
  0x0000027314351800 JavaThread "main" [_thread_blocked, id=29868, stack(0x000000d9d0600000,0x000000d9d0700000)]
  0x0000027334b48800 JavaThread "Reference Handler" daemon [_thread_blocked, id=30052, stack(0x000000d9d0e00000,0x000000d9d0f00000)]
  0x0000027334b4a000 JavaThread "Finalizer" daemon [_thread_blocked, id=30056, stack(0x000000d9d0f00000,0x000000d9d1000000)]
  0x0000027334b55800 JavaThread "Signal Dispatcher" daemon [_thread_blocked, id=30084, stack(0x000000d9d1000000,0x000000d9d1100000)]
  0x0000027334b58800 JavaThread "Attach Listener" daemon [_thread_blocked, id=30088, stack(0x000000d9d1100000,0x000000d9d1200000)]
  0x0000027334b59800 JavaThread "Service Thread" daemon [_thread_blocked, id=30092, stack(0x000000d9d1200000,0x000000d9d1300000)]
=>0x0000027334b5c800 JavaThread "C2 CompilerThread0" daemon [_thread_in_native, id=30096, stack(0x000000d9d1300000,0x000000d9d1400000)]
  0x0000027334b5e800 JavaThread "C1 CompilerThread0" daemon [_thread_blocked, id=30112, stack(0x000000d9d1400000,0x000000d9d1500000)]
  0x0000027335519800 JavaThread "Sweeper thread" daemon [_thread_blocked, id=30132, stack(0x000000d9d1500000,0x000000d9d1600000)]
  0x000002733560f800 JavaThread "Common-Cleaner" daemon [_thread_blocked, id=30156, stack(0x000000d9d1600000,0x000000d9d1700000)]
  0x00000273364ff000 JavaThread "Daemon health stats" [_thread_blocked, id=32712, stack(0x000000d9d1b00000,0x000000d9d1c00000)]
  0x00000273365fd000 JavaThread "Incoming local TCP Connector on port 64633" [_thread_in_native, id=33180, stack(0x000000d9d1c00000,0x000000d9d1d00000)]
  0x00000273372c2800 JavaThread "Daemon periodic checks" [_thread_blocked, id=33192, stack(0x000000d9d1d00000,0x000000d9d1e00000)]
  0x00000273365f9000 JavaThread "Daemon" [_thread_blocked, id=33232, stack(0x000000d9d1e00000,0x000000d9d1f00000)]
  0x00000273365f9800 JavaThread "Handler for socket connection from /127.0.0.1:64633 to /127.0.0.1:64634" [_thread_in_native, id=33248, stack(0x000000d9d1f00000,0x000000d9d2000000)]
  0x0000027336f56800 JavaThread "Cancel handler" [_thread_blocked, id=33260, stack(0x000000d9d2000000,0x000000d9d2100000)]
  0x0000027336024800 JavaThread "Daemon worker" [_thread_blocked, id=33372, stack(0x000000d9d2100000,0x000000d9d2200000)]
  0x000002733688d000 JavaThread "Asynchronous log dispatcher for DefaultDaemonConnection: socket connection from /127.0.0.1:64633 to /127.0.0.1:64634" [_thread_blocked, id=33392, stack(0x000000d9d2200000,0x000000d9d2300000)]
  0x0000027335fcd000 JavaThread "Daemon client event forwarder" [_thread_blocked, id=33424, stack(0x000000d9d2400000,0x000000d9d2500000)]
  0x0000027336a1a800 JavaThread "Cache worker for journal cache (C:\Users\Faizan Ali\.gradle\caches\journal-1)" [_thread_blocked, id=33696, stack(0x000000d9d2500000,0x000000d9d2600000)]
  0x0000027336a1b000 JavaThread "File lock request listener" [_thread_in_native, id=33720, stack(0x000000d9d2600000,0x000000d9d2700000)]
  0x0000027336a18800 JavaThread "Cache worker for file hash cache (C:\Users\Faizan Ali\.gradle\caches\8.0.1\fileHashes)" [_thread_blocked, id=21868, stack(0x000000d9d2700000,0x000000d9d2800000)]
  0x0000027336a1c000 JavaThread "File lock release action executor" [_thread_in_native, id=6148, stack(0x000000d9d2800000,0x000000d9d2900000)]
  0x0000027336a1c800 JavaThread "File watcher server" daemon [_thread_in_native, id=30680, stack(0x000000d9d2900000,0x000000d9d2a00000)]
  0x0000027336a18000 JavaThread "File watcher consumer" daemon [_thread_blocked, id=26560, stack(0x000000d9d2a00000,0x000000d9d2b00000)]
  0x0000027336a17000 JavaThread "Cache worker for checksums cache (C:\Users\Faizan Ali\Mobile apps\mechanic\android\.gradle\8.0.1\checksums)" [_thread_blocked, id=32656, stack(0x000000d9d2b00000,0x000000d9d2c00000)]
  0x0000027336a1d800 JavaThread "Cache worker for cache directory md-rule (C:\Users\Faizan Ali\.gradle\caches\8.0.1\md-rule)" [_thread_blocked, id=16728, stack(0x000000d9d2c00000,0x000000d9d2d00000)]
  0x0000027336a19800 JavaThread "Cache worker for file content cache (C:\Users\Faizan Ali\.gradle\caches\8.0.1\fileContent)" [_thread_blocked, id=29052, stack(0x000000d9d2d00000,0x000000d9d2e00000)]
  0x0000027337996000 JavaThread "Cache worker for file hash cache (C:\Users\Faizan Ali\Mobile apps\mechanic\android\.gradle\8.0.1\fileHashes)" [_thread_blocked, id=29068, stack(0x000000d9d2e00000,0x000000d9d2f00000)]
  0x0000027337991000 JavaThread "Cache worker for cache directory md-supplier (C:\Users\Faizan Ali\.gradle\caches\8.0.1\md-supplier)" [_thread_blocked, id=29524, stack(0x000000d9d2f00000,0x000000d9d3000000)]
  0x0000027337992800 JavaThread "Cache worker for execution history cache (C:\Users\Faizan Ali\.gradle\caches\8.0.1\executionHistory)" [_thread_blocked, id=33836, stack(0x000000d9d3000000,0x000000d9d3100000)]
  0x0000027337990800 JavaThread "jar transforms" [_thread_blocked, id=34208, stack(0x000000d9d0500000,0x000000d9d0600000)]
  0x0000027337993800 JavaThread "jar transforms Thread 2" [_thread_blocked, id=34276, stack(0x000000d9d0700000,0x000000d9d0800000)]
  0x0000027337997800 JavaThread "jar transforms Thread 3" [_thread_blocked, id=34380, stack(0x000000d9d3300000,0x000000d9d3400000)]
  0x0000027337994800 JavaThread "jar transforms Thread 4" [_thread_blocked, id=34416, stack(0x000000d9d3400000,0x000000d9d3500000)]
  0x0000027337997000 JavaThread "Cache worker for kotlin-dsl (C:\Users\Faizan Ali\.gradle\caches\8.0.1\kotlin-dsl)" [_thread_blocked, id=14616, stack(0x000000d9d2300000,0x000000d9d2400000)]
  0x0000027337992000 JavaThread "Cache worker for dependencies-accessors (C:\Users\Faizan Ali\Mobile apps\mechanic\android\.gradle\8.0.1\dependencies-accessors)" [_thread_blocked, id=35432, stack(0x000000d9d3500000,0x000000d9d3600000)]
  0x000002733799a000 JavaThread "Cache worker for Build Output Cleanup Cache (C:\Users\Faizan Ali\Mobile apps\mechanic\node_modules\@react-native\gradle-plugin\.gradle\buildOutputCleanup)" [_thread_blocked, id=13344, stack(0x000000d9d3100000,0x000000d9d3200000)]

Other Threads:
  0x0000027334b36000 VMThread "VM Thread" [stack: 0x000000d9d0d00000,0x000000d9d0e00000] [id=29992]
  0x0000027335636800 WatcherThread [stack: 0x000000d9d1700000,0x000000d9d1800000] [id=30168]
  0x000002731436a000 GCTaskThread "GC Thread#0" [stack: 0x000000d9d0800000,0x000000d9d0900000] [id=29932]
  0x0000027335c5f800 GCTaskThread "GC Thread#1" [stack: 0x000000d9d1800000,0x000000d9d1900000] [id=31128]
  0x0000027335c60000 GCTaskThread "GC Thread#2" [stack: 0x000000d9d1900000,0x000000d9d1a00000] [id=31132]
  0x0000027335ca1000 GCTaskThread "GC Thread#3" [stack: 0x000000d9d1a00000,0x000000d9d1b00000] [id=31136]
  0x000002731439b800 ConcurrentGCThread "G1 Main Marker" [stack: 0x000000d9d0900000,0x000000d9d0a00000] [id=29936]
  0x000002731439c800 ConcurrentGCThread "G1 Conc#0" [stack: 0x000000d9d0a00000,0x000000d9d0b00000] [id=29940]
  0x000002731442e000 ConcurrentGCThread "G1 Refine#0" [stack: 0x000000d9d0b00000,0x000000d9d0c00000] [id=29944]
  0x00000273349a0800 ConcurrentGCThread "G1 Young RemSet Sampling" [stack: 0x000000d9d0c00000,0x000000d9d0d00000] [id=29948]

Threads with active compile tasks:
C2 CompilerThread0   136223 4615       4       sun.invoke.util.BytecodeDescriptor::unparseSig (91 bytes)

VM state:not at safepoint (normal execution)

VM Mutex/Monitor currently owned by a thread: None

Heap address: 0x0000000080000000, size: 2048 MB, Compressed Oops mode: 32-bit
Narrow klass base: 0x0000000000000000, Narrow klass shift: 3
Compressed class space size: 528482304 Address: 0x0000000100000000

Heap:
 garbage-first heap   total 196608K, used 95762K [0x0000000080000000, 0x0000000100000000)
  region size 1024K, 78 young (79872K), 13 survivors (13312K)
 Metaspace       used 49126K, capacity 50403K, committed 50512K, reserved 561152K
  class space    used 6289K, capacity 6818K, committed 6912K, reserved 516096K
Heap Regions: E=young(eden), S=young(survivor), O=old, HS=humongous(starts), HC=humongous(continues), CS=collection set, F=free, A=archive, TAMS=top-at-mark-start (previous, next)
|   0|0x0000000080000000, 0x0000000080100000, 0x0000000080100000|100%| O|  |TAMS 0x0000000080100000, 0x0000000080000000| Untracked 
|   1|0x0000000080100000, 0x0000000080200000, 0x0000000080200000|100%| O|  |TAMS 0x0000000080200000, 0x0000000080100000| Untracked 
|   2|0x0000000080200000, 0x0000000080300000, 0x0000000080300000|100%|HS|  |TAMS 0x0000000080300000, 0x0000000080200000| Complete 
|   3|0x0000000080300000, 0x0000000080400000, 0x0000000080400000|100%|HC|  |TAMS 0x0000000080400000, 0x0000000080300000| Complete 
|   4|0x0000000080400000, 0x0000000080500000, 0x0000000080500000|100%|HC|  |TAMS 0x0000000080500000, 0x0000000080400000| Complete 
|   5|0x0000000080500000, 0x0000000080600000, 0x0000000080600000|100%|HC|  |TAMS 0x0000000080600000, 0x0000000080500000| Complete 
|   6|0x0000000080600000, 0x0000000080700000, 0x0000000080700000|100%| O|  |TAMS 0x0000000080700000, 0x0000000080600000| Untracked 
|   7|0x0000000080700000, 0x0000000080800000, 0x0000000080800000|100%| O|  |TAMS 0x0000000080800000, 0x0000000080700000| Untracked 
|   8|0x0000000080800000, 0x0000000080900000, 0x0000000080900000|100%| O|  |TAMS 0x0000000080900000, 0x0000000080800000| Untracked 
|   9|0x0000000080900000, 0x0000000080a00000, 0x0000000080a00000|100%| O|  |TAMS 0x0000000080a00000, 0x0000000080900000| Untracked 
|  10|0x0000000080a00000, 0x0000000080b00000, 0x0000000080b00000|100%| O|  |TAMS 0x0000000080b00000, 0x0000000080a00000| Untracked 
|  11|0x0000000080b00000, 0x0000000080c00000, 0x0000000080c00000|100%| O|  |TAMS 0x0000000080c00000, 0x0000000080b00000| Untracked 
|  12|0x0000000080c00000, 0x0000000080d00000, 0x0000000080d00000|100%| O|  |TAMS 0x0000000080d00000, 0x0000000080c00000| Untracked 
|  13|0x0000000080d00000, 0x0000000080e00000, 0x0000000080e00000|100%| O|  |TAMS 0x0000000080e00000, 0x0000000080d00000| Untracked 
|  14|0x0000000080e00000, 0x0000000080f00000, 0x0000000080f00000|100%| O|  |TAMS 0x0000000080f00000, 0x0000000080e00000| Untracked 
|  15|0x0000000080f00000, 0x0000000081000000, 0x0000000081000000|100%| O|  |TAMS 0x0000000081000000, 0x0000000080f00000| Untracked 
|  16|0x0000000081000000, 0x0000000081100000, 0x0000000081100000|100%| O|  |TAMS 0x0000000081100000, 0x0000000081000000| Untracked 
|  17|0x0000000081100000, 0x000000008110ea00, 0x0000000081200000|  5%| O|  |TAMS 0x000000008110ea00, 0x0000000081100000| Untracked 
|  18|0x0000000081200000, 0x0000000081300000, 0x0000000081300000|100%|HS|  |TAMS 0x0000000081200000, 0x0000000081200000| Complete 
|  19|0x0000000081300000, 0x0000000081300000, 0x0000000081400000|  0%| F|  |TAMS 0x0000000081300000, 0x0000000081300000| Untracked 
|  20|0x0000000081400000, 0x0000000081400000, 0x0000000081500000|  0%| F|  |TAMS 0x0000000081400000, 0x0000000081400000| Untracked 
|  21|0x0000000081500000, 0x0000000081500000, 0x0000000081600000|  0%| F|  |TAMS 0x0000000081500000, 0x0000000081500000| Untracked 
|  22|0x0000000081600000, 0x0000000081600000, 0x0000000081700000|  0%| F|  |TAMS 0x0000000081600000, 0x0000000081600000| Untracked 
|  23|0x0000000081700000, 0x0000000081700000, 0x0000000081800000|  0%| F|  |TAMS 0x0000000081700000, 0x0000000081700000| Untracked 
|  24|0x0000000081800000, 0x0000000081800000, 0x0000000081900000|  0%| F|  |TAMS 0x0000000081800000, 0x0000000081800000| Untracked 
|  25|0x0000000081900000, 0x0000000081900000, 0x0000000081a00000|  0%| F|  |TAMS 0x0000000081900000, 0x0000000081900000| Untracked 
|  26|0x0000000081a00000, 0x0000000081a00000, 0x0000000081b00000|  0%| F|  |TAMS 0x0000000081a00000, 0x0000000081a00000| Untracked 
|  27|0x0000000081b00000, 0x0000000081b00000, 0x0000000081c00000|  0%| F|  |TAMS 0x0000000081b00000, 0x0000000081b00000| Untracked 
|  28|0x0000000081c00000, 0x0000000081c00000, 0x0000000081d00000|  0%| F|  |TAMS 0x0000000081c00000, 0x0000000081c00000| Untracked 
|  29|0x0000000081d00000, 0x0000000081d00000, 0x0000000081e00000|  0%| F|  |TAMS 0x0000000081d00000, 0x0000000081d00000| Untracked 
|  30|0x0000000081e00000, 0x0000000081e00000, 0x0000000081f00000|  0%| F|  |TAMS 0x0000000081e00000, 0x0000000081e00000| Untracked 
|  31|0x0000000081f00000, 0x0000000081f00000, 0x0000000082000000|  0%| F|  |TAMS 0x0000000081f00000, 0x0000000081f00000| Untracked 
|  32|0x0000000082000000, 0x0000000082000000, 0x0000000082100000|  0%| F|  |TAMS 0x0000000082000000, 0x0000000082000000| Untracked 
|  33|0x0000000082100000, 0x0000000082100000, 0x0000000082200000|  0%| F|  |TAMS 0x0000000082100000, 0x0000000082100000| Untracked 
|  34|0x0000000082200000, 0x0000000082200000, 0x0000000082300000|  0%| F|  |TAMS 0x0000000082200000, 0x0000000082200000| Untracked 
|  35|0x0000000082300000, 0x0000000082300000, 0x0000000082400000|  0%| F|  |TAMS 0x0000000082300000, 0x0000000082300000| Untracked 
|  36|0x0000000082400000, 0x0000000082400000, 0x0000000082500000|  0%| F|  |TAMS 0x0000000082400000, 0x0000000082400000| Untracked 
|  37|0x0000000082500000, 0x0000000082500000, 0x0000000082600000|  0%| F|  |TAMS 0x0000000082500000, 0x0000000082500000| Untracked 
|  38|0x0000000082600000, 0x0000000082600000, 0x0000000082700000|  0%| F|  |TAMS 0x0000000082600000, 0x0000000082600000| Untracked 
|  39|0x0000000082700000, 0x0000000082700000, 0x0000000082800000|  0%| F|  |TAMS 0x0000000082700000, 0x0000000082700000| Untracked 
|  40|0x0000000082800000, 0x0000000082800000, 0x0000000082900000|  0%| F|  |TAMS 0x0000000082800000, 0x0000000082800000| Untracked 
|  41|0x0000000082900000, 0x0000000082900000, 0x0000000082a00000|  0%| F|  |TAMS 0x0000000082900000, 0x0000000082900000| Untracked 
|  42|0x0000000082a00000, 0x0000000082a00000, 0x0000000082b00000|  0%| F|  |TAMS 0x0000000082a00000, 0x0000000082a00000| Untracked 
|  43|0x0000000082b00000, 0x0000000082b00000, 0x0000000082c00000|  0%| F|  |TAMS 0x0000000082b00000, 0x0000000082b00000| Untracked 
|  44|0x0000000082c00000, 0x0000000082c00000, 0x0000000082d00000|  0%| F|  |TAMS 0x0000000082c00000, 0x0000000082c00000| Untracked 
|  45|0x0000000082d00000, 0x0000000082d00000, 0x0000000082e00000|  0%| F|  |TAMS 0x0000000082d00000, 0x0000000082d00000| Untracked 
|  46|0x0000000082e00000, 0x0000000082e00000, 0x0000000082f00000|  0%| F|  |TAMS 0x0000000082e00000, 0x0000000082e00000| Untracked 
|  47|0x0000000082f00000, 0x0000000082f00000, 0x0000000083000000|  0%| F|  |TAMS 0x0000000082f00000, 0x0000000082f00000| Untracked 
|  48|0x0000000083000000, 0x0000000083000000, 0x0000000083100000|  0%| F|  |TAMS 0x0000000083000000, 0x0000000083000000| Untracked 
|  49|0x0000000083100000, 0x0000000083100000, 0x0000000083200000|  0%| F|  |TAMS 0x0000000083100000, 0x0000000083100000| Untracked 
|  50|0x0000000083200000, 0x0000000083200000, 0x0000000083300000|  0%| F|  |TAMS 0x0000000083200000, 0x0000000083200000| Untracked 
|  51|0x0000000083300000, 0x0000000083300000, 0x0000000083400000|  0%| F|  |TAMS 0x0000000083300000, 0x0000000083300000| Untracked 
|  52|0x0000000083400000, 0x0000000083400000, 0x0000000083500000|  0%| F|  |TAMS 0x0000000083400000, 0x0000000083400000| Untracked 
|  53|0x0000000083500000, 0x0000000083500000, 0x0000000083600000|  0%| F|  |TAMS 0x0000000083500000, 0x0000000083500000| Untracked 
|  54|0x0000000083600000, 0x0000000083600000, 0x0000000083700000|  0%| F|  |TAMS 0x0000000083600000, 0x0000000083600000| Untracked 
|  55|0x0000000083700000, 0x0000000083700000, 0x0000000083800000|  0%| F|  |TAMS 0x0000000083700000, 0x0000000083700000| Untracked 
|  56|0x0000000083800000, 0x0000000083800000, 0x0000000083900000|  0%| F|  |TAMS 0x0000000083800000, 0x0000000083800000| Untracked 
|  57|0x0000000083900000, 0x0000000083900000, 0x0000000083a00000|  0%| F|  |TAMS 0x0000000083900000, 0x0000000083900000| Untracked 
|  58|0x0000000083a00000, 0x0000000083a00000, 0x0000000083b00000|  0%| F|  |TAMS 0x0000000083a00000, 0x0000000083a00000| Untracked 
|  59|0x0000000083b00000, 0x0000000083b00000, 0x0000000083c00000|  0%| F|  |TAMS 0x0000000083b00000, 0x0000000083b00000| Untracked 
|  60|0x0000000083c00000, 0x0000000083c00000, 0x0000000083d00000|  0%| F|  |TAMS 0x0000000083c00000, 0x0000000083c00000| Untracked 
|  61|0x0000000083d00000, 0x0000000083d00000, 0x0000000083e00000|  0%| F|  |TAMS 0x0000000083d00000, 0x0000000083d00000| Untracked 
|  62|0x0000000083e00000, 0x0000000083e00000, 0x0000000083f00000|  0%| F|  |TAMS 0x0000000083e00000, 0x0000000083e00000| Untracked 
|  63|0x0000000083f00000, 0x0000000083f00000, 0x0000000084000000|  0%| F|  |TAMS 0x0000000083f00000, 0x0000000083f00000| Untracked 
|  64|0x0000000084000000, 0x0000000084000000, 0x0000000084100000|  0%| F|  |TAMS 0x0000000084000000, 0x0000000084000000| Untracked 
|  65|0x0000000084100000, 0x0000000084100000, 0x0000000084200000|  0%| F|  |TAMS 0x0000000084100000, 0x0000000084100000| Untracked 
|  66|0x0000000084200000, 0x0000000084200000, 0x0000000084300000|  0%| F|  |TAMS 0x0000000084200000, 0x0000000084200000| Untracked 
|  67|0x0000000084300000, 0x0000000084300000, 0x0000000084400000|  0%| F|  |TAMS 0x0000000084300000, 0x0000000084300000| Untracked 
|  68|0x0000000084400000, 0x0000000084400000, 0x0000000084500000|  0%| F|  |TAMS 0x0000000084400000, 0x0000000084400000| Untracked 
|  69|0x0000000084500000, 0x0000000084500000, 0x0000000084600000|  0%| F|  |TAMS 0x0000000084500000, 0x0000000084500000| Untracked 
|  70|0x0000000084600000, 0x0000000084600000, 0x0000000084700000|  0%| F|  |TAMS 0x0000000084600000, 0x0000000084600000| Untracked 
|  71|0x0000000084700000, 0x0000000084700000, 0x0000000084800000|  0%| F|  |TAMS 0x0000000084700000, 0x0000000084700000| Untracked 
|  72|0x0000000084800000, 0x0000000084875f80, 0x0000000084900000| 46%| S|CS|TAMS 0x0000000084800000, 0x0000000084800000| Complete 
|  73|0x0000000084900000, 0x0000000084a00000, 0x0000000084a00000|100%| S|CS|TAMS 0x0000000084900000, 0x0000000084900000| Complete 
|  74|0x0000000084a00000, 0x0000000084b00000, 0x0000000084b00000|100%| S|CS|TAMS 0x0000000084a00000, 0x0000000084a00000| Complete 
|  75|0x0000000084b00000, 0x0000000084c00000, 0x0000000084c00000|100%| S|CS|TAMS 0x0000000084b00000, 0x0000000084b00000| Complete 
|  76|0x0000000084c00000, 0x0000000084d00000, 0x0000000084d00000|100%| S|CS|TAMS 0x0000000084c00000, 0x0000000084c00000| Complete 
|  77|0x0000000084d00000, 0x0000000084e00000, 0x0000000084e00000|100%| S|CS|TAMS 0x0000000084d00000, 0x0000000084d00000| Complete 
|  78|0x0000000084e00000, 0x0000000084f00000, 0x0000000084f00000|100%| S|CS|TAMS 0x0000000084e00000, 0x0000000084e00000| Complete 
|  79|0x0000000084f00000, 0x0000000085000000, 0x0000000085000000|100%| S|CS|TAMS 0x0000000084f00000, 0x0000000084f00000| Complete 
|  80|0x0000000085000000, 0x0000000085100000, 0x0000000085100000|100%| S|CS|TAMS 0x0000000085000000, 0x0000000085000000| Complete 
|  81|0x0000000085100000, 0x0000000085200000, 0x0000000085200000|100%| S|CS|TAMS 0x0000000085100000, 0x0000000085100000| Complete 
|  82|0x0000000085200000, 0x0000000085300000, 0x0000000085300000|100%| S|CS|TAMS 0x0000000085200000, 0x0000000085200000| Complete 
|  83|0x0000000085300000, 0x0000000085400000, 0x0000000085400000|100%| S|CS|TAMS 0x0000000085300000, 0x0000000085300000| Complete 
|  84|0x0000000085400000, 0x0000000085500000, 0x0000000085500000|100%| S|CS|TAMS 0x0000000085400000, 0x0000000085400000| Complete 
|  85|0x0000000085500000, 0x0000000085500000, 0x0000000085600000|  0%| F|  |TAMS 0x0000000085500000, 0x0000000085500000| Untracked 
|  86|0x0000000085600000, 0x0000000085600000, 0x0000000085700000|  0%| F|  |TAMS 0x0000000085600000, 0x0000000085600000| Untracked 
|  87|0x0000000085700000, 0x0000000085700000, 0x0000000085800000|  0%| F|  |TAMS 0x0000000085700000, 0x0000000085700000| Untracked 
|  88|0x0000000085800000, 0x0000000085800000, 0x0000000085900000|  0%| F|  |TAMS 0x0000000085800000, 0x0000000085800000| Untracked 
|  89|0x0000000085900000, 0x0000000085900000, 0x0000000085a00000|  0%| F|  |TAMS 0x0000000085900000, 0x0000000085900000| Untracked 
|  90|0x0000000085a00000, 0x0000000085a00000, 0x0000000085b00000|  0%| F|  |TAMS 0x0000000085a00000, 0x0000000085a00000| Untracked 
|  91|0x0000000085b00000, 0x0000000085b00000, 0x0000000085c00000|  0%| F|  |TAMS 0x0000000085b00000, 0x0000000085b00000| Untracked 
|  92|0x0000000085c00000, 0x0000000085c00000, 0x0000000085d00000|  0%| F|  |TAMS 0x0000000085c00000, 0x0000000085c00000| Untracked 
|  93|0x0000000085d00000, 0x0000000085d00000, 0x0000000085e00000|  0%| F|  |TAMS 0x0000000085d00000, 0x0000000085d00000| Untracked 
|  94|0x0000000085e00000, 0x0000000085e00000, 0x0000000085f00000|  0%| F|  |TAMS 0x0000000085e00000, 0x0000000085e00000| Untracked 
|  95|0x0000000085f00000, 0x0000000085f00000, 0x0000000086000000|  0%| F|  |TAMS 0x0000000085f00000, 0x0000000085f00000| Untracked 
|  96|0x0000000086000000, 0x0000000086000000, 0x0000000086100000|  0%| F|  |TAMS 0x0000000086000000, 0x0000000086000000| Untracked 
|  97|0x0000000086100000, 0x0000000086100000, 0x0000000086200000|  0%| F|  |TAMS 0x0000000086100000, 0x0000000086100000| Untracked 
|  98|0x0000000086200000, 0x0000000086200000, 0x0000000086300000|  0%| F|  |TAMS 0x0000000086200000, 0x0000000086200000| Untracked 
|  99|0x0000000086300000, 0x0000000086300000, 0x0000000086400000|  0%| F|  |TAMS 0x0000000086300000, 0x0000000086300000| Untracked 
| 100|0x0000000086400000, 0x0000000086400000, 0x0000000086500000|  0%| F|  |TAMS 0x0000000086400000, 0x0000000086400000| Untracked 
| 101|0x0000000086500000, 0x0000000086500000, 0x0000000086600000|  0%| F|  |TAMS 0x0000000086500000, 0x0000000086500000| Untracked 
| 102|0x0000000086600000, 0x0000000086600000, 0x0000000086700000|  0%| F|  |TAMS 0x0000000086600000, 0x0000000086600000| Untracked 
| 103|0x0000000086700000, 0x0000000086700000, 0x0000000086800000|  0%| F|  |TAMS 0x0000000086700000, 0x0000000086700000| Untracked 
| 104|0x0000000086800000, 0x0000000086800000, 0x0000000086900000|  0%| F|  |TAMS 0x0000000086800000, 0x0000000086800000| Untracked 
| 105|0x0000000086900000, 0x0000000086900000, 0x0000000086a00000|  0%| F|  |TAMS 0x0000000086900000, 0x0000000086900000| Untracked 
| 106|0x0000000086a00000, 0x0000000086a00000, 0x0000000086b00000|  0%| F|  |TAMS 0x0000000086a00000, 0x0000000086a00000| Untracked 
| 107|0x0000000086b00000, 0x0000000086b00000, 0x0000000086c00000|  0%| F|  |TAMS 0x0000000086b00000, 0x0000000086b00000| Untracked 
| 108|0x0000000086c00000, 0x0000000086c00000, 0x0000000086d00000|  0%| F|  |TAMS 0x0000000086c00000, 0x0000000086c00000| Untracked 
| 109|0x0000000086d00000, 0x0000000086d00000, 0x0000000086e00000|  0%| F|  |TAMS 0x0000000086d00000, 0x0000000086d00000| Untracked 
| 110|0x0000000086e00000, 0x0000000086e00000, 0x0000000086f00000|  0%| F|  |TAMS 0x0000000086e00000, 0x0000000086e00000| Untracked 
| 111|0x0000000086f00000, 0x0000000086f00000, 0x0000000087000000|  0%| F|  |TAMS 0x0000000086f00000, 0x0000000086f00000| Untracked 
| 112|0x0000000087000000, 0x0000000087000000, 0x0000000087100000|  0%| F|  |TAMS 0x0000000087000000, 0x0000000087000000| Untracked 
| 113|0x0000000087100000, 0x0000000087100000, 0x0000000087200000|  0%| F|  |TAMS 0x0000000087100000, 0x0000000087100000| Untracked 
| 114|0x0000000087200000, 0x0000000087200000, 0x0000000087300000|  0%| F|  |TAMS 0x0000000087200000, 0x0000000087200000| Untracked 
| 115|0x0000000087300000, 0x0000000087300000, 0x0000000087400000|  0%| F|  |TAMS 0x0000000087300000, 0x0000000087300000| Untracked 
| 116|0x0000000087400000, 0x0000000087400000, 0x0000000087500000|  0%| F|  |TAMS 0x0000000087400000, 0x0000000087400000| Untracked 
| 117|0x0000000087500000, 0x0000000087500000, 0x0000000087600000|  0%| F|  |TAMS 0x0000000087500000, 0x0000000087500000| Untracked 
| 118|0x0000000087600000, 0x0000000087600000, 0x0000000087700000|  0%| F|  |TAMS 0x0000000087600000, 0x0000000087600000| Untracked 
| 119|0x0000000087700000, 0x0000000087700000, 0x0000000087800000|  0%| F|  |TAMS 0x0000000087700000, 0x0000000087700000| Untracked 
| 120|0x0000000087800000, 0x0000000087800000, 0x0000000087900000|  0%| F|  |TAMS 0x0000000087800000, 0x0000000087800000| Untracked 
| 121|0x0000000087900000, 0x0000000087900000, 0x0000000087a00000|  0%| F|  |TAMS 0x0000000087900000, 0x0000000087900000| Untracked 
| 122|0x0000000087a00000, 0x0000000087a00000, 0x0000000087b00000|  0%| F|  |TAMS 0x0000000087a00000, 0x0000000087a00000| Untracked 
| 123|0x0000000087b00000, 0x0000000087b00000, 0x0000000087c00000|  0%| F|  |TAMS 0x0000000087b00000, 0x0000000087b00000| Untracked 
| 124|0x0000000087c00000, 0x0000000087c00000, 0x0000000087d00000|  0%| F|  |TAMS 0x0000000087c00000, 0x0000000087c00000| Untracked 
| 125|0x0000000087d00000, 0x0000000087d00000, 0x0000000087e00000|  0%| F|  |TAMS 0x0000000087d00000, 0x0000000087d00000| Untracked 
| 126|0x0000000087e00000, 0x0000000087e00000, 0x0000000087f00000|  0%| F|  |TAMS 0x0000000087e00000, 0x0000000087e00000| Untracked 
| 127|0x0000000087f00000, 0x0000000087fb67a0, 0x0000000088000000| 71%| E|  |TAMS 0x0000000087f00000, 0x0000000087f00000| Complete 
| 128|0x0000000088000000, 0x0000000088100000, 0x0000000088100000|100%| E|CS|TAMS 0x0000000088000000, 0x0000000088000000| Complete 
| 129|0x0000000088100000, 0x0000000088200000, 0x0000000088200000|100%| E|CS|TAMS 0x0000000088100000, 0x0000000088100000| Complete 
| 130|0x0000000088200000, 0x0000000088300000, 0x0000000088300000|100%| E|CS|TAMS 0x0000000088200000, 0x0000000088200000| Complete 
| 131|0x0000000088300000, 0x0000000088400000, 0x0000000088400000|100%| E|CS|TAMS 0x0000000088300000, 0x0000000088300000| Complete 
| 132|0x0000000088400000, 0x0000000088500000, 0x0000000088500000|100%| E|CS|TAMS 0x0000000088400000, 0x0000000088400000| Complete 
| 133|0x0000000088500000, 0x0000000088600000, 0x0000000088600000|100%| E|CS|TAMS 0x0000000088500000, 0x0000000088500000| Complete 
| 134|0x0000000088600000, 0x0000000088700000, 0x0000000088700000|100%| E|CS|TAMS 0x0000000088600000, 0x0000000088600000| Complete 
| 135|0x0000000088700000, 0x0000000088800000, 0x0000000088800000|100%| E|CS|TAMS 0x0000000088700000, 0x0000000088700000| Complete 
| 136|0x0000000088800000, 0x0000000088900000, 0x0000000088900000|100%| E|CS|TAMS 0x0000000088800000, 0x0000000088800000| Complete 
| 137|0x0000000088900000, 0x0000000088a00000, 0x0000000088a00000|100%| E|CS|TAMS 0x0000000088900000, 0x0000000088900000| Complete 
| 138|0x0000000088a00000, 0x0000000088b00000, 0x0000000088b00000|100%| E|CS|TAMS 0x0000000088a00000, 0x0000000088a00000| Complete 
| 139|0x0000000088b00000, 0x0000000088c00000, 0x0000000088c00000|100%| E|CS|TAMS 0x0000000088b00000, 0x0000000088b00000| Complete 
| 140|0x0000000088c00000, 0x0000000088d00000, 0x0000000088d00000|100%| E|CS|TAMS 0x0000000088c00000, 0x0000000088c00000| Complete 
| 141|0x0000000088d00000, 0x0000000088e00000, 0x0000000088e00000|100%| E|CS|TAMS 0x0000000088d00000, 0x0000000088d00000| Complete 
| 142|0x0000000088e00000, 0x0000000088f00000, 0x0000000088f00000|100%| E|CS|TAMS 0x0000000088e00000, 0x0000000088e00000| Complete 
| 143|0x0000000088f00000, 0x0000000089000000, 0x0000000089000000|100%| E|CS|TAMS 0x0000000088f00000, 0x0000000088f00000| Complete 
| 144|0x0000000089000000, 0x0000000089100000, 0x0000000089100000|100%| E|CS|TAMS 0x0000000089000000, 0x0000000089000000| Complete 
| 145|0x0000000089100000, 0x0000000089200000, 0x0000000089200000|100%| E|CS|TAMS 0x0000000089100000, 0x0000000089100000| Complete 
| 146|0x0000000089200000, 0x0000000089300000, 0x0000000089300000|100%| E|CS|TAMS 0x0000000089200000, 0x0000000089200000| Complete 
| 147|0x0000000089300000, 0x0000000089400000, 0x0000000089400000|100%| E|CS|TAMS 0x0000000089300000, 0x0000000089300000| Complete 
| 148|0x0000000089400000, 0x0000000089500000, 0x0000000089500000|100%| E|CS|TAMS 0x0000000089400000, 0x0000000089400000| Complete 
| 149|0x0000000089500000, 0x0000000089600000, 0x0000000089600000|100%| E|CS|TAMS 0x0000000089500000, 0x0000000089500000| Complete 
| 150|0x0000000089600000, 0x0000000089700000, 0x0000000089700000|100%| E|CS|TAMS 0x0000000089600000, 0x0000000089600000| Complete 
| 151|0x0000000089700000, 0x0000000089800000, 0x0000000089800000|100%| E|CS|TAMS 0x0000000089700000, 0x0000000089700000| Complete 
| 152|0x0000000089800000, 0x0000000089900000, 0x0000000089900000|100%| E|CS|TAMS 0x0000000089800000, 0x0000000089800000| Complete 
| 153|0x0000000089900000, 0x0000000089a00000, 0x0000000089a00000|100%| E|CS|TAMS 0x0000000089900000, 0x0000000089900000| Complete 
| 154|0x0000000089a00000, 0x0000000089b00000, 0x0000000089b00000|100%| E|CS|TAMS 0x0000000089a00000, 0x0000000089a00000| Complete 
| 155|0x0000000089b00000, 0x0000000089c00000, 0x0000000089c00000|100%| E|CS|TAMS 0x0000000089b00000, 0x0000000089b00000| Complete 
| 156|0x0000000089c00000, 0x0000000089d00000, 0x0000000089d00000|100%| E|CS|TAMS 0x0000000089c00000, 0x0000000089c00000| Complete 
| 157|0x0000000089d00000, 0x0000000089e00000, 0x0000000089e00000|100%| E|CS|TAMS 0x0000000089d00000, 0x0000000089d00000| Complete 
| 158|0x0000000089e00000, 0x0000000089f00000, 0x0000000089f00000|100%| E|CS|TAMS 0x0000000089e00000, 0x0000000089e00000| Complete 
| 159|0x0000000089f00000, 0x000000008a000000, 0x000000008a000000|100%| E|CS|TAMS 0x0000000089f00000, 0x0000000089f00000| Complete 
| 160|0x000000008a000000, 0x000000008a100000, 0x000000008a100000|100%| E|CS|TAMS 0x000000008a000000, 0x000000008a000000| Complete 
| 161|0x000000008a100000, 0x000000008a200000, 0x000000008a200000|100%| E|CS|TAMS 0x000000008a100000, 0x000000008a100000| Complete 
| 162|0x000000008a200000, 0x000000008a300000, 0x000000008a300000|100%| E|CS|TAMS 0x000000008a200000, 0x000000008a200000| Complete 
| 163|0x000000008a300000, 0x000000008a400000, 0x000000008a400000|100%| E|CS|TAMS 0x000000008a300000, 0x000000008a300000| Complete 
| 164|0x000000008a400000, 0x000000008a500000, 0x000000008a500000|100%| E|CS|TAMS 0x000000008a400000, 0x000000008a400000| Complete 
| 165|0x000000008a500000, 0x000000008a600000, 0x000000008a600000|100%| E|CS|TAMS 0x000000008a500000, 0x000000008a500000| Complete 
| 166|0x000000008a600000, 0x000000008a700000, 0x000000008a700000|100%| E|CS|TAMS 0x000000008a600000, 0x000000008a600000| Complete 
| 167|0x000000008a700000, 0x000000008a800000, 0x000000008a800000|100%| E|CS|TAMS 0x000000008a700000, 0x000000008a700000| Complete 
| 168|0x000000008a800000, 0x000000008a900000, 0x000000008a900000|100%| E|CS|TAMS 0x000000008a800000, 0x000000008a800000| Complete 
| 169|0x000000008a900000, 0x000000008aa00000, 0x000000008aa00000|100%| E|CS|TAMS 0x000000008a900000, 0x000000008a900000| Complete 
| 170|0x000000008aa00000, 0x000000008ab00000, 0x000000008ab00000|100%| E|CS|TAMS 0x000000008aa00000, 0x000000008aa00000| Complete 
| 171|0x000000008ab00000, 0x000000008ac00000, 0x000000008ac00000|100%| E|CS|TAMS 0x000000008ab00000, 0x000000008ab00000| Complete 
| 172|0x000000008ac00000, 0x000000008ad00000, 0x000000008ad00000|100%| E|CS|TAMS 0x000000008ac00000, 0x000000008ac00000| Complete 
| 173|0x000000008ad00000, 0x000000008ae00000, 0x000000008ae00000|100%| E|CS|TAMS 0x000000008ad00000, 0x000000008ad00000| Complete 
| 174|0x000000008ae00000, 0x000000008af00000, 0x000000008af00000|100%| E|CS|TAMS 0x000000008ae00000, 0x000000008ae00000| Complete 
| 175|0x000000008af00000, 0x000000008b000000, 0x000000008b000000|100%| E|CS|TAMS 0x000000008af00000, 0x000000008af00000| Complete 
| 176|0x000000008b000000, 0x000000008b100000, 0x000000008b100000|100%| E|CS|TAMS 0x000000008b000000, 0x000000008b000000| Complete 
| 177|0x000000008b100000, 0x000000008b200000, 0x000000008b200000|100%| E|CS|TAMS 0x000000008b100000, 0x000000008b100000| Complete 
| 178|0x000000008b200000, 0x000000008b300000, 0x000000008b300000|100%| E|CS|TAMS 0x000000008b200000, 0x000000008b200000| Complete 
| 179|0x000000008b300000, 0x000000008b400000, 0x000000008b400000|100%| E|CS|TAMS 0x000000008b300000, 0x000000008b300000| Complete 
| 180|0x000000008b400000, 0x000000008b500000, 0x000000008b500000|100%| E|CS|TAMS 0x000000008b400000, 0x000000008b400000| Complete 
| 181|0x000000008b500000, 0x000000008b600000, 0x000000008b600000|100%| E|CS|TAMS 0x000000008b500000, 0x000000008b500000| Complete 
| 182|0x000000008b600000, 0x000000008b700000, 0x000000008b700000|100%| E|CS|TAMS 0x000000008b600000, 0x000000008b600000| Complete 
| 183|0x000000008b700000, 0x000000008b800000, 0x000000008b800000|100%| E|CS|TAMS 0x000000008b700000, 0x000000008b700000| Complete 
| 184|0x000000008b800000, 0x000000008b900000, 0x000000008b900000|100%| E|CS|TAMS 0x000000008b800000, 0x000000008b800000| Complete 
| 185|0x000000008b900000, 0x000000008ba00000, 0x000000008ba00000|100%| E|CS|TAMS 0x000000008b900000, 0x000000008b900000| Complete 
| 186|0x000000008ba00000, 0x000000008bb00000, 0x000000008bb00000|100%| E|CS|TAMS 0x000000008ba00000, 0x000000008ba00000| Complete 
| 187|0x000000008bb00000, 0x000000008bc00000, 0x000000008bc00000|100%| E|CS|TAMS 0x000000008bb00000, 0x000000008bb00000| Complete 
| 188|0x000000008bc00000, 0x000000008bd00000, 0x000000008bd00000|100%| E|CS|TAMS 0x000000008bc00000, 0x000000008bc00000| Complete 
| 189|0x000000008bd00000, 0x000000008be00000, 0x000000008be00000|100%| E|  |TAMS 0x000000008bd00000, 0x000000008bd00000| Complete 
| 190|0x000000008be00000, 0x000000008bf00000, 0x000000008bf00000|100%| E|CS|TAMS 0x000000008be00000, 0x000000008be00000| Complete 
| 191|0x000000008bf00000, 0x000000008c000000, 0x000000008c000000|100%| E|CS|TAMS 0x000000008bf00000, 0x000000008bf00000| Complete 

Card table byte_map: [0x000002732dcd0000,0x000002732e0d0000] _byte_map_base: 0x000002732d8d0000

Marking Bits (Prev, Next): (CMBitMap*) 0x00000273143927c8, (CMBitMap*) 0x0000027314392800
 Prev Bits: [0x000002732e4d0000, 0x00000273304d0000)
 Next Bits: [0x00000273304d0000, 0x00000273324d0000)

Polling page: 0x0000027314210000

Metaspace:

Usage:
  Non-class:     42.56 MB capacity,    41.83 MB ( 98%) used,   609.34 KB (  1%) free+waste,   138.63 KB ( <1%) overhead. 
      Class:      6.66 MB capacity,     6.14 MB ( 92%) used,   460.98 KB (  7%) free+waste,    68.00 KB ( <1%) overhead. 
       Both:     49.22 MB capacity,    47.97 MB ( 97%) used,     1.05 MB (  2%) free+waste,   206.63 KB ( <1%) overhead. 

Virtual space:
  Non-class space:       44.00 MB reserved,      42.58 MB ( 97%) committed 
      Class space:      504.00 MB reserved,       6.75 MB (  1%) committed 
             Both:      548.00 MB reserved,      49.33 MB (  9%) committed 

Chunk freelists:
   Non-Class:  15.00 KB
       Class:  0 bytes
        Both:  15.00 KB

MaxMetaspaceSize: 512.00 MB
CompressedClassSpaceSize: 504.00 MB
Initial GC threshold: 20.80 MB
Current GC threshold: 58.88 MB
CDS: off

CodeHeap 'non-profiled nmethods': size=120064Kb used=2810Kb max_used=2810Kb free=117253Kb
 bounds [0x0000027325d70000, 0x0000027326030000, 0x000002732d2b0000]
CodeHeap 'profiled nmethods': size=120000Kb used=9813Kb max_used=9813Kb free=110186Kb
 bounds [0x000002731e840000, 0x000002731f1e0000, 0x0000027325d70000]
CodeHeap 'non-nmethods': size=5696Kb used=2292Kb max_used=2327Kb free=3403Kb
 bounds [0x000002731e2b0000, 0x000002731e520000, 0x000002731e840000]
 total_blobs=5393 nmethods=4601 adapters=704
 compilation: enabled
              stopped_count=0, restarted_count=0
 full_count=0

Compilation events (20 events):
Event: 135.905 Thread 0x0000027334b5e800 nmethod 4605 0x000002731f1cf890 code [0x000002731f1cfa40, 0x000002731f1cfb38]
Event: 135.905 Thread 0x0000027334b5e800 4606       3       com.google.common.cache.LocalCache$NullEntry::setPreviousInAccessQueue (1 bytes)
Event: 135.905 Thread 0x0000027334b5e800 nmethod 4606 0x000002731f1cfc10 code [0x000002731f1cfdc0, 0x000002731f1cfeb8]
Event: 135.910 Thread 0x0000027334b5e800 4607       3       java.util.stream.Collectors$$Lambda$61/0x0000000100161840::get (8 bytes)
Event: 135.910 Thread 0x0000027334b5e800 nmethod 4607 0x000002731f1cff90 code [0x000002731f1d0160, 0x000002731f1d0498]
Event: 135.911 Thread 0x0000027334b5e800 4608       3       jdk.internal.misc.Unsafe::getAndAddLong (27 bytes)
Event: 135.911 Thread 0x0000027334b5e800 nmethod 4608 0x000002731f1d0610 code [0x000002731f1d07c0, 0x000002731f1d0a18]
Event: 135.911 Thread 0x0000027334b5e800 4610       3       jdk.internal.misc.Unsafe::weakCompareAndSetLong (11 bytes)
Event: 135.911 Thread 0x0000027334b5e800 nmethod 4610 0x000002731f1d0b10 code [0x000002731f1d0cc0, 0x000002731f1d0dd8]
Event: 135.911 Thread 0x0000027334b5e800 4611       3       org.gradle.cache.internal.DefaultFileLockManager$DefaultFileLock::assertOpen (18 bytes)
Event: 135.911 Thread 0x0000027334b5e800 nmethod 4611 0x000002731f1d0e90 code [0x000002731f1d1060, 0x000002731f1d1268]
Event: 135.916 Thread 0x0000027334b5e800 4612       3       org.gradle.cache.internal.btree.BTreePersistentIndexedCache$IndexBlock::read (94 bytes)
Event: 135.916 Thread 0x0000027334b5e800 nmethod 4612 0x000002731f1d1390 code [0x000002731f1d1600, 0x000002731f1d1d98]
Event: 135.917 Thread 0x0000027334b5e800 4613       3       org.gradle.cache.internal.btree.BTreePersistentIndexedCache$1::create (65 bytes)
Event: 135.918 Thread 0x0000027334b5e800 nmethod 4613 0x000002731f1d2090 code [0x000002731f1d2360, 0x000002731f1d3388]
Event: 135.918 Thread 0x0000027334b5c800 4614       4       org.gradle.internal.snapshot.PathUtil::isFileSeparator (20 bytes)
Event: 135.918 Thread 0x0000027334b5c800 nmethod 4614 0x000002732602e590 code [0x000002732602e720, 0x000002732602e778]
Event: 135.921 Thread 0x0000027334b5c800 4615       4       sun.invoke.util.BytecodeDescriptor::unparseSig (91 bytes)
Event: 135.922 Thread 0x0000027334b5e800 4616  s    3       java.io.ByteArrayOutputStream::toByteArray (12 bytes)
Event: 135.923 Thread 0x0000027334b5e800 nmethod 4616 0x000002731f1d3890 code [0x000002731f1d3a60, 0x000002731f1d3f28]

GC Heap History (10 events):
Event: 8.907 GC heap before
{Heap before GC invocations=0 (full 0):
 garbage-first heap   total 196608K, used 13312K [0x0000000080000000, 0x0000000100000000)
  region size 1024K, 14 young (14336K), 0 survivors (0K)
 Metaspace       used 6823K, capacity 7057K, committed 7424K, reserved 524288K
  class space    used 575K, capacity 650K, committed 768K, reserved 516096K
}
Event: 9.515 GC heap after
{Heap after GC invocations=1 (full 0):
 garbage-first heap   total 196608K, used 3858K [0x0000000080000000, 0x0000000100000000)
  region size 1024K, 2 young (2048K), 2 survivors (2048K)
 Metaspace       used 6823K, capacity 7057K, committed 7424K, reserved 524288K
  class space    used 575K, capacity 650K, committed 768K, reserved 516096K
}
Event: 41.343 GC heap before
{Heap before GC invocations=1 (full 0):
 garbage-first heap   total 196608K, used 110354K [0x0000000080000000, 0x0000000100000000)
  region size 1024K, 102 young (104448K), 2 survivors (2048K)
 Metaspace       used 20754K, capacity 21158K, committed 21296K, reserved 536576K
  class space    used 2474K, capacity 2618K, committed 2688K, reserved 516096K
}
Event: 41.354 GC heap after
{Heap after GC invocations=2 (full 0):
 garbage-first heap   total 196608K, used 18625K [0x0000000080000000, 0x0000000100000000)
  region size 1024K, 13 young (13312K), 13 survivors (13312K)
 Metaspace       used 20754K, capacity 21158K, committed 21296K, reserved 536576K
  class space    used 2474K, capacity 2618K, committed 2688K, reserved 516096K
}
Event: 48.079 GC heap before
{Heap before GC invocations=3 (full 0):
 garbage-first heap   total 196608K, used 74945K [0x0000000080000000, 0x0000000100000000)
  region size 1024K, 68 young (69632K), 13 survivors (13312K)
 Metaspace       used 26178K, capacity 26773K, committed 27056K, reserved 540672K
  class space    used 3340K, capacity 3556K, committed 3584K, reserved 516096K
}
Event: 48.091 GC heap after
{Heap after GC invocations=4 (full 0):
 garbage-first heap   total 196608K, used 20094K [0x0000000080000000, 0x0000000100000000)
  region size 1024K, 3 young (3072K), 3 survivors (3072K)
 Metaspace       used 26178K, capacity 26773K, committed 27056K, reserved 540672K
  class space    used 3340K, capacity 3556K, committed 3584K, reserved 516096K
}
Event: 55.865 GC heap before
{Heap before GC invocations=4 (full 0):
 garbage-first heap   total 196608K, used 88702K [0x0000000080000000, 0x0000000100000000)
  region size 1024K, 71 young (72704K), 3 survivors (3072K)
 Metaspace       used 34942K, capacity 35801K, committed 35920K, reserved 548864K
  class space    used 4446K, capacity 4783K, committed 4864K, reserved 516096K
}
Event: 55.876 GC heap after
{Heap after GC invocations=5 (full 0):
 garbage-first heap   total 196608K, used 23275K [0x0000000080000000, 0x0000000100000000)
  region size 1024K, 6 young (6144K), 6 survivors (6144K)
 Metaspace       used 34942K, capacity 35801K, committed 35920K, reserved 548864K
  class space    used 4446K, capacity 4783K, committed 4864K, reserved 516096K
}
Event: 122.074 GC heap before
{Heap before GC invocations=6 (full 0):
 garbage-first heap   total 196608K, used 128747K [0x0000000080000000, 0x0000000100000000)
  region size 1024K, 107 young (109568K), 6 survivors (6144K)
 Metaspace       used 43280K, capacity 44485K, committed 44752K, reserved 555008K
  class space    used 5467K, capacity 5957K, committed 6016K, reserved 516096K
}
Event: 122.090 GC heap after
{Heap after GC invocations=7 (full 0):
 garbage-first heap   total 196608K, used 30226K [0x0000000080000000, 0x0000000100000000)
  region size 1024K, 13 young (13312K), 13 survivors (13312K)
 Metaspace       used 43280K, capacity 44485K, committed 44752K, reserved 555008K
  class space    used 5467K, capacity 5957K, committed 6016K, reserved 516096K
}

Deoptimization events (20 events):
Event: 133.255 Thread 0x0000027336024800 Uncommon trap: trap_request=0xffffff4d fr.pc=0x0000027325e6a010 relative=0x0000000000000250
Event: 133.255 Thread 0x0000027336024800 Uncommon trap: reason=unstable_if action=reinterpret pc=0x0000027325e6a010 method=java.util.HashMap.hash(Ljava/lang/Object;)I @ 1 c2
Event: 133.255 Thread 0x0000027336024800 DEOPT PACKING pc=0x0000027325e6a010 sp=0x000000d9d21f7420
Event: 133.255 Thread 0x0000027336024800 DEOPT UNPACKING pc=0x000002731e2fa1af sp=0x000000d9d21f7358 mode 2
Event: 133.255 Thread 0x0000027336024800 Uncommon trap: trap_request=0xffffff4d fr.pc=0x0000027325e55e84 relative=0x00000000000001c4
Event: 133.255 Thread 0x0000027336024800 Uncommon trap: reason=unstable_if action=reinterpret pc=0x0000027325e55e84 method=java.util.HashMap.getNode(ILjava/lang/Object;)Ljava/util/HashMap$Node; @ 53 c2
Event: 133.255 Thread 0x0000027336024800 DEOPT PACKING pc=0x0000027325e55e84 sp=0x000000d9d21f73a0
Event: 133.255 Thread 0x0000027336024800 DEOPT UNPACKING pc=0x000002731e2fa1af sp=0x000000d9d21f7328 mode 2
Event: 133.255 Thread 0x0000027336024800 Uncommon trap: trap_request=0xffffff4d fr.pc=0x0000027325f29510 relative=0x0000000000000710
Event: 133.255 Thread 0x0000027336024800 Uncommon trap: reason=unstable_if action=reinterpret pc=0x0000027325f29510 method=java.util.HashMap.putVal(ILjava/lang/Object;Ljava/lang/Object;ZZ)Ljava/lang/Object; @ 85 c2
Event: 133.255 Thread 0x0000027336024800 DEOPT PACKING pc=0x0000027325f29510 sp=0x000000d9d21f73e0
Event: 133.255 Thread 0x0000027336024800 DEOPT UNPACKING pc=0x000002731e2fa1af sp=0x000000d9d21f7310 mode 2
Event: 133.260 Thread 0x0000027336024800 Uncommon trap: trap_request=0xffffff4d fr.pc=0x0000027325ed8af0 relative=0x0000000000000310
Event: 133.260 Thread 0x0000027336024800 Uncommon trap: reason=unstable_if action=reinterpret pc=0x0000027325ed8af0 method=org.gradle.internal.reflect.PropertyAccessorType.isGetGetterName(Ljava/lang/String;)Z @ 14 c2
Event: 133.260 Thread 0x0000027336024800 DEOPT PACKING pc=0x0000027325ed8af0 sp=0x000000d9d21f7f00
Event: 133.260 Thread 0x0000027336024800 DEOPT UNPACKING pc=0x000002731e2fa1af sp=0x000000d9d21f7e58 mode 2
Event: 133.942 Thread 0x0000027336024800 Uncommon trap: trap_request=0xffffff4d fr.pc=0x0000027325ecf608 relative=0x00000000000000e8
Event: 133.942 Thread 0x0000027336024800 Uncommon trap: reason=unstable_if action=reinterpret pc=0x0000027325ecf608 method=org.objectweb.asm.ByteVector.putShort(I)Lorg/objectweb/asm/ByteVector; @ 13 c2
Event: 133.942 Thread 0x0000027336024800 DEOPT PACKING pc=0x0000027325ecf608 sp=0x000000d9d21f79a0
Event: 133.942 Thread 0x0000027336024800 DEOPT UNPACKING pc=0x000002731e2fa1af sp=0x000000d9d21f7938 mode 2

Classes redefined (0 events):
No events

Internal exceptions (20 events):
Event: 118.522 Thread 0x0000027336024800 Exception <a 'java/lang/ClassNotFoundException'{0x0000000086d68950}: org/gradle/internal/logging/slf4j/BuildOperationAwareLoggerBeanInfo> (0x0000000086d68950) thrown at [./src/hotspot/share/classfile/systemDictionary.cpp, line 230]
Event: 118.523 Thread 0x0000027336024800 Exception <a 'java/lang/ClassNotFoundException'{0x0000000086d94388}: org/gradle/internal/logging/slf4j/BuildOperationAwareLoggerCustomizer> (0x0000000086d94388) thrown at [./src/hotspot/share/classfile/systemDictionary.cpp, line 230]
Event: 118.550 Thread 0x0000027336024800 Exception <a 'java/lang/ClassNotFoundException'{0x0000000086df2a68}: org/gradle/internal/logging/slf4j/OutputEventListenerBackedLoggerCustomizer> (0x0000000086df2a68) thrown at [./src/hotspot/share/classfile/systemDictionary.cpp, line 230]
Event: 118.972 Thread 0x0000027336024800 Implicit null exception at 0x0000027325ed95ec to 0x0000027325ed9694
Event: 118.974 Thread 0x0000027336024800 Exception <a 'java/lang/ClassNotFoundException'{0x0000000086b9c988}: java/io/FileBeanInfo> (0x0000000086b9c988) thrown at [./src/hotspot/share/classfile/systemDictionary.cpp, line 230]
Event: 118.974 Thread 0x0000027336024800 Exception <a 'java/lang/ClassNotFoundException'{0x0000000086ba22b0}: java/io/FileCustomizer> (0x0000000086ba22b0) thrown at [./src/hotspot/share/classfile/systemDictionary.cpp, line 230]
Event: 118.982 Thread 0x0000027336024800 Exception <a 'java/lang/NoSuchMethodError'{0x0000000086beb9e0}: 'void java.lang.invoke.DirectMethodHandle$Holder.invokeInterface(java.lang.Object, java.lang.Object)'> (0x0000000086beb9e0) thrown at [./src/hotspot/share/interpreter/linkResolver.cpp, line 773]
Event: 119.657 Thread 0x0000027336024800 Exception <a 'java/lang/NoSuchMethodError'{0x00000000866173f0}: 'java.lang.Object java.lang.invoke.DirectMethodHandle$Holder.invokeSpecial(java.lang.Object, java.lang.Object, java.lang.Object, java.lang.Object, java.lang.Object, java.lang.Object, java.lang.Object, java.lang.Object, java.lang.Object, java.lang.Object)'> (0x00000000866173f0) thrown at [./src/hotspot/share/interpreter/linkResolver.cpp, line 773]
Event: 119.658 Thread 0x0000027336024800 Exception <a 'java/lang/NoSuchMethodError'{0x000000008661fb20}: 'java.lang.Object java.lang.invoke.Invokers$Holder.invoker(java.lang.Object, java.lang.Object, java.lang.Object, java.lang.Object, java.lang.Object, java.lang.Object, java.lang.Object, java.lang.Object, java.lang.Object)'> (0x000000008661fb20) thrown at [./src/hotspot/share/interpreter/linkResolver.cpp, line 773]
Event: 119.695 Thread 0x0000027336024800 Exception <a 'java/lang/NoSuchMethodError'{0x00000000865d4088}: 'java.lang.Object java.lang.invoke.DelegatingMethodHandle$Holder.reinvoke_L(java.lang.Object, java.lang.Object, java.lang.Object, java.lang.Object, java.lang.Object, java.lang.Object, java.lang.Object, java.lang.Object, java.lang.Object, java.lang.Object, java.lang.Object, java.lang.Object, java.lang.Object, java.lang.Object, java.lang.Object, java.lang.Object, java.lang.Object, java.lang.Object, java.lang.Object, java.lang.Object, java.lang.O
Event: 119.696 Thread 0x0000027336024800 Exception <a 'java/lang/NoSuchMethodError'{0x00000000865dfa40}: 'java.lang.Object java.lang.invoke.Invokers$Holder.invoker(java.lang.Object, java.lang.Object, java.lang.Object, java.lang.Object, java.lang.Object, java.lang.Object, java.lang.Object, java.lang.Object, java.lang.Object, java.lang.Object, java.lang.Object, java.lang.Object, java.lang.Object, java.lang.Object, java.lang.Object, java.lang.Object, java.lang.Object, java.lang.Object, java.lang.Object, java.lang.Object, java.lang.Object)'> (0x00000
Event: 119.697 Thread 0x0000027336024800 Exception <a 'java/lang/NoSuchMethodError'{0x00000000865e6a68}: 'java.lang.Object java.lang.invoke.DelegatingMethodHandle$Holder.delegate(java.lang.Object, java.lang.Object, java.lang.Object, java.lang.Object, java.lang.Object, java.lang.Object, java.lang.Object, java.lang.Object, java.lang.Object, java.lang.Object, java.lang.Object, java.lang.Object, java.lang.Object, java.lang.Object, java.lang.Object, java.lang.Object, java.lang.Object, java.lang.Object, java.lang.Object, java.lang.Object, java.lang.Obj
Event: 119.896 Thread 0x0000027336024800 Exception <a 'java/lang/NoSuchMethodError'{0x000000008642aa90}: 'java.lang.Object java.lang.invoke.DirectMethodHandle$Holder.invokeStatic(java.lang.Object, java.lang.Object, java.lang.Object, java.lang.Object, java.lang.Object, java.lang.Object, java.lang.Object, java.lang.Object, java.lang.Object, java.lang.Object, java.lang.Object, java.lang.Object, java.lang.Object, java.lang.Object, java.lang.Object)'> (0x000000008642aa90) thrown at [./src/hotspot/share/interpreter/linkResolver.cpp, line 773]
Event: 119.902 Thread 0x0000027336024800 Exception <a 'java/lang/NoSuchMethodError'{0x000000008643ae20}: 'java.lang.Object java.lang.invoke.DirectMethodHandle$Holder.invokeStatic(java.lang.Object, java.lang.Object, java.lang.Object, java.lang.Object, java.lang.Object, java.lang.Object, java.lang.Object, java.lang.Object, java.lang.Object, java.lang.Object, java.lang.Object, java.lang.Object, java.lang.Object, java.lang.Object, java.lang.Object, java.lang.Object)'> (0x000000008643ae20) thrown at [./src/hotspot/share/interpreter/linkResolver.cpp, l
Event: 119.903 Thread 0x0000027336024800 Exception <a 'java/lang/NoSuchMethodError'{0x000000008644b0c0}: 'java.lang.Object java.lang.invoke.DelegatingMethodHandle$Holder.reinvoke_L(java.lang.Object, java.lang.Object, java.lang.Object, java.lang.Object, java.lang.Object, java.lang.Object, java.lang.Object, java.lang.Object, java.lang.Object, java.lang.Object, java.lang.Object, java.lang.Object, java.lang.Object, java.lang.Object, java.lang.Object, java.lang.Object, java.lang.Object, java.lang.Object, java.lang.Object, java.lang.Object)'> (0x000000
Event: 120.907 Thread 0x0000027336024800 Exception <a 'java/lang/IncompatibleClassChangeError'{0x00000000856c6a00}: Found class java.lang.Object, but interface was expected> (0x00000000856c6a00) thrown at [./src/hotspot/share/interpreter/linkResolver.cpp, line 839]
Event: 123.224 Thread 0x0000027336024800 Exception <a 'java/lang/IncompatibleClassChangeError'{0x000000008bad45c0}: Found class java.lang.Object, but interface was expected> (0x000000008bad45c0) thrown at [./src/hotspot/share/interpreter/linkResolver.cpp, line 839]
Event: 123.441 Thread 0x0000027336024800 Exception <a 'java/lang/NoSuchMethodError'{0x000000008b723268}: 'int java.lang.invoke.DirectMethodHandle$Holder.invokeStaticInit(java.lang.Object, java.lang.Object, java.lang.Object, java.lang.Object, java.lang.Object)'> (0x000000008b723268) thrown at [./src/hotspot/share/interpreter/linkResolver.cpp, line 773]
Event: 128.576 Thread 0x0000027336024800 Exception <a 'java/lang/NoSuchMethodError'{0x000000008a473cb8}: 'java.lang.Object java.lang.invoke.DirectMethodHandle$Holder.invokeStatic(java.lang.Object, int, java.lang.Object)'> (0x000000008a473cb8) thrown at [./src/hotspot/share/interpreter/linkResolver.cpp, line 773]
Event: 133.255 Thread 0x0000027336024800 Implicit null exception at 0x0000027325e69df4 to 0x0000027325e6a004

Events (20 events):
Event: 135.497 loading class org/gradle/internal/execution/steps/SkipEmptyWorkStep
Event: 135.497 loading class org/gradle/internal/execution/steps/SkipEmptyWorkStep done
Event: 135.498 loading class org/gradle/internal/execution/steps/SkipEmptyWorkStep$1
Event: 135.498 loading class org/gradle/internal/execution/steps/SkipEmptyWorkStep$1 done
Event: 135.918 loading class org/gradle/internal/execution/UnitOfWork
Event: 135.918 loading class org/gradle/internal/execution/UnitOfWork done
Event: 135.918 loading class org/gradle/internal/execution/caching/CachingState$Enabled
Event: 135.918 loading class org/gradle/internal/execution/caching/CachingState$Enabled done
Event: 135.919 loading class org/gradle/internal/execution/caching/CachingState$Enabled
Event: 135.919 loading class org/gradle/internal/execution/caching/CachingState$Enabled done
Event: 135.919 loading class org/gradle/internal/execution/steps/ResolveCachingStateStep
Event: 135.919 loading class org/gradle/internal/execution/steps/ResolveCachingStateStep done
Event: 135.919 loading class org/gradle/internal/execution/UnitOfWork
Event: 135.919 loading class org/gradle/internal/execution/UnitOfWork done
Event: 135.920 loading class org/gradle/internal/execution/caching/CachingState$Disabled
Event: 135.920 loading class org/gradle/internal/execution/caching/CachingState$Disabled done
Event: 135.920 loading class org/gradle/internal/execution/steps/ResolveCachingStateStep
Event: 135.920 loading class org/gradle/internal/execution/steps/ResolveCachingStateStep done
Event: 135.922 Executing VM operation: RevokeBias
Event: 135.922 Executing VM operation: RevokeBias done


Dynamic libraries:
0x00007ff649ea0000 - 0x00007ff649ead000 	C:\Program Files\Microsoft\jdk-11.0.18.10-hotspot\bin\java.exe
0x00007ffc80930000 - 0x00007ffc80b27000 	C:\Windows\SYSTEM32\ntdll.dll
0x00007ffc80740000 - 0x00007ffc807fd000 	C:\Windows\System32\KERNEL32.DLL
0x00007ffc7e5b0000 - 0x00007ffc7e8a6000 	C:\Windows\System32\KERNELBASE.dll
0x00007ffc7e010000 - 0x00007ffc7e110000 	C:\Windows\System32\ucrtbase.dll
0x00007ffc5a470000 - 0x00007ffc5a487000 	C:\Program Files\Microsoft\jdk-11.0.18.10-hotspot\bin\jli.dll
0x00007ffc804d0000 - 0x00007ffc8066e000 	C:\Windows\System32\USER32.dll
0x00007ffc7e960000 - 0x00007ffc7e982000 	C:\Windows\System32\win32u.dll
0x00007ffc7f2b0000 - 0x00007ffc7f2dc000 	C:\Windows\System32\GDI32.dll
0x00007ffc7e2a0000 - 0x00007ffc7e3ba000 	C:\Windows\System32\gdi32full.dll
0x00007ffc7e510000 - 0x00007ffc7e5ad000 	C:\Windows\System32\msvcp_win.dll
0x00007ffc61080000 - 0x00007ffc61095000 	C:\Program Files\Microsoft\jdk-11.0.18.10-hotspot\bin\VCRUNTIME140.dll
0x00007ffc6e390000 - 0x00007ffc6e62a000 	C:\Windows\WinSxS\amd64_microsoft.windows.common-controls_6595b64144ccf1df_6.0.19041.3570_none_60bb2a3971f3e41a\COMCTL32.dll
0x00007ffc803b0000 - 0x00007ffc8044e000 	C:\Windows\System32\msvcrt.dll
0x00007ffc802d0000 - 0x00007ffc80300000 	C:\Windows\System32\IMM32.DLL
0x00007ffc50150000 - 0x00007ffc501eb000 	C:\Program Files\Microsoft\jdk-11.0.18.10-hotspot\bin\msvcp140.dll
0x00007ffc4f5b0000 - 0x00007ffc50142000 	C:\Program Files\Microsoft\jdk-11.0.18.10-hotspot\bin\server\jvm.dll
0x00007ffc7f200000 - 0x00007ffc7f2ae000 	C:\Windows\System32\ADVAPI32.dll
0x00007ffc7f160000 - 0x00007ffc7f1fc000 	C:\Windows\System32\sechost.dll
0x00007ffc7eee0000 - 0x00007ffc7f006000 	C:\Windows\System32\RPCRT4.dll
0x00007ffc804b0000 - 0x00007ffc804b8000 	C:\Windows\System32\PSAPI.DLL
0x00007ffc77cf0000 - 0x00007ffc77cf9000 	C:\Windows\SYSTEM32\WSOCK32.dll
0x00007ffc80880000 - 0x00007ffc808eb000 	C:\Windows\System32\WS2_32.dll
0x00007ffc74200000 - 0x00007ffc74227000 	C:\Windows\SYSTEM32\WINMM.dll
0x00007ffc70d00000 - 0x00007ffc70d0a000 	C:\Windows\SYSTEM32\VERSION.dll
0x00007ffc7bed0000 - 0x00007ffc7bee2000 	C:\Windows\SYSTEM32\kernel.appcore.dll
0x00007ffc5e640000 - 0x00007ffc5e650000 	C:\Program Files\Microsoft\jdk-11.0.18.10-hotspot\bin\verify.dll
0x00007ffc6f2b0000 - 0x00007ffc6f494000 	C:\Windows\SYSTEM32\DBGHELP.DLL
0x00007ffc6f5a0000 - 0x00007ffc6f5d4000 	C:\Windows\SYSTEM32\dbgcore.DLL
0x00007ffc7e410000 - 0x00007ffc7e492000 	C:\Windows\System32\bcryptPrimitives.dll
0x00007ffc59790000 - 0x00007ffc597b8000 	C:\Program Files\Microsoft\jdk-11.0.18.10-hotspot\bin\java.dll
0x00007ffc5beb0000 - 0x00007ffc5beba000 	C:\Program Files\Microsoft\jdk-11.0.18.10-hotspot\bin\jimage.dll
0x00007ffc59770000 - 0x00007ffc59788000 	C:\Program Files\Microsoft\jdk-11.0.18.10-hotspot\bin\zip.dll
0x00007ffc7f2e0000 - 0x00007ffc7fa24000 	C:\Windows\System32\SHELL32.dll
0x00007ffc7c0d0000 - 0x00007ffc7c86b000 	C:\Windows\SYSTEM32\windows.storage.dll
0x00007ffc7fa30000 - 0x00007ffc7fd84000 	C:\Windows\System32\combase.dll
0x00007ffc7d980000 - 0x00007ffc7d9ad000 	C:\Windows\SYSTEM32\Wldp.dll
0x00007ffc80300000 - 0x00007ffc803ad000 	C:\Windows\System32\SHCORE.dll
0x00007ffc7f100000 - 0x00007ffc7f155000 	C:\Windows\System32\shlwapi.dll
0x00007ffc7df40000 - 0x00007ffc7df65000 	C:\Windows\SYSTEM32\profapi.dll
0x00007ffc593b0000 - 0x00007ffc593c9000 	C:\Program Files\Microsoft\jdk-11.0.18.10-hotspot\bin\net.dll
0x00007ffc77060000 - 0x00007ffc7716a000 	C:\Windows\SYSTEM32\WINHTTP.dll
0x00007ffc7d6e0000 - 0x00007ffc7d74a000 	C:\Windows\system32\mswsock.dll
0x00007ffc592b0000 - 0x00007ffc592c3000 	C:\Program Files\Microsoft\jdk-11.0.18.10-hotspot\bin\nio.dll
0x00007ffc57660000 - 0x00007ffc57687000 	C:\Users\Faizan Ali\.gradle\native\68d5fa5c4cc2d200863cafc0d521ce42e7d3e7ee720ec0a83991735586a16f82\windows-amd64\native-platform.dll
0x00007ffc4f460000 - 0x00007ffc4f5a4000 	C:\Users\Faizan Ali\.gradle\native\e376f236ea51e6404a007f0833ffe2c6e607c4080706a723a18a27aeea778392\windows-amd64\native-platform-file-events.dll
0x00007ffc5bd90000 - 0x00007ffc5bd99000 	C:\Program Files\Microsoft\jdk-11.0.18.10-hotspot\bin\management.dll
0x00007ffc5b7e0000 - 0x00007ffc5b7eb000 	C:\Program Files\Microsoft\jdk-11.0.18.10-hotspot\bin\management_ext.dll
0x00007ffc7d8e0000 - 0x00007ffc7d8f8000 	C:\Windows\SYSTEM32\CRYPTSP.dll
0x00007ffc7cff0000 - 0x00007ffc7d024000 	C:\Windows\system32\rsaenh.dll
0x00007ffc7e270000 - 0x00007ffc7e297000 	C:\Windows\System32\bcrypt.dll
0x00007ffc7df00000 - 0x00007ffc7df2e000 	C:\Windows\SYSTEM32\USERENV.dll
0x00007ffc7d8d0000 - 0x00007ffc7d8dc000 	C:\Windows\SYSTEM32\CRYPTBASE.dll
0x00007ffc7d3d0000 - 0x00007ffc7d40b000 	C:\Windows\SYSTEM32\IPHLPAPI.DLL
0x00007ffc804c0000 - 0x00007ffc804c8000 	C:\Windows\System32\NSI.dll
0x00007ffc776b0000 - 0x00007ffc776c7000 	C:\Windows\SYSTEM32\dhcpcsvc6.DLL
0x00007ffc77c50000 - 0x00007ffc77c6d000 	C:\Windows\SYSTEM32\dhcpcsvc.DLL
0x00007ffc7d410000 - 0x00007ffc7d4da000 	C:\Windows\SYSTEM32\DNSAPI.dll

dbghelp: loaded successfully - version: 4.0.5 - missing functions: none
symbol engine: initialized successfully - sym options: 0x614 - pdb path: .;C:\Program Files\Microsoft\jdk-11.0.18.10-hotspot\bin;C:\Windows\SYSTEM32;C:\Windows\WinSxS\amd64_microsoft.windows.common-controls_6595b64144ccf1df_6.0.19041.3570_none_60bb2a3971f3e41a;C:\Program Files\Microsoft\jdk-11.0.18.10-hotspot\bin\server;C:\Users\Faizan Ali\.gradle\native\68d5fa5c4cc2d200863cafc0d521ce42e7d3e7ee720ec0a83991735586a16f82\windows-amd64;C:\Users\Faizan Ali\.gradle\native\e376f236ea51e6404a007f0833ffe2c6e607c4080706a723a18a27aeea778392\windows-amd64

VM Arguments:
jvm_args: -XX:MaxMetaspaceSize=512m --add-opens=java.base/java.util=ALL-UNNAMED --add-opens=java.base/java.lang=ALL-UNNAMED --add-opens=java.base/java.lang.invoke=ALL-UNNAMED --add-opens=java.prefs/java.util.prefs=ALL-UNNAMED --add-opens=java.base/java.nio.charset=ALL-UNNAMED --add-opens=java.base/java.net=ALL-UNNAMED --add-opens=java.base/java.util.concurrent.atomic=ALL-UNNAMED -Xmx2048m -Dfile.encoding=windows-1252 -Duser.country=US -Duser.language=en -Duser.variant 
java_command: org.gradle.launcher.daemon.bootstrap.GradleDaemon 8.0.1
java_class_path (initial): C:\Users\Faizan Ali\.gradle\wrapper\dists\gradle-8.0.1-all\aro4hu1c3oeioove7l0i4i14o\gradle-8.0.1\lib\gradle-launcher-8.0.1.jar
Launcher Type: SUN_STANDARD

[Global flags]
     intx CICompilerCount                          = 3                                         {product} {ergonomic}
   size_t CompressedClassSpaceSize                 = 528482304                                 {product} {ergonomic}
     uint ConcGCThreads                            = 1                                         {product} {ergonomic}
     uint G1ConcRefinementThreads                  = 4                                         {product} {ergonomic}
   size_t G1HeapRegionSize                         = 1048576                                   {product} {ergonomic}
    uintx GCDrainStackTargetSize                   = 64                                        {product} {ergonomic}
   size_t InitialHeapSize                          = 201326592                                 {product} {ergonomic}
   size_t MarkStackSize                            = 4194304                                   {product} {ergonomic}
   size_t MaxHeapSize                              = 2147483648                                {product} {command line}
   size_t MaxMetaspaceSize                         = 536870912                                 {product} {command line}
   size_t MaxNewSize                               = 1287651328                                {product} {ergonomic}
   size_t MinHeapDeltaBytes                        = 1048576                                   {product} {ergonomic}
    uintx NonNMethodCodeHeapSize                   = 5830732                                {pd product} {ergonomic}
    uintx NonProfiledCodeHeapSize                  = 122913754                              {pd product} {ergonomic}
    uintx ProfiledCodeHeapSize                     = 122913754                              {pd product} {ergonomic}
    uintx ReservedCodeCacheSize                    = 251658240                              {pd product} {ergonomic}
     bool SegmentedCodeCache                       = true                                      {product} {ergonomic}
     bool UseCompressedClassPointers               = true                                 {lp64_product} {ergonomic}
     bool UseCompressedOops                        = true                                 {lp64_product} {ergonomic}
     bool UseG1GC                                  = true                                      {product} {ergonomic}
     bool UseLargePagesIndividualAllocation        = false                                  {pd product} {ergonomic}

Logging:
Log output configuration:
 #0: stdout all=warning uptime,level,tags
 #1: stderr all=off uptime,level,tags

Environment Variables:
JAVA_HOME=C:\Program Files\Microsoft\jdk-11.0.18.10-hotspot\
CLASSPATH=C:\Users\Faizan Ali\Mobile apps\mechanic\android\\gradle\wrapper\gradle-wrapper.jar
PATH=C:\Users\Faizan Ali\Mobile apps\mechanic\node_modules\.bin;C:\Users\Faizan Ali\Mobile apps\mechanic\node_modules\.bin;C:\Users\Faizan Ali\Mobile apps\node_modules\.bin;C:\Users\Faizan Ali\node_modules\.bin;C:\Users\node_modules\.bin;C:\node_modules\.bin;C:\Users\Faizan Ali\AppData\Roaming\npm\node_modules\npm\node_modules\@npmcli\run-script\lib\node-gyp-bin;C:\Users\Faizan Ali\Mobile apps\mechanic\node_modules\.bin;C:\Users\Faizan Ali\Mobile apps\node_modules\.bin;C:\Users\Faizan Ali\node_modules\.bin;C:\Users\node_modules\.bin;C:\node_modules\.bin;C:\Users\Faizan Ali\AppData\Roaming\npm\node_modules\npm\node_modules\@npmcli\run-script\lib\node-gyp-bin;C:\Program Files\Microsoft\jdk-11.0.18.10-hotspot\bin;C:\Windows\system32;C:\Windows;C:\Windows\System32\Wbem;C:\Windows\System32\WindowsPowerShell\v1.0\;C:\Windows\System32\OpenSSH\;C:\Program Files\nodejs\;C:\ProgramData\chocolatey\bin;C:\xampp\php;C:\composer;C:\Users\Faizan Ali\AppData\Local\Microsoft\WindowsApps;C:\Users\Faizan Ali\AppData\Local\Programs\Microsoft VS Code\bin;C:\Users\Faizan Ali\AppData\Roaming\npm;C:\Users\Faizan Ali\AppData\Local\GitHubDesktop\bin;C:\Users\Faizan Ali\AppData\Local\Programs\Git\cmd
USERNAME=Faizan Ali
LANG=en_US.UTF-8
OS=Windows_NT
PROCESSOR_IDENTIFIER=Intel64 Family 6 Model 60 Stepping 3, GenuineIntel
TMP=C:\Users\FAIZAN~1\AppData\Local\Temp
TEMP=C:\Users\FAIZAN~1\AppData\Local\Temp



---------------  S Y S T E M  ---------------

OS: Windows 10 , 64 bit Build 19041 (10.0.19041.3570)
OS uptime: 7 days 10:02 hours

CPU:total 4 (initial active 4) (4 cores per cpu, 1 threads per core) family 6 model 60 stepping 3 microcode 0x27, cmov, cx8, fxsr, mmx, sse, sse2, sse3, ssse3, sse4.1, sse4.2, popcnt, avx, avx2, aes, clmul, erms, lzcnt, tsc, tscinvbit, bmi1, bmi2, fma

Memory: 4k page, system-wide physical 12201M (319M free)
TotalPageFile size 42655M (AvailPageFile size 6M)
current process WorkingSet (physical memory assigned to process): 219M, peak: 269M
current process commit charge ("private bytes"): 363M, peak: 375M

vm_info: OpenJDK 64-Bit Server VM (11.0.18+10-LTS) for windows-amd64 JRE (11.0.18+10-LTS), built on Jan 18 2023 15:56:47 by "MicrosoftCorporation" with MS VC++ 15.9 (VS2017)

END.
