#
# There is insufficient memory for the Java Runtime Environment to continue.
# Native memory allocation (malloc) failed to allocate 9104 bytes for AllocateHeap
# Possible reasons:
#   The system is out of physical RAM or swap space
#   The process is running with CompressedOops enabled, and the Java Heap may be blocking the growth of the native heap
# Possible solutions:
#   Reduce memory load on the system
#   Increase physical memory or swap space
#   Check if swap backing store is full
#   Decrease Java heap size (-Xmx/-Xms)
#   Decrease number of Java threads
#   Decrease Java thread stack sizes (-Xss)
#   Set larger code cache with -XX:ReservedCodeCacheSize=
#   JVM is running with Unscaled Compressed Oops mode in which the Java heap is
#     placed in the first 4GB address space. The Java Heap base address is the
#     maximum limit for the native heap growth. Please use -XX:HeapBaseMinAddress
#     to set the Java Heap base and to place the Java Heap above 4GB virtual address.
# This output file may be truncated or incomplete.
#
#  Out of Memory Error (./src/hotspot/share/memory/allocation.cpp:46), pid=23204, tid=34664
#
# JRE version: OpenJDK Runtime Environment Microsoft-7208460 (11.0.18+10) (build 11.0.18+10-LTS)
# Java VM: OpenJDK 64-Bit Server VM Microsoft-7208460 (11.0.18+10-LTS, mixed mode, tiered, compressed oops, g1 gc, windows-amd64)
# No core dump will be written. Minidumps are not enabled by default on client versions of Windows
#

---------------  S U M M A R Y ------------

Command Line: -Xmx64m -Xms64m -Dorg.gradle.appname=gradlew org.gradle.wrapper.GradleWrapperMain tasks

Host: Intel(R) Core(TM) i5-4570 CPU @ 3.20GHz, 4 cores, 11G,  Windows 10 , 64 bit Build 19041 (10.0.19041.3570)
Time: Tue Nov  7 05:48:34 2023 Pakistan Standard Time elapsed time: 128.572969 seconds (0d 0h 2m 8s)

---------------  T H R E A D  ---------------

Current thread (0x0000022adcaf4800):  JavaThread "Exec process" [_thread_in_Java, id=34664, stack(0x0000008109d00000,0x0000008109e00000)]

Stack: [0x0000008109d00000,0x0000008109e00000]
[error occurred during error reporting (printing stack bounds), id 0xc0000005, EXCEPTION_ACCESS_VIOLATION (0xc0000005) at pc=0x00007ffc4fc4d40a]

Native frames: (J=compiled Java code, j=interpreted, Vv=VM code, C=native code)
V  [jvm.dll+0x62bf8a]
V  [jvm.dll+0x7b8fb9]
V  [jvm.dll+0x7ba6a8]
V  [jvm.dll+0x7bace5]
V  [jvm.dll+0x7bac9b]
V  [jvm.dll+0x62b317]
V  [jvm.dll+0x62ba28]
C  [ntdll.dll+0xa23af]
C  [ntdll.dll+0x514b4]
C  [ntdll.dll+0xa0ebe]
V  [jvm.dll+0x69d40a]
C  0x0000022ac9ec88be

Java frames: (J=compiled Java code, j=interpreted, Vv=VM code)
v  blob 0x0000022ac9f0a12b
J 210 c2 java.lang.String.codePointAt(I)I java.base@11.0.18 (50 bytes) @ 0x0000022ad198e59c [0x0000022ad198e520+0x000000000000007c]
J 207 c1 java.util.regex.Pattern.compile()V java.base@11.0.18 (498 bytes) @ 0x0000022aca498c6c [0x0000022aca4987e0+0x000000000000048c]
j  java.util.regex.Pattern.<init>(Ljava/lang/String;I)V+108 java.base@11.0.18
j  java.util.regex.Pattern.compile(Ljava/lang/String;)Ljava/util/regex/Pattern;+6 java.base@11.0.18
j  java.util.Scanner.linePattern()Ljava/util/regex/Pattern;+10 java.base@11.0.18
j  java.util.Scanner.nextLine()Ljava/lang/String;+14 java.base@11.0.18
j  org.gradle.launcher.daemon.bootstrap.DaemonOutputConsumer.start()V+64
j  org.gradle.process.internal.DefaultExecHandle$CompositeStreamsHandler.start()V+19
j  org.gradle.process.internal.ExecHandleRunner.run()V+25
j  org.gradle.internal.operations.CurrentBuildOperationPreservingRunnable.run()V+11
j  org.gradle.internal.concurrent.ExecutorPolicy$CatchAndRecordFailures.onExecute(Ljava/lang/Runnable;)V+1
j  org.gradle.internal.concurrent.ManagedExecutorImpl$1.run()V+25
j  java.util.concurrent.ThreadPoolExecutor.runWorker(Ljava/util/concurrent/ThreadPoolExecutor$Worker;)V+92 java.base@11.0.18
j  java.util.concurrent.ThreadPoolExecutor$Worker.run()V+5 java.base@11.0.18
j  java.lang.Thread.run()V+11 java.base@11.0.18
v  ~StubRoutines::call_stub

---------------  P R O C E S S  ---------------

Threads class SMR info:
_java_thread_list=0x0000022adc8725d0, length=13, elements={
0x0000022ac173d000, 0x0000022adbd61000, 0x0000022adbd62800, 0x0000022adbdbd800,
0x0000022adbdbe800, 0x0000022adbdbf800, 0x0000022adbdc3000, 0x0000022adbdc6000,
0x0000022adbdfa000, 0x0000022adbffb800, 0x0000022adc15d000, 0x0000022adcaf4800,
0x0000022adc511800
}

Java Threads: ( => current thread )
  0x0000022ac173d000 JavaThread "main" [_thread_blocked, id=30808, stack(0x0000008109e00000,0x0000008109f00000)]
  0x0000022adbd61000 JavaThread "Reference Handler" daemon [_thread_blocked, id=31272, stack(0x000000810a600000,0x000000810a700000)]
  0x0000022adbd62800 JavaThread "Finalizer" daemon [_thread_blocked, id=31276, stack(0x000000810a700000,0x000000810a800000)]
  0x0000022adbdbd800 JavaThread "Signal Dispatcher" daemon [_thread_blocked, id=31296, stack(0x000000810a800000,0x000000810a900000)]
  0x0000022adbdbe800 JavaThread "Attach Listener" daemon [_thread_blocked, id=31300, stack(0x000000810a900000,0x000000810aa00000)]
  0x0000022adbdbf800 JavaThread "Service Thread" daemon [_thread_blocked, id=31304, stack(0x000000810aa00000,0x000000810ab00000)]
  0x0000022adbdc3000 JavaThread "C2 CompilerThread0" daemon [_thread_blocked, id=31308, stack(0x000000810ab00000,0x000000810ac00000)]
  0x0000022adbdc6000 JavaThread "C1 CompilerThread0" daemon [_thread_blocked, id=31352, stack(0x000000810ac00000,0x000000810ad00000)]
  0x0000022adbdfa000 JavaThread "Sweeper thread" daemon [_thread_blocked, id=31404, stack(0x000000810ad00000,0x000000810ae00000)]
  0x0000022adbffb800 JavaThread "Common-Cleaner" daemon [_thread_blocked, id=31484, stack(0x000000810af00000,0x000000810b000000)]
  0x0000022adc15d000 JavaThread "pool-1-thread-1" [_thread_blocked, id=34364, stack(0x000000810b100000,0x000000810b200000)]
=>0x0000022adcaf4800 JavaThread "Exec process" [_thread_in_Java, id=34664, stack(0x0000008109d00000,0x0000008109e00000)]
  0x0000022adc511800 JavaThread "Exec process Thread 2" [_thread_blocked, id=32508, stack(0x000000810b400000,0x000000810b500000)]

Other Threads:
  0x0000022adbd2a000 VMThread "VM Thread" [stack: 0x000000810a500000,0x000000810a600000] [id=31236] _threads_hazard_ptr=0x0000022adc8725d0
  0x0000022adbff2000 WatcherThread [stack: 0x000000810ae00000,0x000000810af00000] [id=31480]
  0x0000022ac1756000 GCTaskThread "GC Thread#0" [stack: 0x000000810a000000,0x000000810a100000] [id=31212]
  0x0000022adc3f9800 GCTaskThread "GC Thread#1" [stack: 0x000000810b000000,0x000000810b100000] [id=32936]
  0x0000022ac175d800 ConcurrentGCThread "G1 Main Marker" [stack: 0x000000810a100000,0x000000810a200000] [id=31216]
  0x0000022ac1760000 ConcurrentGCThread "G1 Conc#0" [stack: 0x000000810a200000,0x000000810a300000] [id=31220]
  0x0000022ac17b4000 ConcurrentGCThread "G1 Refine#0" [stack: 0x000000810a300000,0x000000810a400000] [id=31224]
  0x0000022ac17b5000 ConcurrentGCThread "G1 Young RemSet Sampling" [stack: 0x000000810a400000,0x000000810a500000] [id=31228]

Threads with active compile tasks:

VM state:synchronizing (normal execution)

VM Mutex/Monitor currently owned by a thread:  ([mutex/lock_event])
[0x0000022ac1739be0] Safepoint_lock - owner thread: 0x0000022adbd2a000
[0x0000022ac173a0f0] Threads_lock - owner thread: 0x0000022adbd2a000

Heap address: 0x00000000fc000000, size: 64 MB, Compressed Oops mode: 32-bit
Narrow klass base: 0x0000000000000000, Narrow klass shift: 3
Compressed class space size: 1073741824 Address: 0x0000000100000000

Heap:
 garbage-first heap   total 65536K, used 43252K [0x00000000fc000000, 0x0000000100000000)
  region size 1024K, 38 young (38912K), 2 survivors (2048K)
 Metaspace       used 16111K, capacity 16388K, committed 16512K, reserved 1064960K
  class space    used 1770K, capacity 1893K, committed 1920K, reserved 1048576K
Heap Regions: E=young(eden), S=young(survivor), O=old, HS=humongous(starts), HC=humongous(continues), CS=collection set, F=free, A=archive, TAMS=top-at-mark-start (previous, next)
|   0|0x00000000fc000000, 0x00000000fc100000, 0x00000000fc100000|100%| O|  |TAMS 0x00000000fc000000, 0x00000000fc000000| Untracked 
|   1|0x00000000fc100000, 0x00000000fc13d000, 0x00000000fc200000| 23%| O|  |TAMS 0x00000000fc100000, 0x00000000fc100000| Untracked 
|   2|0x00000000fc200000, 0x00000000fc300000, 0x00000000fc300000|100%|HS|  |TAMS 0x00000000fc200000, 0x00000000fc200000| Complete 
|   3|0x00000000fc300000, 0x00000000fc400000, 0x00000000fc400000|100%|HC|  |TAMS 0x00000000fc300000, 0x00000000fc300000| Complete 
|   4|0x00000000fc400000, 0x00000000fc500000, 0x00000000fc500000|100%|HC|  |TAMS 0x00000000fc400000, 0x00000000fc400000| Complete 
|   5|0x00000000fc500000, 0x00000000fc600000, 0x00000000fc600000|100%|HC|  |TAMS 0x00000000fc500000, 0x00000000fc500000| Complete 
|   6|0x00000000fc600000, 0x00000000fc600000, 0x00000000fc700000|  0%| F|  |TAMS 0x00000000fc600000, 0x00000000fc600000| Untracked 
|   7|0x00000000fc700000, 0x00000000fc700000, 0x00000000fc800000|  0%| F|  |TAMS 0x00000000fc700000, 0x00000000fc700000| Untracked 
|   8|0x00000000fc800000, 0x00000000fc800000, 0x00000000fc900000|  0%| F|  |TAMS 0x00000000fc800000, 0x00000000fc800000| Untracked 
|   9|0x00000000fc900000, 0x00000000fc900000, 0x00000000fca00000|  0%| F|  |TAMS 0x00000000fc900000, 0x00000000fc900000| Untracked 
|  10|0x00000000fca00000, 0x00000000fca00000, 0x00000000fcb00000|  0%| F|  |TAMS 0x00000000fca00000, 0x00000000fca00000| Untracked 
|  11|0x00000000fcb00000, 0x00000000fcb00000, 0x00000000fcc00000|  0%| F|  |TAMS 0x00000000fcb00000, 0x00000000fcb00000| Untracked 
|  12|0x00000000fcc00000, 0x00000000fcc00000, 0x00000000fcd00000|  0%| F|  |TAMS 0x00000000fcc00000, 0x00000000fcc00000| Untracked 
|  13|0x00000000fcd00000, 0x00000000fcd00000, 0x00000000fce00000|  0%| F|  |TAMS 0x00000000fcd00000, 0x00000000fcd00000| Untracked 
|  14|0x00000000fce00000, 0x00000000fce00000, 0x00000000fcf00000|  0%| F|  |TAMS 0x00000000fce00000, 0x00000000fce00000| Untracked 
|  15|0x00000000fcf00000, 0x00000000fcf00000, 0x00000000fd000000|  0%| F|  |TAMS 0x00000000fcf00000, 0x00000000fcf00000| Untracked 
|  16|0x00000000fd000000, 0x00000000fd000000, 0x00000000fd100000|  0%| F|  |TAMS 0x00000000fd000000, 0x00000000fd000000| Untracked 
|  17|0x00000000fd100000, 0x00000000fd100000, 0x00000000fd200000|  0%| F|  |TAMS 0x00000000fd100000, 0x00000000fd100000| Untracked 
|  18|0x00000000fd200000, 0x00000000fd200000, 0x00000000fd300000|  0%| F|  |TAMS 0x00000000fd200000, 0x00000000fd200000| Untracked 
|  19|0x00000000fd300000, 0x00000000fd300000, 0x00000000fd400000|  0%| F|  |TAMS 0x00000000fd300000, 0x00000000fd300000| Untracked 
|  20|0x00000000fd400000, 0x00000000fd400000, 0x00000000fd500000|  0%| F|  |TAMS 0x00000000fd400000, 0x00000000fd400000| Untracked 
|  21|0x00000000fd500000, 0x00000000fd500000, 0x00000000fd600000|  0%| F|  |TAMS 0x00000000fd500000, 0x00000000fd500000| Untracked 
|  22|0x00000000fd600000, 0x00000000fd600000, 0x00000000fd700000|  0%| F|  |TAMS 0x00000000fd600000, 0x00000000fd600000| Untracked 
|  23|0x00000000fd700000, 0x00000000fd700000, 0x00000000fd800000|  0%| F|  |TAMS 0x00000000fd700000, 0x00000000fd700000| Untracked 
|  24|0x00000000fd800000, 0x00000000fd800000, 0x00000000fd900000|  0%| F|  |TAMS 0x00000000fd800000, 0x00000000fd800000| Untracked 
|  25|0x00000000fd900000, 0x00000000fd900000, 0x00000000fda00000|  0%| F|  |TAMS 0x00000000fd900000, 0x00000000fd900000| Untracked 
|  26|0x00000000fda00000, 0x00000000fda5eac0, 0x00000000fdb00000| 36%| E|  |TAMS 0x00000000fda00000, 0x00000000fda00000| Complete 
|  27|0x00000000fdb00000, 0x00000000fdc00000, 0x00000000fdc00000|100%| E|CS|TAMS 0x00000000fdb00000, 0x00000000fdb00000| Complete 
|  28|0x00000000fdc00000, 0x00000000fdd00000, 0x00000000fdd00000|100%| E|CS|TAMS 0x00000000fdc00000, 0x00000000fdc00000| Complete 
|  29|0x00000000fdd00000, 0x00000000fde00000, 0x00000000fde00000|100%| E|CS|TAMS 0x00000000fdd00000, 0x00000000fdd00000| Complete 
|  30|0x00000000fde00000, 0x00000000fdf00000, 0x00000000fdf00000|100%| E|CS|TAMS 0x00000000fde00000, 0x00000000fde00000| Complete 
|  31|0x00000000fdf00000, 0x00000000fe000000, 0x00000000fe000000|100%| E|CS|TAMS 0x00000000fdf00000, 0x00000000fdf00000| Complete 
|  32|0x00000000fe000000, 0x00000000fe100000, 0x00000000fe100000|100%| E|CS|TAMS 0x00000000fe000000, 0x00000000fe000000| Complete 
|  33|0x00000000fe100000, 0x00000000fe200000, 0x00000000fe200000|100%| E|CS|TAMS 0x00000000fe100000, 0x00000000fe100000| Complete 
|  34|0x00000000fe200000, 0x00000000fe300000, 0x00000000fe300000|100%| E|CS|TAMS 0x00000000fe200000, 0x00000000fe200000| Complete 
|  35|0x00000000fe300000, 0x00000000fe400000, 0x00000000fe400000|100%| E|CS|TAMS 0x00000000fe300000, 0x00000000fe300000| Complete 
|  36|0x00000000fe400000, 0x00000000fe500000, 0x00000000fe500000|100%| E|CS|TAMS 0x00000000fe400000, 0x00000000fe400000| Complete 
|  37|0x00000000fe500000, 0x00000000fe600000, 0x00000000fe600000|100%| E|CS|TAMS 0x00000000fe500000, 0x00000000fe500000| Complete 
|  38|0x00000000fe600000, 0x00000000fe700000, 0x00000000fe700000|100%| E|CS|TAMS 0x00000000fe600000, 0x00000000fe600000| Complete 
|  39|0x00000000fe700000, 0x00000000fe800000, 0x00000000fe800000|100%| E|CS|TAMS 0x00000000fe700000, 0x00000000fe700000| Complete 
|  40|0x00000000fe800000, 0x00000000fe900000, 0x00000000fe900000|100%| E|CS|TAMS 0x00000000fe800000, 0x00000000fe800000| Complete 
|  41|0x00000000fe900000, 0x00000000fea00000, 0x00000000fea00000|100%| E|CS|TAMS 0x00000000fe900000, 0x00000000fe900000| Complete 
|  42|0x00000000fea00000, 0x00000000feb00000, 0x00000000feb00000|100%| E|CS|TAMS 0x00000000fea00000, 0x00000000fea00000| Complete 
|  43|0x00000000feb00000, 0x00000000fec00000, 0x00000000fec00000|100%| E|CS|TAMS 0x00000000feb00000, 0x00000000feb00000| Complete 
|  44|0x00000000fec00000, 0x00000000fed00000, 0x00000000fed00000|100%| E|CS|TAMS 0x00000000fec00000, 0x00000000fec00000| Complete 
|  45|0x00000000fed00000, 0x00000000fee00000, 0x00000000fee00000|100%| E|CS|TAMS 0x00000000fed00000, 0x00000000fed00000| Complete 
|  46|0x00000000fee00000, 0x00000000fef00000, 0x00000000fef00000|100%| E|CS|TAMS 0x00000000fee00000, 0x00000000fee00000| Complete 
|  47|0x00000000fef00000, 0x00000000ff000000, 0x00000000ff000000|100%| E|CS|TAMS 0x00000000fef00000, 0x00000000fef00000| Complete 
|  48|0x00000000ff000000, 0x00000000ff100000, 0x00000000ff100000|100%| S|CS|TAMS 0x00000000ff000000, 0x00000000ff000000| Complete 
|  49|0x00000000ff100000, 0x00000000ff200000, 0x00000000ff200000|100%| S|CS|TAMS 0x00000000ff100000, 0x00000000ff100000| Complete 
|  50|0x00000000ff200000, 0x00000000ff300000, 0x00000000ff300000|100%| E|CS|TAMS 0x00000000ff200000, 0x00000000ff200000| Complete 
|  51|0x00000000ff300000, 0x00000000ff400000, 0x00000000ff400000|100%| E|CS|TAMS 0x00000000ff300000, 0x00000000ff300000| Complete 
|  52|0x00000000ff400000, 0x00000000ff500000, 0x00000000ff500000|100%| E|CS|TAMS 0x00000000ff400000, 0x00000000ff400000| Complete 
|  53|0x00000000ff500000, 0x00000000ff600000, 0x00000000ff600000|100%| E|CS|TAMS 0x00000000ff500000, 0x00000000ff500000| Complete 
|  54|0x00000000ff600000, 0x00000000ff700000, 0x00000000ff700000|100%| E|CS|TAMS 0x00000000ff600000, 0x00000000ff600000| Complete 
|  55|0x00000000ff700000, 0x00000000ff800000, 0x00000000ff800000|100%| E|CS|TAMS 0x00000000ff700000, 0x00000000ff700000| Complete 
|  56|0x00000000ff800000, 0x00000000ff900000, 0x00000000ff900000|100%| E|CS|TAMS 0x00000000ff800000, 0x00000000ff800000| Complete 
|  57|0x00000000ff900000, 0x00000000ffa00000, 0x00000000ffa00000|100%| E|CS|TAMS 0x00000000ff900000, 0x00000000ff900000| Complete 
|  58|0x00000000ffa00000, 0x00000000ffb00000, 0x00000000ffb00000|100%| E|CS|TAMS 0x00000000ffa00000, 0x00000000ffa00000| Complete 
|  59|0x00000000ffb00000, 0x00000000ffc00000, 0x00000000ffc00000|100%| E|CS|TAMS 0x00000000ffb00000, 0x00000000ffb00000| Complete 
|  60|0x00000000ffc00000, 0x00000000ffd00000, 0x00000000ffd00000|100%| E|CS|TAMS 0x00000000ffc00000, 0x00000000ffc00000| Complete 
|  61|0x00000000ffd00000, 0x00000000ffe00000, 0x00000000ffe00000|100%| E|CS|TAMS 0x00000000ffd00000, 0x00000000ffd00000| Complete 
|  62|0x00000000ffe00000, 0x00000000fff00000, 0x00000000fff00000|100%| E|CS|TAMS 0x00000000ffe00000, 0x00000000ffe00000| Complete 
|  63|0x00000000fff00000, 0x0000000100000000, 0x0000000100000000|100%| E|CS|TAMS 0x00000000fff00000, 0x00000000fff00000| Complete 

Card table byte_map: [0x0000022abf660000,0x0000022abf680000] _byte_map_base: 0x0000022abee80000

Marking Bits (Prev, Next): (CMBitMap*) 0x0000022ac175c9d8, (CMBitMap*) 0x0000022ac175ca10
 Prev Bits: [0x0000022ac1560000, 0x0000022ac1660000)
 Next Bits: [0x0000022ad8ec0000, 0x0000022ad8fc0000)

Polling page: 0x0000022abf610000

Metaspace:

Usage:
  Non-class:     14.16 MB capacity,    14.00 MB ( 99%) used,   129.42 KB ( <1%) free+waste,    24.50 KB ( <1%) overhead. 
      Class:      1.85 MB capacity,     1.73 MB ( 94%) used,   110.39 KB (  6%) free+waste,    11.94 KB ( <1%) overhead. 
       Both:     16.00 MB capacity,    15.73 MB ( 98%) used,   239.81 KB (  1%) free+waste,    36.44 KB ( <1%) overhead. 

Virtual space:
  Non-class space:       16.00 MB reserved,      14.25 MB ( 89%) committed 
      Class space:        1.00 GB reserved,       1.88 MB ( <1%) committed 
             Both:        1.02 GB reserved,      16.13 MB (  2%) committed 

Chunk freelists:
   Non-Class:  33.00 KB
       Class:  0 bytes
        Both:  33.00 KB

MaxMetaspaceSize: 17179869184.00 GB
CompressedClassSpaceSize: 1.00 GB
Initial GC threshold: 20.80 MB
Current GC threshold: 20.80 MB
CDS: off

CodeHeap 'non-profiled nmethods': size=120064Kb used=577Kb max_used=577Kb free=119486Kb
 bounds [0x0000022ad1980000, 0x0000022ad1bf0000, 0x0000022ad8ec0000]
CodeHeap 'profiled nmethods': size=120000Kb used=3052Kb max_used=3052Kb free=116947Kb
 bounds [0x0000022aca450000, 0x0000022aca750000, 0x0000022ad1980000]
CodeHeap 'non-nmethods': size=5696Kb used=1160Kb max_used=1172Kb free=4535Kb
 bounds [0x0000022ac9ec0000, 0x0000022aca130000, 0x0000022aca450000]
 total_blobs=1910 nmethods=1487 adapters=336
 compilation: enabled
              stopped_count=0, restarted_count=0
 full_count=0

Compilation events (20 events):
Event: 122.272 Thread 0x0000022adbdc6000 1481       3       java.util.concurrent.locks.AbstractQueuedSynchronizer$ConditionObject::addConditionWaiter (79 bytes)
Event: 122.273 Thread 0x0000022adbdc6000 nmethod 1481 0x0000022aca742910 code [0x0000022aca742c00, 0x0000022aca743bc8]
Event: 122.273 Thread 0x0000022adbdc6000 1482       3       java.util.concurrent.locks.AbstractQueuedSynchronizer$Node::<init> (23 bytes)
Event: 122.273 Thread 0x0000022adbdc6000 nmethod 1482 0x0000022aca744090 code [0x0000022aca744360, 0x0000022aca745178]
Event: 122.274 Thread 0x0000022adbdc6000 1483       3       java.lang.invoke.VarHandleInts$FieldInstanceReadWrite::set (23 bytes)
Event: 122.274 Thread 0x0000022adbdc6000 nmethod 1483 0x0000022aca745610 code [0x0000022aca745820, 0x0000022aca745ca8]
Event: 122.807 Thread 0x0000022adbdc6000 1484       3       java.util.concurrent.locks.AbstractQueuedSynchronizer::enq (37 bytes)
Event: 122.808 Thread 0x0000022adbdc6000 nmethod 1484 0x0000022aca745e90 code [0x0000022aca7462c0, 0x0000022aca747fe8]
Event: 122.808 Thread 0x0000022adbdc6000 1485       3       java.util.concurrent.locks.AbstractQueuedSynchronizer$Node::predecessor (19 bytes)
Event: 122.809 Thread 0x0000022adbdc6000 nmethod 1485 0x0000022aca748a10 code [0x0000022aca748be0, 0x0000022aca748dc8]
Event: 122.809 Thread 0x0000022adbdc6000 1486       3       java.util.concurrent.locks.AbstractQueuedSynchronizer::setHead (16 bytes)
Event: 122.809 Thread 0x0000022adbdc6000 nmethod 1486 0x0000022aca748e90 code [0x0000022aca749040, 0x0000022aca749278]
Event: 122.809 Thread 0x0000022adbdc6000 1487       3       java.util.LinkedHashMap$LinkedValueIterator::next (8 bytes)
Event: 122.809 Thread 0x0000022adbdc6000 nmethod 1487 0x0000022aca749390 code [0x0000022aca749540, 0x0000022aca749668]
Event: 123.966 Thread 0x0000022adbdc6000 1489       3       java.util.concurrent.locks.AbstractQueuedSynchronizer$ConditionObject::checkInterruptWhileWaiting (27 bytes)
Event: 123.966 Thread 0x0000022adbdc6000 nmethod 1489 0x0000022aca749710 code [0x0000022aca7499c0, 0x0000022aca74a448]
Event: 124.234 Thread 0x0000022adbdc6000 1490       3       java.util.concurrent.locks.LockSupport::parkNanos (29 bytes)
Event: 124.235 Thread 0x0000022adbdc6000 nmethod 1490 0x0000022aca74a890 code [0x0000022aca74aa60, 0x0000022aca74ad88]
Event: 128.056 Thread 0x0000022adbdc6000 1491       3       sun.nio.cs.SingleByte$Decoder::decode (11 bytes)
Event: 128.056 Thread 0x0000022adbdc6000 nmethod 1491 0x0000022aca74ae90 code [0x0000022aca74b040, 0x0000022aca74b178]

GC Heap History (2 events):
Event: 26.805 GC heap before
{Heap before GC invocations=0 (full 0):
 garbage-first heap   total 65536K, used 13312K [0x00000000fc000000, 0x0000000100000000)
  region size 1024K, 14 young (14336K), 0 survivors (0K)
 Metaspace       used 7670K, capacity 7825K, committed 7936K, reserved 1056768K
  class space    used 668K, capacity 754K, committed 768K, reserved 1048576K
}
Event: 27.835 GC heap after
{Heap after GC invocations=1 (full 0):
 garbage-first heap   total 65536K, used 3316K [0x00000000fc000000, 0x0000000100000000)
  region size 1024K, 2 young (2048K), 2 survivors (2048K)
 Metaspace       used 7670K, capacity 7825K, committed 7936K, reserved 1056768K
  class space    used 668K, capacity 754K, committed 768K, reserved 1048576K
}

Deoptimization events (20 events):
Event: 103.581 Thread 0x0000022ac173d000 DEOPT UNPACKING pc=0x0000022ac9f0a95e sp=0x0000008109efb828 mode 0
Event: 103.581 Thread 0x0000022ac173d000 DEOPT PACKING pc=0x0000022aca5033d1 sp=0x0000008109efbd50
Event: 103.581 Thread 0x0000022ac173d000 DEOPT UNPACKING pc=0x0000022ac9f0a95e sp=0x0000008109efb218 mode 0
Event: 103.827 Thread 0x0000022ac173d000 DEOPT PACKING pc=0x0000022aca5fe5e8 sp=0x0000008109efc550
Event: 103.827 Thread 0x0000022ac173d000 DEOPT UNPACKING pc=0x0000022ac9f0a95e sp=0x0000008109efba68 mode 0
Event: 106.161 Thread 0x0000022adcaf4800 Uncommon trap: trap_request=0xffffff4d fr.pc=0x0000022ad19b84c0 relative=0x0000000000000480
Event: 106.161 Thread 0x0000022adcaf4800 Uncommon trap: reason=unstable_if action=reinterpret pc=0x0000022ad19b84c0 method=java.lang.AbstractStringBuilder.putStringAt(ILjava/lang/String;)V @ 8 c2
Event: 106.161 Thread 0x0000022adcaf4800 DEOPT PACKING pc=0x0000022ad19b84c0 sp=0x0000008109dfed50
Event: 106.161 Thread 0x0000022adcaf4800 DEOPT UNPACKING pc=0x0000022ac9f0a1af sp=0x0000008109dfec58 mode 2
Event: 106.161 Thread 0x0000022adcaf4800 Uncommon trap: trap_request=0xffffff4d fr.pc=0x0000022ad19b4a28 relative=0x0000000000000468
Event: 106.161 Thread 0x0000022adcaf4800 Uncommon trap: reason=unstable_if action=reinterpret pc=0x0000022ad19b4a28 method=java.lang.AbstractStringBuilder.putStringAt(ILjava/lang/String;)V @ 8 c2
Event: 106.161 Thread 0x0000022adcaf4800 DEOPT PACKING pc=0x0000022ad19b4a28 sp=0x0000008109dfece0
Event: 106.161 Thread 0x0000022adcaf4800 DEOPT UNPACKING pc=0x0000022ac9f0a1af sp=0x0000008109dfec50 mode 2
Event: 106.161 Thread 0x0000022adcaf4800 Uncommon trap: trap_request=0xffffff4d fr.pc=0x0000022ad19f1938 relative=0x0000000000000378
Event: 106.161 Thread 0x0000022adcaf4800 Uncommon trap: reason=unstable_if action=reinterpret pc=0x0000022ad19f1938 method=java.lang.AbstractStringBuilder.isLatin1()Z @ 10 c2
Event: 106.161 Thread 0x0000022adcaf4800 DEOPT PACKING pc=0x0000022ad19f1938 sp=0x0000008109dfed60
Event: 106.161 Thread 0x0000022adcaf4800 DEOPT UNPACKING pc=0x0000022ac9f0a1af sp=0x0000008109dfece0 mode 2
Event: 128.056 Thread 0x0000022adcaf4800 Uncommon trap: trap_request=0xffffff4d fr.pc=0x0000022ad198e59c relative=0x000000000000007c
Event: 128.056 Thread 0x0000022adcaf4800 Uncommon trap: reason=unstable_if action=reinterpret pc=0x0000022ad198e59c method=java.lang.String.codePointAt(I)I @ 4 c2
Event: 128.056 Thread 0x0000022adcaf4800 DEOPT PACKING pc=0x0000022ad198e59c sp=0x0000008109dfece0

Classes redefined (0 events):
No events

Internal exceptions (16 events):
Event: 5.953 Thread 0x0000022ac173d000 Exception <a 'java/lang/NoSuchMethodError'{0x00000000ffc52610}: 'int java.lang.invoke.DirectMethodHandle$Holder.invokeStaticInit(java.lang.Object, java.lang.Object)'> (0x00000000ffc52610) thrown at [./src/hotspot/share/interpreter/linkResolver.cpp, line 773]
Event: 7.199 Thread 0x0000022ac173d000 Exception <a 'java/lang/NoSuchMethodError'{0x00000000ffb2d5a0}: 'int java.lang.invoke.DirectMethodHandle$Holder.invokeSpecial(java.lang.Object, java.lang.Object, java.lang.Object, java.lang.Object)'> (0x00000000ffb2d5a0) thrown at [./src/hotspot/share/interpreter/linkResolver.cpp, line 773]
Event: 7.213 Thread 0x0000022ac173d000 Exception <a 'java/lang/NoSuchMethodError'{0x00000000ffb66470}: 'int java.lang.invoke.DirectMethodHandle$Holder.invokeSpecialIFC(java.lang.Object, java.lang.Object, int)'> (0x00000000ffb66470) thrown at [./src/hotspot/share/interpreter/linkResolver.cpp, line 773]
Event: 55.892 Thread 0x0000022ac173d000 Exception <a 'java/lang/NoClassDefFoundError'{0x00000000ff6cf818}: org/slf4j/impl/StaticMarkerBinder> (0x00000000ff6cf818) thrown at [./src/hotspot/share/classfile/systemDictionary.cpp, line 219]
Event: 56.134 Thread 0x0000022ac173d000 Exception <a 'java/lang/NoSuchMethodError'{0x00000000ff5d3a98}: 'java.lang.Object java.lang.invoke.DirectMethodHandle$Holder.invokeVirtual(java.lang.Object, java.lang.Object, java.lang.Object, java.lang.Object, java.lang.Object, java.lang.Object, java.lang.Object)'> (0x00000000ff5d3a98) thrown at [./src/hotspot/share/interpreter/linkResolver.cpp, line 773]
Event: 56.144 Thread 0x0000022ac173d000 Exception <a 'java/lang/NoSuchMethodError'{0x00000000ff5e7690}: 'java.lang.Object java.lang.invoke.Invokers$Holder.invoker(java.lang.Object, java.lang.Object, java.lang.Object)'> (0x00000000ff5e7690) thrown at [./src/hotspot/share/interpreter/linkResolver.cpp, line 773]
Event: 56.147 Thread 0x0000022ac173d000 Exception <a 'java/lang/NoSuchMethodError'{0x00000000ff5f81e8}: 'void java.lang.invoke.DelegatingMethodHandle$Holder.delegate(java.lang.Object, java.lang.Object, int, java.lang.Object)'> (0x00000000ff5f81e8) thrown at [./src/hotspot/share/interpreter/linkResolver.cpp, line 773]
Event: 57.361 Thread 0x0000022ac173d000 Exception <a 'java/lang/NoSuchMethodError'{0x00000000feae8cc0}: 'java.lang.Object java.lang.invoke.DirectMethodHandle$Holder.invokeStaticInit(java.lang.Object, java.lang.Object, java.lang.Object)'> (0x00000000feae8cc0) thrown at [./src/hotspot/share/interpreter/linkResolver.cpp, line 773]
Event: 58.118 Thread 0x0000022ac173d000 Exception <a 'java/lang/NoSuchMethodError'{0x00000000fe5fe450}: 'java.lang.Object java.lang.invoke.DirectMethodHandle$Holder.invokeStaticInit(java.lang.Object, int, int, int, int)'> (0x00000000fe5fe450) thrown at [./src/hotspot/share/interpreter/linkResolver.cpp, line 773]
Event: 69.159 Thread 0x0000022ac173d000 Exception <a 'java/lang/NoSuchMethodError'{0x00000000fe4ca230}: 'java.lang.Object java.lang.invoke.DirectMethodHandle$Holder.invokeStaticInit(java.lang.Object, java.lang.Object, int, int, int, int)'> (0x00000000fe4ca230) thrown at [./src/hotspot/share/interpreter/linkResolver.cpp, line 773]
Event: 92.036 Thread 0x0000022ac173d000 Exception <a 'java/lang/NoSuchMethodError'{0x00000000fe3a48c0}: 'void java.lang.invoke.DirectMethodHandle$Holder.invokeSpecial(java.lang.Object, java.lang.Object)'> (0x00000000fe3a48c0) thrown at [./src/hotspot/share/interpreter/linkResolver.cpp, line 773]
Event: 105.473 Thread 0x0000022adcaf4800 Exception <a 'java/lang/NoSuchMethodError'{0x00000000fdb0e5b0}: 'void java.lang.invoke.DirectMethodHandle$Holder.invokeStatic(java.lang.Object, long)'> (0x00000000fdb0e5b0) thrown at [./src/hotspot/share/interpreter/linkResolver.cpp, line 773]
Event: 105.474 Thread 0x0000022adcaf4800 Exception <a 'java/lang/NoSuchMethodError'{0x00000000fdb13558}: 'java.lang.Object java.lang.invoke.DirectMethodHandle$Holder.invokeStatic(java.lang.Object, long)'> (0x00000000fdb13558) thrown at [./src/hotspot/share/interpreter/linkResolver.cpp, line 773]
Event: 105.476 Thread 0x0000022adcaf4800 Exception <a 'java/lang/NoSuchMethodError'{0x00000000fdb215f8}: 'java.lang.Object java.lang.invoke.DirectMethodHandle$Holder.invokeStaticInit(java.lang.Object, java.lang.Object, long, java.lang.Object)'> (0x00000000fdb215f8) thrown at [./src/hotspot/share/interpreter/linkResolver.cpp, line 773]
Event: 105.477 Thread 0x0000022adcaf4800 Exception <a 'java/lang/NoSuchMethodError'{0x00000000fdb274e8}: 'java.lang.Object java.lang.invoke.DirectMethodHandle$Holder.invokeStatic(java.lang.Object, java.lang.Object, long)'> (0x00000000fdb274e8) thrown at [./src/hotspot/share/interpreter/linkResolver.cpp, line 773]
Event: 105.477 Thread 0x0000022adcaf4800 Exception <a 'java/lang/NoSuchMethodError'{0x00000000fdb2d7b8}: 'java.lang.Object java.lang.invoke.Invokers$Holder.linkToTargetMethod(java.lang.Object, long, java.lang.Object)'> (0x00000000fdb2d7b8) thrown at [./src/hotspot/share/interpreter/linkResolver.cpp, line 773]

Events (20 events):
Event: 106.159 loading class sun/text/resources/cldr/FormatData_en done
Event: 106.159 loading class sun/text/resources/cldr/FormatData_en_US
Event: 106.159 loading class sun/text/resources/cldr/FormatData_en_US done
Event: 106.159 loading class java/text/DecimalFormatSymbols
Event: 106.159 loading class java/text/DecimalFormatSymbols done
Event: 106.159 loading class sun/util/locale/provider/DecimalFormatSymbolsProviderImpl
Event: 106.160 loading class sun/util/locale/provider/DecimalFormatSymbolsProviderImpl done
Event: 106.160 loading class java/text/DecimalFormat
Event: 106.161 loading class java/text/DecimalFormat done
Event: 106.161 loading class java/text/FieldPosition
Event: 106.161 loading class java/text/FieldPosition done
Event: 106.161 loading class java/text/DigitList
Event: 106.161 loading class java/text/DigitList done
Event: 106.162 loading class java/io/PrintWriter
Event: 106.167 Executing VM operation: RevokeBias
Event: 106.168 loading class java/io/PrintWriter done
Event: 106.168 Executing VM operation: RevokeBias done
Event: 106.168 Executing VM operation: RevokeBias
Event: 106.168 Executing VM operation: RevokeBias done
Event: 106.168 Thread 0x0000022adc862000 Thread exited: 0x0000022adc862000


Dynamic libraries:
0x00007ff649ea0000 - 0x00007ff649ead000 	C:\Program Files\Microsoft\jdk-11.0.18.10-hotspot\bin\java.exe
0x00007ffc80930000 - 0x00007ffc80b27000 	C:\Windows\SYSTEM32\ntdll.dll
0x00007ffc80740000 - 0x00007ffc807fd000 	C:\Windows\System32\KERNEL32.DLL
0x00007ffc7e5b0000 - 0x00007ffc7e8a6000 	C:\Windows\System32\KERNELBASE.dll
0x00007ffc7e010000 - 0x00007ffc7e110000 	C:\Windows\System32\ucrtbase.dll
0x00007ffc5a470000 - 0x00007ffc5a487000 	C:\Program Files\Microsoft\jdk-11.0.18.10-hotspot\bin\jli.dll
0x00007ffc804d0000 - 0x00007ffc8066e000 	C:\Windows\System32\USER32.dll
0x00007ffc7e960000 - 0x00007ffc7e982000 	C:\Windows\System32\win32u.dll
0x00007ffc7f2b0000 - 0x00007ffc7f2dc000 	C:\Windows\System32\GDI32.dll
0x00007ffc7e2a0000 - 0x00007ffc7e3ba000 	C:\Windows\System32\gdi32full.dll
0x00007ffc7e510000 - 0x00007ffc7e5ad000 	C:\Windows\System32\msvcp_win.dll
0x00007ffc61080000 - 0x00007ffc61095000 	C:\Program Files\Microsoft\jdk-11.0.18.10-hotspot\bin\VCRUNTIME140.dll
0x00007ffc6e390000 - 0x00007ffc6e62a000 	C:\Windows\WinSxS\amd64_microsoft.windows.common-controls_6595b64144ccf1df_6.0.19041.3570_none_60bb2a3971f3e41a\COMCTL32.dll
0x00007ffc803b0000 - 0x00007ffc8044e000 	C:\Windows\System32\msvcrt.dll
0x00007ffc802d0000 - 0x00007ffc80300000 	C:\Windows\System32\IMM32.DLL
0x00007ffc50150000 - 0x00007ffc501eb000 	C:\Program Files\Microsoft\jdk-11.0.18.10-hotspot\bin\msvcp140.dll
0x00007ffc4f5b0000 - 0x00007ffc50142000 	C:\Program Files\Microsoft\jdk-11.0.18.10-hotspot\bin\server\jvm.dll
0x00007ffc7f200000 - 0x00007ffc7f2ae000 	C:\Windows\System32\ADVAPI32.dll
0x00007ffc7f160000 - 0x00007ffc7f1fc000 	C:\Windows\System32\sechost.dll
0x00007ffc7eee0000 - 0x00007ffc7f006000 	C:\Windows\System32\RPCRT4.dll
0x00007ffc804b0000 - 0x00007ffc804b8000 	C:\Windows\System32\PSAPI.DLL
0x00007ffc77cf0000 - 0x00007ffc77cf9000 	C:\Windows\SYSTEM32\WSOCK32.dll
0x00007ffc80880000 - 0x00007ffc808eb000 	C:\Windows\System32\WS2_32.dll
0x00007ffc74200000 - 0x00007ffc74227000 	C:\Windows\SYSTEM32\WINMM.dll
0x00007ffc70d00000 - 0x00007ffc70d0a000 	C:\Windows\SYSTEM32\VERSION.dll
0x00007ffc7bed0000 - 0x00007ffc7bee2000 	C:\Windows\SYSTEM32\kernel.appcore.dll
0x00007ffc5e640000 - 0x00007ffc5e650000 	C:\Program Files\Microsoft\jdk-11.0.18.10-hotspot\bin\verify.dll
0x00007ffc6f2b0000 - 0x00007ffc6f494000 	C:\Windows\SYSTEM32\DBGHELP.DLL
0x00007ffc6f5a0000 - 0x00007ffc6f5d4000 	C:\Windows\SYSTEM32\dbgcore.DLL
0x00007ffc7e410000 - 0x00007ffc7e492000 	C:\Windows\System32\bcryptPrimitives.dll
0x00007ffc59790000 - 0x00007ffc597b8000 	C:\Program Files\Microsoft\jdk-11.0.18.10-hotspot\bin\java.dll
0x00007ffc5beb0000 - 0x00007ffc5beba000 	C:\Program Files\Microsoft\jdk-11.0.18.10-hotspot\bin\jimage.dll
0x00007ffc59770000 - 0x00007ffc59788000 	C:\Program Files\Microsoft\jdk-11.0.18.10-hotspot\bin\zip.dll
0x00007ffc7f2e0000 - 0x00007ffc7fa24000 	C:\Windows\System32\SHELL32.dll
0x00007ffc7c0d0000 - 0x00007ffc7c86b000 	C:\Windows\SYSTEM32\windows.storage.dll
0x00007ffc7fa30000 - 0x00007ffc7fd84000 	C:\Windows\System32\combase.dll
0x00007ffc7d980000 - 0x00007ffc7d9ad000 	C:\Windows\SYSTEM32\Wldp.dll
0x00007ffc80300000 - 0x00007ffc803ad000 	C:\Windows\System32\SHCORE.dll
0x00007ffc7f100000 - 0x00007ffc7f155000 	C:\Windows\System32\shlwapi.dll
0x00007ffc7df40000 - 0x00007ffc7df65000 	C:\Windows\SYSTEM32\profapi.dll
0x00007ffc593b0000 - 0x00007ffc593c9000 	C:\Program Files\Microsoft\jdk-11.0.18.10-hotspot\bin\net.dll
0x00007ffc77060000 - 0x00007ffc7716a000 	C:\Windows\SYSTEM32\WINHTTP.dll
0x00007ffc7d6e0000 - 0x00007ffc7d74a000 	C:\Windows\system32\mswsock.dll
0x00007ffc592b0000 - 0x00007ffc592c3000 	C:\Program Files\Microsoft\jdk-11.0.18.10-hotspot\bin\nio.dll
0x00007ffc57660000 - 0x00007ffc57687000 	C:\Users\Faizan Ali\.gradle\native\68d5fa5c4cc2d200863cafc0d521ce42e7d3e7ee720ec0a83991735586a16f82\windows-amd64\native-platform.dll
0x00007ffc5bd90000 - 0x00007ffc5bd99000 	C:\Program Files\Microsoft\jdk-11.0.18.10-hotspot\bin\management.dll
0x00007ffc5b7e0000 - 0x00007ffc5b7eb000 	C:\Program Files\Microsoft\jdk-11.0.18.10-hotspot\bin\management_ext.dll
0x00007ffc7d8e0000 - 0x00007ffc7d8f8000 	C:\Windows\SYSTEM32\CRYPTSP.dll
0x00007ffc7cff0000 - 0x00007ffc7d024000 	C:\Windows\system32\rsaenh.dll
0x00007ffc7e270000 - 0x00007ffc7e297000 	C:\Windows\System32\bcrypt.dll
0x00007ffc7df00000 - 0x00007ffc7df2e000 	C:\Windows\SYSTEM32\USERENV.dll
0x00007ffc7d8d0000 - 0x00007ffc7d8dc000 	C:\Windows\SYSTEM32\CRYPTBASE.dll
0x00007ffc7d3d0000 - 0x00007ffc7d40b000 	C:\Windows\SYSTEM32\IPHLPAPI.DLL
0x00007ffc804c0000 - 0x00007ffc804c8000 	C:\Windows\System32\NSI.dll
0x00007ffc776b0000 - 0x00007ffc776c7000 	C:\Windows\SYSTEM32\dhcpcsvc6.DLL
0x00007ffc77c50000 - 0x00007ffc77c6d000 	C:\Windows\SYSTEM32\dhcpcsvc.DLL
0x00007ffc7d410000 - 0x00007ffc7d4da000 	C:\Windows\SYSTEM32\DNSAPI.dll

dbghelp: loaded successfully - version: 4.0.5 - missing functions: none
symbol engine: initialized successfully - sym options: 0x614 - pdb path: .;C:\Program Files\Microsoft\jdk-11.0.18.10-hotspot\bin;C:\Windows\SYSTEM32;C:\Windows\WinSxS\amd64_microsoft.windows.common-controls_6595b64144ccf1df_6.0.19041.3570_none_60bb2a3971f3e41a;C:\Program Files\Microsoft\jdk-11.0.18.10-hotspot\bin\server;C:\Users\Faizan Ali\.gradle\native\68d5fa5c4cc2d200863cafc0d521ce42e7d3e7ee720ec0a83991735586a16f82\windows-amd64

VM Arguments:
jvm_args: -Xmx64m -Xms64m -Dorg.gradle.appname=gradlew 
java_command: org.gradle.wrapper.GradleWrapperMain tasks
java_class_path (initial): C:\Users\Faizan Ali\Mobile apps\mechanic\android\\gradle\wrapper\gradle-wrapper.jar
Launcher Type: SUN_STANDARD

[Global flags]
     intx CICompilerCount                          = 3                                         {product} {ergonomic}
     uint ConcGCThreads                            = 1                                         {product} {ergonomic}
     uint G1ConcRefinementThreads                  = 4                                         {product} {ergonomic}
   size_t G1HeapRegionSize                         = 1048576                                   {product} {ergonomic}
    uintx GCDrainStackTargetSize                   = 64                                        {product} {ergonomic}
   size_t InitialHeapSize                          = 67108864                                  {product} {command line}
   size_t MarkStackSize                            = 4194304                                   {product} {ergonomic}
   size_t MaxHeapSize                              = 67108864                                  {product} {command line}
   size_t MaxNewSize                               = 39845888                                  {product} {ergonomic}
   size_t MinHeapDeltaBytes                        = 1048576                                   {product} {ergonomic}
    uintx NonNMethodCodeHeapSize                   = 5830732                                {pd product} {ergonomic}
    uintx NonProfiledCodeHeapSize                  = 122913754                              {pd product} {ergonomic}
    uintx ProfiledCodeHeapSize                     = 122913754                              {pd product} {ergonomic}
    uintx ReservedCodeCacheSize                    = 251658240                              {pd product} {ergonomic}
     bool SegmentedCodeCache                       = true                                      {product} {ergonomic}
     bool UseCompressedClassPointers               = true                                 {lp64_product} {ergonomic}
     bool UseCompressedOops                        = true                                 {lp64_product} {ergonomic}
     bool UseG1GC                                  = true                                      {product} {ergonomic}
     bool UseLargePagesIndividualAllocation        = false                                  {pd product} {ergonomic}

Logging:
Log output configuration:
 #0: stdout all=warning uptime,level,tags
 #1: stderr all=off uptime,level,tags

Environment Variables:
JAVA_HOME=C:\Program Files\Microsoft\jdk-11.0.18.10-hotspot\
CLASSPATH=C:\Users\Faizan Ali\Mobile apps\mechanic\android\\gradle\wrapper\gradle-wrapper.jar
PATH=C:\Users\Faizan Ali\Mobile apps\mechanic\node_modules\.bin;C:\Users\Faizan Ali\Mobile apps\mechanic\node_modules\.bin;C:\Users\Faizan Ali\Mobile apps\node_modules\.bin;C:\Users\Faizan Ali\node_modules\.bin;C:\Users\node_modules\.bin;C:\node_modules\.bin;C:\Users\Faizan Ali\AppData\Roaming\npm\node_modules\npm\node_modules\@npmcli\run-script\lib\node-gyp-bin;C:\Users\Faizan Ali\Mobile apps\mechanic\node_modules\.bin;C:\Users\Faizan Ali\Mobile apps\node_modules\.bin;C:\Users\Faizan Ali\node_modules\.bin;C:\Users\node_modules\.bin;C:\node_modules\.bin;C:\Users\Faizan Ali\AppData\Roaming\npm\node_modules\npm\node_modules\@npmcli\run-script\lib\node-gyp-bin;C:\Program Files\Microsoft\jdk-11.0.18.10-hotspot\bin;C:\Windows\system32;C:\Windows;C:\Windows\System32\Wbem;C:\Windows\System32\WindowsPowerShell\v1.0\;C:\Windows\System32\OpenSSH\;C:\Program Files\nodejs\;C:\ProgramData\chocolatey\bin;C:\xampp\php;C:\composer;C:\Users\Faizan Ali\AppData\Local\Microsoft\WindowsApps;C:\Users\Faizan Ali\AppData\Local\Programs\Microsoft VS Code\bin;C:\Users\Faizan Ali\AppData\Roaming\npm;C:\Users\Faizan Ali\AppData\Local\GitHubDesktop\bin;C:\Users\Faizan Ali\AppData\Local\Programs\Git\cmd
USERNAME=Faizan Ali
LANG=en_US.UTF-8
OS=Windows_NT
PROCESSOR_IDENTIFIER=Intel64 Family 6 Model 60 Stepping 3, GenuineIntel
TMP=C:\Users\FAIZAN~1\AppData\Local\Temp
TEMP=C:\Users\FAIZAN~1\AppData\Local\Temp



---------------  S Y S T E M  ---------------

OS: Windows 10 , 64 bit Build 19041 (10.0.19041.3570)
OS uptime: 7 days 10:02 hours

CPU:total 4 (initial active 4) (4 cores per cpu, 1 threads per core) family 6 model 60 stepping 3 microcode 0x27, cmov, cx8, fxsr, mmx, sse, sse2, sse3, ssse3, sse4.1, sse4.2, popcnt, avx, avx2, aes, clmul, erms, lzcnt, tsc, tscinvbit, bmi1, bmi2, fma

Memory: 4k page, system-wide physical 12201M (545M free)
TotalPageFile size 42655M (AvailPageFile size 725M)
current process WorkingSet (physical memory assigned to process): 58M, peak: 96M
current process commit charge ("private bytes"): 151M, peak: 156M

vm_info: OpenJDK 64-Bit Server VM (11.0.18+10-LTS) for windows-amd64 JRE (11.0.18+10-LTS), built on Jan 18 2023 15:56:47 by "MicrosoftCorporation" with MS VC++ 15.9 (VS2017)

END.
