#
# There is insufficient memory for the Java Runtime Environment to continue.
# Native memory allocation (malloc) failed to allocate 32744 bytes for ChunkPool::allocate
# Possible reasons:
#   The system is out of physical RAM or swap space
#   The process is running with CompressedOops enabled, and the Java Heap may be blocking the growth of the native heap
# Possible solutions:
#   Reduce memory load on the system
#   Increase physical memory or swap space
#   Check if swap backing store is full
#   Decrease Java heap size (-Xmx/-Xms)
#   Decrease number of Java threads
#   Decrease Java thread stack sizes (-Xss)
#   Set larger code cache with -XX:ReservedCodeCacheSize=
#   JVM is running with Unscaled Compressed Oops mode in which the Java heap is
#     placed in the first 4GB address space. The Java Heap base address is the
#     maximum limit for the native heap growth. Please use -XX:HeapBaseMinAddress
#     to set the Java Heap base and to place the Java Heap above 4GB virtual address.
# This output file may be truncated or incomplete.
#
#  Out of Memory Error (./src/hotspot/share/memory/arena.cpp:81), pid=32732, tid=32996
#
# JRE version: OpenJDK Runtime Environment Microsoft-7208460 (11.0.18+10) (build 11.0.18+10-LTS)
# Java VM: OpenJDK 64-Bit Server VM Microsoft-7208460 (11.0.18+10-LTS, mixed mode, tiered, compressed oops, g1 gc, windows-amd64)
# No core dump will be written. Minidumps are not enabled by default on client versions of Windows
#

---------------  S U M M A R Y ------------

Command Line: -Xmx64m -Xms64m -Dorg.gradle.appname=gradlew org.gradle.wrapper.GradleWrapperMain tasks

Host: Intel(R) Core(TM) i5-4570 CPU @ 3.20GHz, 4 cores, 11G,  Windows 10 , 64 bit Build 19041 (10.0.19041.3570)
Time: Tue Nov  7 05:48:33 2023 Pakistan Standard Time elapsed time: 104.647427 seconds (0d 0h 1m 44s)

---------------  T H R E A D  ---------------

Current thread (0x00000128f60eb000):  JavaThread "C1 CompilerThread0" daemon [_thread_in_native, id=32996, stack(0x0000000180b00000,0x0000000180c00000)]


Current CompileTask:
C1: 104652 1498   !   3       java.util.concurrent.FutureTask::runAndReset (125 bytes)

Stack: [0x0000000180b00000,0x0000000180c00000]
Native frames: (J=compiled Java code, j=interpreted, Vv=VM code, C=native code)
V  [jvm.dll+0x62bf8a]
V  [jvm.dll+0x7b8fb9]
V  [jvm.dll+0x7ba6a8]
V  [jvm.dll+0x7bad83]
V  [jvm.dll+0x250248]
V  [jvm.dll+0xc286b]
V  [jvm.dll+0xc2bcc]
V  [jvm.dll+0x112fe6]
V  [jvm.dll+0x16f97d]
V  [jvm.dll+0x170693]
V  [jvm.dll+0x12ae95]
V  [jvm.dll+0x12a70f]
V  [jvm.dll+0x12a93f]
V  [jvm.dll+0x129be4]
V  [jvm.dll+0x12baf7]
V  [jvm.dll+0x217eec]
V  [jvm.dll+0x21612b]
V  [jvm.dll+0x77bac0]
V  [jvm.dll+0x7749f4]
V  [jvm.dll+0x62adf5]
C  [ucrtbase.dll+0x21bb2]
C  [KERNEL32.DLL+0x17344]
C  [ntdll.dll+0x526b1]


---------------  P R O C E S S  ---------------

Threads class SMR info:
_java_thread_list=0x00000128f69b0d50, length=13, elements={
0x00000128eaa2d000, 0x00000128f6042800, 0x00000128f6043800, 0x00000128f60ae800,
0x00000128f60af800, 0x00000128f60b0800, 0x00000128f6056800, 0x00000128f60eb000,
0x00000128f60ee000, 0x00000128f6317800, 0x00000128f6a30800, 0x00000128f7243000,
0x00000128f7025000
}

Java Threads: ( => current thread )
  0x00000128eaa2d000 JavaThread "main" [_thread_blocked, id=26808, stack(0x00000001ffd00000,0x00000001ffe00000)]
  0x00000128f6042800 JavaThread "Reference Handler" daemon [_thread_blocked, id=32840, stack(0x0000000180500000,0x0000000180600000)]
  0x00000128f6043800 JavaThread "Finalizer" daemon [_thread_blocked, id=32844, stack(0x0000000180600000,0x0000000180700000)]
  0x00000128f60ae800 JavaThread "Signal Dispatcher" daemon [_thread_blocked, id=32888, stack(0x0000000180700000,0x0000000180800000)]
  0x00000128f60af800 JavaThread "Attach Listener" daemon [_thread_blocked, id=32892, stack(0x0000000180800000,0x0000000180900000)]
  0x00000128f60b0800 JavaThread "Service Thread" daemon [_thread_blocked, id=32896, stack(0x0000000180900000,0x0000000180a00000)]
  0x00000128f6056800 JavaThread "C2 CompilerThread0" daemon [_thread_blocked, id=32900, stack(0x0000000180a00000,0x0000000180b00000)]
=>0x00000128f60eb000 JavaThread "C1 CompilerThread0" daemon [_thread_in_native, id=32996, stack(0x0000000180b00000,0x0000000180c00000)]
  0x00000128f60ee000 JavaThread "Sweeper thread" daemon [_thread_blocked, id=33016, stack(0x0000000180c00000,0x0000000180d00000)]
  0x00000128f6317800 JavaThread "Common-Cleaner" daemon [_thread_blocked, id=33132, stack(0x0000000180e00000,0x0000000180f00000)]
  0x00000128f6a30800 JavaThread "pool-1-thread-1" [_thread_blocked, id=19828, stack(0x0000000181000000,0x0000000181100000)]
  0x00000128f7243000 JavaThread "Exec process" [_thread_in_native, id=34936, stack(0x0000000181300000,0x0000000181400000)]
  0x00000128f7025000 JavaThread "Exec process Thread 2" [_thread_blocked, id=35088, stack(0x0000000181500000,0x0000000181600000)]

Other Threads:
  0x00000128f601b000 VMThread "VM Thread" [stack: 0x0000000180400000,0x0000000180500000] [id=28060]
  0x00000128f6309800 WatcherThread [stack: 0x0000000180d00000,0x0000000180e00000] [id=33096]
  0x00000128eaa46000 GCTaskThread "GC Thread#0" [stack: 0x00000001fff00000,0x0000000200000000] [id=27908]
  0x00000128f65c2800 GCTaskThread "GC Thread#1" [stack: 0x0000000180f00000,0x0000000181000000] [id=34024]
  0x00000128eaa4d800 ConcurrentGCThread "G1 Main Marker" [stack: 0x0000000180000000,0x0000000180100000] [id=26604]
  0x00000128eaa4f000 ConcurrentGCThread "G1 Conc#0" [stack: 0x0000000180100000,0x0000000180200000] [id=29672]
  0x00000128eaaa4000 ConcurrentGCThread "G1 Refine#0" [stack: 0x0000000180200000,0x0000000180300000] [id=17572]
  0x00000128eaaa7000 ConcurrentGCThread "G1 Young RemSet Sampling" [stack: 0x0000000180300000,0x0000000180400000] [id=24264]

Threads with active compile tasks:
C1 CompilerThread0   104721 1498   !   3       java.util.concurrent.FutureTask::runAndReset (125 bytes)

VM state:not at safepoint (normal execution)

VM Mutex/Monitor currently owned by a thread: None

Heap address: 0x00000000fc000000, size: 64 MB, Compressed Oops mode: 32-bit
Narrow klass base: 0x0000000000000000, Narrow klass shift: 3
Compressed class space size: 1073741824 Address: 0x0000000100000000

Heap:
 garbage-first heap   total 65536K, used 43252K [0x00000000fc000000, 0x0000000100000000)
  region size 1024K, 38 young (38912K), 2 survivors (2048K)
 Metaspace       used 16106K, capacity 16387K, committed 16512K, reserved 1064960K
  class space    used 1773K, capacity 1893K, committed 1920K, reserved 1048576K
Heap Regions: E=young(eden), S=young(survivor), O=old, HS=humongous(starts), HC=humongous(continues), CS=collection set, F=free, A=archive, TAMS=top-at-mark-start (previous, next)
|   0|0x00000000fc000000, 0x00000000fc100000, 0x00000000fc100000|100%| O|  |TAMS 0x00000000fc000000, 0x00000000fc000000| Untracked 
|   1|0x00000000fc100000, 0x00000000fc13d000, 0x00000000fc200000| 23%| O|  |TAMS 0x00000000fc100000, 0x00000000fc100000| Untracked 
|   2|0x00000000fc200000, 0x00000000fc300000, 0x00000000fc300000|100%|HS|  |TAMS 0x00000000fc200000, 0x00000000fc200000| Complete 
|   3|0x00000000fc300000, 0x00000000fc400000, 0x00000000fc400000|100%|HC|  |TAMS 0x00000000fc300000, 0x00000000fc300000| Complete 
|   4|0x00000000fc400000, 0x00000000fc500000, 0x00000000fc500000|100%|HC|  |TAMS 0x00000000fc400000, 0x00000000fc400000| Complete 
|   5|0x00000000fc500000, 0x00000000fc600000, 0x00000000fc600000|100%|HC|  |TAMS 0x00000000fc500000, 0x00000000fc500000| Complete 
|   6|0x00000000fc600000, 0x00000000fc600000, 0x00000000fc700000|  0%| F|  |TAMS 0x00000000fc600000, 0x00000000fc600000| Untracked 
|   7|0x00000000fc700000, 0x00000000fc700000, 0x00000000fc800000|  0%| F|  |TAMS 0x00000000fc700000, 0x00000000fc700000| Untracked 
|   8|0x00000000fc800000, 0x00000000fc800000, 0x00000000fc900000|  0%| F|  |TAMS 0x00000000fc800000, 0x00000000fc800000| Untracked 
|   9|0x00000000fc900000, 0x00000000fc900000, 0x00000000fca00000|  0%| F|  |TAMS 0x00000000fc900000, 0x00000000fc900000| Untracked 
|  10|0x00000000fca00000, 0x00000000fca00000, 0x00000000fcb00000|  0%| F|  |TAMS 0x00000000fca00000, 0x00000000fca00000| Untracked 
|  11|0x00000000fcb00000, 0x00000000fcb00000, 0x00000000fcc00000|  0%| F|  |TAMS 0x00000000fcb00000, 0x00000000fcb00000| Untracked 
|  12|0x00000000fcc00000, 0x00000000fcc00000, 0x00000000fcd00000|  0%| F|  |TAMS 0x00000000fcc00000, 0x00000000fcc00000| Untracked 
|  13|0x00000000fcd00000, 0x00000000fcd00000, 0x00000000fce00000|  0%| F|  |TAMS 0x00000000fcd00000, 0x00000000fcd00000| Untracked 
|  14|0x00000000fce00000, 0x00000000fce00000, 0x00000000fcf00000|  0%| F|  |TAMS 0x00000000fce00000, 0x00000000fce00000| Untracked 
|  15|0x00000000fcf00000, 0x00000000fcf00000, 0x00000000fd000000|  0%| F|  |TAMS 0x00000000fcf00000, 0x00000000fcf00000| Untracked 
|  16|0x00000000fd000000, 0x00000000fd000000, 0x00000000fd100000|  0%| F|  |TAMS 0x00000000fd000000, 0x00000000fd000000| Untracked 
|  17|0x00000000fd100000, 0x00000000fd100000, 0x00000000fd200000|  0%| F|  |TAMS 0x00000000fd100000, 0x00000000fd100000| Untracked 
|  18|0x00000000fd200000, 0x00000000fd200000, 0x00000000fd300000|  0%| F|  |TAMS 0x00000000fd200000, 0x00000000fd200000| Untracked 
|  19|0x00000000fd300000, 0x00000000fd300000, 0x00000000fd400000|  0%| F|  |TAMS 0x00000000fd300000, 0x00000000fd300000| Untracked 
|  20|0x00000000fd400000, 0x00000000fd400000, 0x00000000fd500000|  0%| F|  |TAMS 0x00000000fd400000, 0x00000000fd400000| Untracked 
|  21|0x00000000fd500000, 0x00000000fd500000, 0x00000000fd600000|  0%| F|  |TAMS 0x00000000fd500000, 0x00000000fd500000| Untracked 
|  22|0x00000000fd600000, 0x00000000fd600000, 0x00000000fd700000|  0%| F|  |TAMS 0x00000000fd600000, 0x00000000fd600000| Untracked 
|  23|0x00000000fd700000, 0x00000000fd700000, 0x00000000fd800000|  0%| F|  |TAMS 0x00000000fd700000, 0x00000000fd700000| Untracked 
|  24|0x00000000fd800000, 0x00000000fd800000, 0x00000000fd900000|  0%| F|  |TAMS 0x00000000fd800000, 0x00000000fd800000| Untracked 
|  25|0x00000000fd900000, 0x00000000fd900000, 0x00000000fda00000|  0%| F|  |TAMS 0x00000000fd900000, 0x00000000fd900000| Untracked 
|  26|0x00000000fda00000, 0x00000000fda00800, 0x00000000fdb00000|  0%| E|  |TAMS 0x00000000fda00000, 0x00000000fda00000| Complete 
|  27|0x00000000fdb00000, 0x00000000fdc00000, 0x00000000fdc00000|100%| E|CS|TAMS 0x00000000fdb00000, 0x00000000fdb00000| Complete 
|  28|0x00000000fdc00000, 0x00000000fdd00000, 0x00000000fdd00000|100%| E|CS|TAMS 0x00000000fdc00000, 0x00000000fdc00000| Complete 
|  29|0x00000000fdd00000, 0x00000000fde00000, 0x00000000fde00000|100%| E|CS|TAMS 0x00000000fdd00000, 0x00000000fdd00000| Complete 
|  30|0x00000000fde00000, 0x00000000fdf00000, 0x00000000fdf00000|100%| E|CS|TAMS 0x00000000fde00000, 0x00000000fde00000| Complete 
|  31|0x00000000fdf00000, 0x00000000fe000000, 0x00000000fe000000|100%| E|CS|TAMS 0x00000000fdf00000, 0x00000000fdf00000| Complete 
|  32|0x00000000fe000000, 0x00000000fe100000, 0x00000000fe100000|100%| E|CS|TAMS 0x00000000fe000000, 0x00000000fe000000| Complete 
|  33|0x00000000fe100000, 0x00000000fe200000, 0x00000000fe200000|100%| E|CS|TAMS 0x00000000fe100000, 0x00000000fe100000| Complete 
|  34|0x00000000fe200000, 0x00000000fe300000, 0x00000000fe300000|100%| E|CS|TAMS 0x00000000fe200000, 0x00000000fe200000| Complete 
|  35|0x00000000fe300000, 0x00000000fe400000, 0x00000000fe400000|100%| E|CS|TAMS 0x00000000fe300000, 0x00000000fe300000| Complete 
|  36|0x00000000fe400000, 0x00000000fe500000, 0x00000000fe500000|100%| E|CS|TAMS 0x00000000fe400000, 0x00000000fe400000| Complete 
|  37|0x00000000fe500000, 0x00000000fe600000, 0x00000000fe600000|100%| E|CS|TAMS 0x00000000fe500000, 0x00000000fe500000| Complete 
|  38|0x00000000fe600000, 0x00000000fe700000, 0x00000000fe700000|100%| E|CS|TAMS 0x00000000fe600000, 0x00000000fe600000| Complete 
|  39|0x00000000fe700000, 0x00000000fe800000, 0x00000000fe800000|100%| E|CS|TAMS 0x00000000fe700000, 0x00000000fe700000| Complete 
|  40|0x00000000fe800000, 0x00000000fe900000, 0x00000000fe900000|100%| E|CS|TAMS 0x00000000fe800000, 0x00000000fe800000| Complete 
|  41|0x00000000fe900000, 0x00000000fea00000, 0x00000000fea00000|100%| E|CS|TAMS 0x00000000fe900000, 0x00000000fe900000| Complete 
|  42|0x00000000fea00000, 0x00000000feb00000, 0x00000000feb00000|100%| E|CS|TAMS 0x00000000fea00000, 0x00000000fea00000| Complete 
|  43|0x00000000feb00000, 0x00000000fec00000, 0x00000000fec00000|100%| E|CS|TAMS 0x00000000feb00000, 0x00000000feb00000| Complete 
|  44|0x00000000fec00000, 0x00000000fed00000, 0x00000000fed00000|100%| E|CS|TAMS 0x00000000fec00000, 0x00000000fec00000| Complete 
|  45|0x00000000fed00000, 0x00000000fee00000, 0x00000000fee00000|100%| E|CS|TAMS 0x00000000fed00000, 0x00000000fed00000| Complete 
|  46|0x00000000fee00000, 0x00000000fef00000, 0x00000000fef00000|100%| E|CS|TAMS 0x00000000fee00000, 0x00000000fee00000| Complete 
|  47|0x00000000fef00000, 0x00000000ff000000, 0x00000000ff000000|100%| E|CS|TAMS 0x00000000fef00000, 0x00000000fef00000| Complete 
|  48|0x00000000ff000000, 0x00000000ff100000, 0x00000000ff100000|100%| S|CS|TAMS 0x00000000ff000000, 0x00000000ff000000| Complete 
|  49|0x00000000ff100000, 0x00000000ff200000, 0x00000000ff200000|100%| S|CS|TAMS 0x00000000ff100000, 0x00000000ff100000| Complete 
|  50|0x00000000ff200000, 0x00000000ff300000, 0x00000000ff300000|100%| E|CS|TAMS 0x00000000ff200000, 0x00000000ff200000| Complete 
|  51|0x00000000ff300000, 0x00000000ff400000, 0x00000000ff400000|100%| E|CS|TAMS 0x00000000ff300000, 0x00000000ff300000| Complete 
|  52|0x00000000ff400000, 0x00000000ff500000, 0x00000000ff500000|100%| E|CS|TAMS 0x00000000ff400000, 0x00000000ff400000| Complete 
|  53|0x00000000ff500000, 0x00000000ff600000, 0x00000000ff600000|100%| E|CS|TAMS 0x00000000ff500000, 0x00000000ff500000| Complete 
|  54|0x00000000ff600000, 0x00000000ff700000, 0x00000000ff700000|100%| E|CS|TAMS 0x00000000ff600000, 0x00000000ff600000| Complete 
|  55|0x00000000ff700000, 0x00000000ff800000, 0x00000000ff800000|100%| E|CS|TAMS 0x00000000ff700000, 0x00000000ff700000| Complete 
|  56|0x00000000ff800000, 0x00000000ff900000, 0x00000000ff900000|100%| E|CS|TAMS 0x00000000ff800000, 0x00000000ff800000| Complete 
|  57|0x00000000ff900000, 0x00000000ffa00000, 0x00000000ffa00000|100%| E|CS|TAMS 0x00000000ff900000, 0x00000000ff900000| Complete 
|  58|0x00000000ffa00000, 0x00000000ffb00000, 0x00000000ffb00000|100%| E|CS|TAMS 0x00000000ffa00000, 0x00000000ffa00000| Complete 
|  59|0x00000000ffb00000, 0x00000000ffc00000, 0x00000000ffc00000|100%| E|CS|TAMS 0x00000000ffb00000, 0x00000000ffb00000| Complete 
|  60|0x00000000ffc00000, 0x00000000ffd00000, 0x00000000ffd00000|100%| E|CS|TAMS 0x00000000ffc00000, 0x00000000ffc00000| Complete 
|  61|0x00000000ffd00000, 0x00000000ffe00000, 0x00000000ffe00000|100%| E|CS|TAMS 0x00000000ffd00000, 0x00000000ffd00000| Complete 
|  62|0x00000000ffe00000, 0x00000000fff00000, 0x00000000fff00000|100%| E|CS|TAMS 0x00000000ffe00000, 0x00000000ffe00000| Complete 
|  63|0x00000000fff00000, 0x0000000100000000, 0x0000000100000000|100%| E|CS|TAMS 0x00000000fff00000, 0x00000000fff00000| Complete 

Card table byte_map: [0x00000128e8a40000,0x00000128e8a60000] _byte_map_base: 0x00000128e8260000

Marking Bits (Prev, Next): (CMBitMap*) 0x00000128eaa4c9d8, (CMBitMap*) 0x00000128eaa4ca10
 Prev Bits: [0x00000128ea850000, 0x00000128ea950000)
 Next Bits: [0x00000128f31b0000, 0x00000128f32b0000)

Polling page: 0x00000128e89f0000

Metaspace:

Usage:
  Non-class:     14.15 MB capacity,    14.00 MB ( 99%) used,   136.59 KB ( <1%) free+waste,    24.44 KB ( <1%) overhead. 
      Class:      1.85 MB capacity,     1.73 MB ( 94%) used,   107.95 KB (  6%) free+waste,    11.94 KB ( <1%) overhead. 
       Both:     16.00 MB capacity,    15.73 MB ( 98%) used,   244.55 KB (  1%) free+waste,    36.38 KB ( <1%) overhead. 

Virtual space:
  Non-class space:       16.00 MB reserved,      14.25 MB ( 89%) committed 
      Class space:        1.00 GB reserved,       1.88 MB ( <1%) committed 
             Both:        1.02 GB reserved,      16.13 MB (  2%) committed 

Chunk freelists:
   Non-Class:  34.00 KB
       Class:  0 bytes
        Both:  34.00 KB

MaxMetaspaceSize: 17179869184.00 GB
CompressedClassSpaceSize: 1.00 GB
Initial GC threshold: 20.80 MB
Current GC threshold: 20.80 MB
CDS: off

CodeHeap 'non-profiled nmethods': size=120064Kb used=580Kb max_used=580Kb free=119483Kb
 bounds [0x0000012887ac0000, 0x0000012887d30000, 0x000001288f000000]
CodeHeap 'profiled nmethods': size=120000Kb used=3063Kb max_used=3063Kb free=116936Kb
 bounds [0x0000012880590000, 0x0000012880890000, 0x0000012887ac0000]
CodeHeap 'non-nmethods': size=5696Kb used=1159Kb max_used=1172Kb free=4536Kb
 bounds [0x0000012880000000, 0x0000012880270000, 0x0000012880590000]
 total_blobs=1918 nmethods=1495 adapters=336
 compilation: enabled
              stopped_count=0, restarted_count=0
 full_count=0

Compilation events (20 events):
Event: 95.014 Thread 0x00000128f60eb000 nmethod 1480 0x0000012880888610 code [0x0000012880888800, 0x0000012880888ca8]
Event: 96.159 Thread 0x00000128f6056800 1486       4       jdk.internal.org.objectweb.asm.Item::set (219 bytes)
Event: 96.160 Thread 0x00000128f60eb000 1488       3       sun.invoke.util.VerifyAccess::isSamePackage (32 bytes)
Event: 96.161 Thread 0x00000128f60eb000 nmethod 1488 0x0000012880888e10 code [0x0000012880889120, 0x000001288088a408]
Event: 96.165 Thread 0x00000128f60eb000 1492       3       java.lang.Byte::<init> (10 bytes)
Event: 96.165 Thread 0x00000128f60eb000 nmethod 1492 0x000001288088a990 code [0x000001288088ab40, 0x000001288088acf8]
Event: 96.166 Thread 0x00000128f60eb000 1493       3       java.lang.invoke.MethodHandles$Lookup::checkSecurityManager (104 bytes)
Event: 97.481 Thread 0x00000128f60eb000 nmethod 1493 0x000001288088ae10 code [0x000001288088b100, 0x000001288088bfc8]
Event: 97.481 Thread 0x00000128f60eb000 1494       3       jdk.internal.reflect.MagicAccessorImpl::<init> (5 bytes)
Event: 97.481 Thread 0x00000128f60eb000 nmethod 1494 0x000001288088c490 code [0x000001288088c640, 0x000001288088c798]
Event: 97.481 Thread 0x00000128f60eb000 1495       1       java.lang.invoke.InfoFromMemberName::getReferenceKind (5 bytes)
Event: 97.481 Thread 0x00000128f60eb000 nmethod 1495 0x0000012887b4ef90 code [0x0000012887b4f140, 0x0000012887b4f1f8]
Event: 97.483 Thread 0x00000128f6056800 nmethod 1486 0x0000012887b4f290 code [0x0000012887b4f460, 0x0000012887b50338]
Event: 97.483 Thread 0x00000128f6056800 1491       4       java.lang.StringBuilder::<init> (7 bytes)
Event: 97.486 Thread 0x00000128f6056800 nmethod 1491 0x0000012887b50a90 code [0x0000012887b50c20, 0x0000012887b50dd8]
Event: 102.636 Thread 0x00000128f6056800 1496       4       java.util.LinkedHashMap$LinkedHashIterator::hasNext (13 bytes)
Event: 102.636 Thread 0x00000128f6056800 nmethod 1496 0x0000012887b50e90 code [0x0000012887b51020, 0x0000012887b51098]
Event: 104.435 Thread 0x00000128f60eb000 1497   !   3       java.util.concurrent.ThreadPoolExecutor::getTask (177 bytes)
Event: 104.436 Thread 0x00000128f60eb000 nmethod 1497 0x000001288088c890 code [0x000001288088cb20, 0x000001288088da18]
Event: 104.603 Thread 0x00000128f60eb000 1498   !   3       java.util.concurrent.FutureTask::runAndReset (125 bytes)

GC Heap History (2 events):
Event: 24.697 GC heap before
{Heap before GC invocations=0 (full 0):
 garbage-first heap   total 65536K, used 13312K [0x00000000fc000000, 0x0000000100000000)
  region size 1024K, 14 young (14336K), 0 survivors (0K)
 Metaspace       used 7659K, capacity 7825K, committed 7936K, reserved 1056768K
  class space    used 668K, capacity 754K, committed 768K, reserved 1048576K
}
Event: 25.299 GC heap after
{Heap after GC invocations=1 (full 0):
 garbage-first heap   total 65536K, used 3316K [0x00000000fc000000, 0x0000000100000000)
  region size 1024K, 2 young (2048K), 2 survivors (2048K)
 Metaspace       used 7659K, capacity 7825K, committed 7936K, reserved 1056768K
  class space    used 668K, capacity 754K, committed 768K, reserved 1048576K
}

Deoptimization events (20 events):
Event: 93.074 Thread 0x00000128eaa2d000 DEOPT PACKING pc=0x0000012880648cd1 sp=0x00000001ffdfc400
Event: 93.074 Thread 0x00000128eaa2d000 DEOPT UNPACKING pc=0x000001288004a95e sp=0x00000001ffdfb8c8 mode 0
Event: 93.074 Thread 0x00000128eaa2d000 DEOPT PACKING pc=0x0000012880648cd1 sp=0x00000001ffdfc400
Event: 93.074 Thread 0x00000128eaa2d000 DEOPT UNPACKING pc=0x000001288004a95e sp=0x00000001ffdfb8c8 mode 0
Event: 93.074 Thread 0x00000128eaa2d000 DEOPT PACKING pc=0x0000012880648cd1 sp=0x00000001ffdfc400
Event: 93.074 Thread 0x00000128eaa2d000 DEOPT UNPACKING pc=0x000001288004a95e sp=0x00000001ffdfb8c8 mode 0
Event: 93.389 Thread 0x00000128eaa2d000 DEOPT PACKING pc=0x00000128807402e8 sp=0x00000001ffdfc5f0
Event: 93.389 Thread 0x00000128eaa2d000 DEOPT UNPACKING pc=0x000001288004a95e sp=0x00000001ffdfbb08 mode 0
Event: 97.484 Thread 0x00000128f7243000 Uncommon trap: trap_request=0xffffff4d fr.pc=0x0000012887af3ec0 relative=0x0000000000000480
Event: 97.484 Thread 0x00000128f7243000 Uncommon trap: reason=unstable_if action=reinterpret pc=0x0000012887af3ec0 method=java.lang.AbstractStringBuilder.putStringAt(ILjava/lang/String;)V @ 8 c2
Event: 97.484 Thread 0x00000128f7243000 DEOPT PACKING pc=0x0000012887af3ec0 sp=0x00000001813fed70
Event: 97.484 Thread 0x00000128f7243000 DEOPT UNPACKING pc=0x000001288004a1af sp=0x00000001813fec78 mode 2
Event: 97.485 Thread 0x00000128f7243000 Uncommon trap: trap_request=0xffffff4d fr.pc=0x0000012887af49a8 relative=0x0000000000000468
Event: 97.485 Thread 0x00000128f7243000 Uncommon trap: reason=unstable_if action=reinterpret pc=0x0000012887af49a8 method=java.lang.AbstractStringBuilder.putStringAt(ILjava/lang/String;)V @ 8 c2
Event: 97.485 Thread 0x00000128f7243000 DEOPT PACKING pc=0x0000012887af49a8 sp=0x00000001813fed00
Event: 97.485 Thread 0x00000128f7243000 DEOPT UNPACKING pc=0x000001288004a1af sp=0x00000001813fec70 mode 2
Event: 97.485 Thread 0x00000128f7243000 Uncommon trap: trap_request=0xffffff4d fr.pc=0x0000012887b24db8 relative=0x0000000000000378
Event: 97.485 Thread 0x00000128f7243000 Uncommon trap: reason=unstable_if action=reinterpret pc=0x0000012887b24db8 method=java.lang.AbstractStringBuilder.isLatin1()Z @ 10 c2
Event: 97.485 Thread 0x00000128f7243000 DEOPT PACKING pc=0x0000012887b24db8 sp=0x00000001813fed80
Event: 97.485 Thread 0x00000128f7243000 DEOPT UNPACKING pc=0x000001288004a1af sp=0x00000001813fed00 mode 2

Classes redefined (0 events):
No events

Internal exceptions (17 events):
Event: 7.953 Thread 0x00000128eaa2d000 Exception <a 'java/lang/NoSuchMethodError'{0x00000000ffc52650}: 'int java.lang.invoke.DirectMethodHandle$Holder.invokeStaticInit(java.lang.Object, java.lang.Object)'> (0x00000000ffc52650) thrown at [./src/hotspot/share/interpreter/linkResolver.cpp, line 773]
Event: 8.212 Thread 0x00000128eaa2d000 Exception <a 'java/lang/NoSuchMethodError'{0x00000000ffb2d468}: 'int java.lang.invoke.DirectMethodHandle$Holder.invokeSpecial(java.lang.Object, java.lang.Object, java.lang.Object, java.lang.Object)'> (0x00000000ffb2d468) thrown at [./src/hotspot/share/interpreter/linkResolver.cpp, line 773]
Event: 8.218 Thread 0x00000128eaa2d000 Exception <a 'java/lang/NoSuchMethodError'{0x00000000ffb66348}: 'int java.lang.invoke.DirectMethodHandle$Holder.invokeSpecialIFC(java.lang.Object, java.lang.Object, int)'> (0x00000000ffb66348) thrown at [./src/hotspot/share/interpreter/linkResolver.cpp, line 773]
Event: 52.864 Thread 0x00000128eaa2d000 Implicit null exception at 0x0000012887b042f5 to 0x0000012887b044c0
Event: 52.895 Thread 0x00000128eaa2d000 Exception <a 'java/lang/NoClassDefFoundError'{0x00000000ff6cf818}: org/slf4j/impl/StaticMarkerBinder> (0x00000000ff6cf818) thrown at [./src/hotspot/share/classfile/systemDictionary.cpp, line 219]
Event: 53.144 Thread 0x00000128eaa2d000 Exception <a 'java/lang/NoSuchMethodError'{0x00000000ff5d3a98}: 'java.lang.Object java.lang.invoke.DirectMethodHandle$Holder.invokeVirtual(java.lang.Object, java.lang.Object, java.lang.Object, java.lang.Object, java.lang.Object, java.lang.Object, java.lang.Object)'> (0x00000000ff5d3a98) thrown at [./src/hotspot/share/interpreter/linkResolver.cpp, line 773]
Event: 53.146 Thread 0x00000128eaa2d000 Exception <a 'java/lang/NoSuchMethodError'{0x00000000ff5e7690}: 'java.lang.Object java.lang.invoke.Invokers$Holder.invoker(java.lang.Object, java.lang.Object, java.lang.Object)'> (0x00000000ff5e7690) thrown at [./src/hotspot/share/interpreter/linkResolver.cpp, line 773]
Event: 53.149 Thread 0x00000128eaa2d000 Exception <a 'java/lang/NoSuchMethodError'{0x00000000ff5f81e8}: 'void java.lang.invoke.DelegatingMethodHandle$Holder.delegate(java.lang.Object, java.lang.Object, int, java.lang.Object)'> (0x00000000ff5f81e8) thrown at [./src/hotspot/share/interpreter/linkResolver.cpp, line 773]
Event: 55.397 Thread 0x00000128eaa2d000 Exception <a 'java/lang/NoSuchMethodError'{0x00000000feae6308}: 'java.lang.Object java.lang.invoke.DirectMethodHandle$Holder.invokeStaticInit(java.lang.Object, java.lang.Object, java.lang.Object)'> (0x00000000feae6308) thrown at [./src/hotspot/share/interpreter/linkResolver.cpp, line 773]
Event: 56.162 Thread 0x00000128eaa2d000 Exception <a 'java/lang/NoSuchMethodError'{0x00000000fe5f9978}: 'java.lang.Object java.lang.invoke.DirectMethodHandle$Holder.invokeStaticInit(java.lang.Object, int, int, int, int)'> (0x00000000fe5f9978) thrown at [./src/hotspot/share/interpreter/linkResolver.cpp, line 773]
Event: 68.302 Thread 0x00000128eaa2d000 Exception <a 'java/lang/NoSuchMethodError'{0x00000000fe4c5d68}: 'java.lang.Object java.lang.invoke.DirectMethodHandle$Holder.invokeStaticInit(java.lang.Object, java.lang.Object, int, int, int, int)'> (0x00000000fe4c5d68) thrown at [./src/hotspot/share/interpreter/linkResolver.cpp, line 773]
Event: 79.457 Thread 0x00000128eaa2d000 Exception <a 'java/lang/NoSuchMethodError'{0x00000000fe3a0510}: 'void java.lang.invoke.DirectMethodHandle$Holder.invokeSpecial(java.lang.Object, java.lang.Object)'> (0x00000000fe3a0510) thrown at [./src/hotspot/share/interpreter/linkResolver.cpp, line 773]
Event: 96.157 Thread 0x00000128f7243000 Exception <a 'java/lang/NoSuchMethodError'{0x00000000fdb0e5b0}: 'void java.lang.invoke.DirectMethodHandle$Holder.invokeStatic(java.lang.Object, long)'> (0x00000000fdb0e5b0) thrown at [./src/hotspot/share/interpreter/linkResolver.cpp, line 773]
Event: 96.157 Thread 0x00000128f7243000 Exception <a 'java/lang/NoSuchMethodError'{0x00000000fdb13558}: 'java.lang.Object java.lang.invoke.DirectMethodHandle$Holder.invokeStatic(java.lang.Object, long)'> (0x00000000fdb13558) thrown at [./src/hotspot/share/interpreter/linkResolver.cpp, line 773]
Event: 96.159 Thread 0x00000128f7243000 Exception <a 'java/lang/NoSuchMethodError'{0x00000000fdb215f8}: 'java.lang.Object java.lang.invoke.DirectMethodHandle$Holder.invokeStaticInit(java.lang.Object, java.lang.Object, long, java.lang.Object)'> (0x00000000fdb215f8) thrown at [./src/hotspot/share/interpreter/linkResolver.cpp, line 773]
Event: 96.160 Thread 0x00000128f7243000 Exception <a 'java/lang/NoSuchMethodError'{0x00000000fdb274e8}: 'java.lang.Object java.lang.invoke.DirectMethodHandle$Holder.invokeStatic(java.lang.Object, java.lang.Object, long)'> (0x00000000fdb274e8) thrown at [./src/hotspot/share/interpreter/linkResolver.cpp, line 773]
Event: 96.160 Thread 0x00000128f7243000 Exception <a 'java/lang/NoSuchMethodError'{0x00000000fdb2d7b8}: 'java.lang.Object java.lang.invoke.Invokers$Holder.linkToTargetMethod(java.lang.Object, long, java.lang.Object)'> (0x00000000fdb2d7b8) thrown at [./src/hotspot/share/interpreter/linkResolver.cpp, line 773]

Events (20 events):
Event: 97.478 loading class sun/text/resources/cldr/FormatData_en done
Event: 97.478 loading class sun/text/resources/cldr/FormatData_en_US
Event: 97.478 loading class sun/text/resources/cldr/FormatData_en_US done
Event: 97.479 loading class java/text/DecimalFormatSymbols
Event: 97.480 loading class java/text/DecimalFormatSymbols done
Event: 97.480 loading class sun/util/locale/provider/DecimalFormatSymbolsProviderImpl
Event: 97.480 loading class sun/util/locale/provider/DecimalFormatSymbolsProviderImpl done
Event: 97.481 loading class java/text/DecimalFormat
Event: 97.482 loading class java/text/DecimalFormat done
Event: 97.484 Executing VM operation: RevokeBias
Event: 97.484 Executing VM operation: RevokeBias done
Event: 97.484 loading class java/text/FieldPosition
Event: 97.484 loading class java/text/FieldPosition done
Event: 97.484 loading class java/text/DigitList
Event: 97.484 loading class java/text/DigitList done
Event: 97.485 loading class java/io/PrintWriter
Event: 97.485 loading class java/io/PrintWriter done
Event: 97.489 Executing VM operation: RevokeBias
Event: 97.489 Executing VM operation: RevokeBias done
Event: 97.489 Thread 0x00000128f6f42800 Thread exited: 0x00000128f6f42800


Dynamic libraries:
0x00007ff649ea0000 - 0x00007ff649ead000 	C:\Program Files\Microsoft\jdk-11.0.18.10-hotspot\bin\java.exe
0x00007ffc80930000 - 0x00007ffc80b27000 	C:\Windows\SYSTEM32\ntdll.dll
0x00007ffc80740000 - 0x00007ffc807fd000 	C:\Windows\System32\KERNEL32.DLL
0x00007ffc7e5b0000 - 0x00007ffc7e8a6000 	C:\Windows\System32\KERNELBASE.dll
0x00007ffc7e010000 - 0x00007ffc7e110000 	C:\Windows\System32\ucrtbase.dll
0x00007ffc5a470000 - 0x00007ffc5a487000 	C:\Program Files\Microsoft\jdk-11.0.18.10-hotspot\bin\jli.dll
0x00007ffc804d0000 - 0x00007ffc8066e000 	C:\Windows\System32\USER32.dll
0x00007ffc7e960000 - 0x00007ffc7e982000 	C:\Windows\System32\win32u.dll
0x00007ffc7f2b0000 - 0x00007ffc7f2dc000 	C:\Windows\System32\GDI32.dll
0x00007ffc7e2a0000 - 0x00007ffc7e3ba000 	C:\Windows\System32\gdi32full.dll
0x00007ffc7e510000 - 0x00007ffc7e5ad000 	C:\Windows\System32\msvcp_win.dll
0x00007ffc61080000 - 0x00007ffc61095000 	C:\Program Files\Microsoft\jdk-11.0.18.10-hotspot\bin\VCRUNTIME140.dll
0x00007ffc6e390000 - 0x00007ffc6e62a000 	C:\Windows\WinSxS\amd64_microsoft.windows.common-controls_6595b64144ccf1df_6.0.19041.3570_none_60bb2a3971f3e41a\COMCTL32.dll
0x00007ffc803b0000 - 0x00007ffc8044e000 	C:\Windows\System32\msvcrt.dll
0x00007ffc802d0000 - 0x00007ffc80300000 	C:\Windows\System32\IMM32.DLL
0x00007ffc50150000 - 0x00007ffc501eb000 	C:\Program Files\Microsoft\jdk-11.0.18.10-hotspot\bin\msvcp140.dll
0x00007ffc4f5b0000 - 0x00007ffc50142000 	C:\Program Files\Microsoft\jdk-11.0.18.10-hotspot\bin\server\jvm.dll
0x00007ffc7f200000 - 0x00007ffc7f2ae000 	C:\Windows\System32\ADVAPI32.dll
0x00007ffc7f160000 - 0x00007ffc7f1fc000 	C:\Windows\System32\sechost.dll
0x00007ffc7eee0000 - 0x00007ffc7f006000 	C:\Windows\System32\RPCRT4.dll
0x00007ffc804b0000 - 0x00007ffc804b8000 	C:\Windows\System32\PSAPI.DLL
0x00007ffc77cf0000 - 0x00007ffc77cf9000 	C:\Windows\SYSTEM32\WSOCK32.dll
0x00007ffc80880000 - 0x00007ffc808eb000 	C:\Windows\System32\WS2_32.dll
0x00007ffc74200000 - 0x00007ffc74227000 	C:\Windows\SYSTEM32\WINMM.dll
0x00007ffc70d00000 - 0x00007ffc70d0a000 	C:\Windows\SYSTEM32\VERSION.dll
0x00007ffc7bed0000 - 0x00007ffc7bee2000 	C:\Windows\SYSTEM32\kernel.appcore.dll
0x00007ffc5e640000 - 0x00007ffc5e650000 	C:\Program Files\Microsoft\jdk-11.0.18.10-hotspot\bin\verify.dll
0x00007ffc6f2b0000 - 0x00007ffc6f494000 	C:\Windows\SYSTEM32\DBGHELP.DLL
0x00007ffc6f5a0000 - 0x00007ffc6f5d4000 	C:\Windows\SYSTEM32\dbgcore.DLL
0x00007ffc7e410000 - 0x00007ffc7e492000 	C:\Windows\System32\bcryptPrimitives.dll
0x00007ffc59790000 - 0x00007ffc597b8000 	C:\Program Files\Microsoft\jdk-11.0.18.10-hotspot\bin\java.dll
0x00007ffc5beb0000 - 0x00007ffc5beba000 	C:\Program Files\Microsoft\jdk-11.0.18.10-hotspot\bin\jimage.dll
0x00007ffc59770000 - 0x00007ffc59788000 	C:\Program Files\Microsoft\jdk-11.0.18.10-hotspot\bin\zip.dll
0x00007ffc7f2e0000 - 0x00007ffc7fa24000 	C:\Windows\System32\SHELL32.dll
0x00007ffc7c0d0000 - 0x00007ffc7c86b000 	C:\Windows\SYSTEM32\windows.storage.dll
0x00007ffc7fa30000 - 0x00007ffc7fd84000 	C:\Windows\System32\combase.dll
0x00007ffc7d980000 - 0x00007ffc7d9ad000 	C:\Windows\SYSTEM32\Wldp.dll
0x00007ffc80300000 - 0x00007ffc803ad000 	C:\Windows\System32\SHCORE.dll
0x00007ffc7f100000 - 0x00007ffc7f155000 	C:\Windows\System32\shlwapi.dll
0x00007ffc7df40000 - 0x00007ffc7df65000 	C:\Windows\SYSTEM32\profapi.dll
0x00007ffc593b0000 - 0x00007ffc593c9000 	C:\Program Files\Microsoft\jdk-11.0.18.10-hotspot\bin\net.dll
0x00007ffc77060000 - 0x00007ffc7716a000 	C:\Windows\SYSTEM32\WINHTTP.dll
0x00007ffc7d6e0000 - 0x00007ffc7d74a000 	C:\Windows\system32\mswsock.dll
0x00007ffc592b0000 - 0x00007ffc592c3000 	C:\Program Files\Microsoft\jdk-11.0.18.10-hotspot\bin\nio.dll
0x00007ffc57660000 - 0x00007ffc57687000 	C:\Users\Faizan Ali\.gradle\native\68d5fa5c4cc2d200863cafc0d521ce42e7d3e7ee720ec0a83991735586a16f82\windows-amd64\native-platform.dll
0x00007ffc5bd90000 - 0x00007ffc5bd99000 	C:\Program Files\Microsoft\jdk-11.0.18.10-hotspot\bin\management.dll
0x00007ffc5b7e0000 - 0x00007ffc5b7eb000 	C:\Program Files\Microsoft\jdk-11.0.18.10-hotspot\bin\management_ext.dll
0x00007ffc7d8e0000 - 0x00007ffc7d8f8000 	C:\Windows\SYSTEM32\CRYPTSP.dll
0x00007ffc7cff0000 - 0x00007ffc7d024000 	C:\Windows\system32\rsaenh.dll
0x00007ffc7e270000 - 0x00007ffc7e297000 	C:\Windows\System32\bcrypt.dll
0x00007ffc7df00000 - 0x00007ffc7df2e000 	C:\Windows\SYSTEM32\USERENV.dll
0x00007ffc7d8d0000 - 0x00007ffc7d8dc000 	C:\Windows\SYSTEM32\CRYPTBASE.dll
0x00007ffc7d3d0000 - 0x00007ffc7d40b000 	C:\Windows\SYSTEM32\IPHLPAPI.DLL
0x00007ffc804c0000 - 0x00007ffc804c8000 	C:\Windows\System32\NSI.dll
0x00007ffc776b0000 - 0x00007ffc776c7000 	C:\Windows\SYSTEM32\dhcpcsvc6.DLL
0x00007ffc77c50000 - 0x00007ffc77c6d000 	C:\Windows\SYSTEM32\dhcpcsvc.DLL
0x00007ffc7d410000 - 0x00007ffc7d4da000 	C:\Windows\SYSTEM32\DNSAPI.dll

dbghelp: loaded successfully - version: 4.0.5 - missing functions: none
symbol engine: initialized successfully - sym options: 0x614 - pdb path: .;C:\Program Files\Microsoft\jdk-11.0.18.10-hotspot\bin;C:\Windows\SYSTEM32;C:\Windows\WinSxS\amd64_microsoft.windows.common-controls_6595b64144ccf1df_6.0.19041.3570_none_60bb2a3971f3e41a;C:\Program Files\Microsoft\jdk-11.0.18.10-hotspot\bin\server;C:\Users\Faizan Ali\.gradle\native\68d5fa5c4cc2d200863cafc0d521ce42e7d3e7ee720ec0a83991735586a16f82\windows-amd64

VM Arguments:
jvm_args: -Xmx64m -Xms64m -Dorg.gradle.appname=gradlew 
java_command: org.gradle.wrapper.GradleWrapperMain tasks
java_class_path (initial): C:\Users\Faizan Ali\Mobile apps\mechanic\android\\gradle\wrapper\gradle-wrapper.jar
Launcher Type: SUN_STANDARD

[Global flags]
     intx CICompilerCount                          = 3                                         {product} {ergonomic}
     uint ConcGCThreads                            = 1                                         {product} {ergonomic}
     uint G1ConcRefinementThreads                  = 4                                         {product} {ergonomic}
   size_t G1HeapRegionSize                         = 1048576                                   {product} {ergonomic}
    uintx GCDrainStackTargetSize                   = 64                                        {product} {ergonomic}
   size_t InitialHeapSize                          = 67108864                                  {product} {command line}
   size_t MarkStackSize                            = 4194304                                   {product} {ergonomic}
   size_t MaxHeapSize                              = 67108864                                  {product} {command line}
   size_t MaxNewSize                               = 39845888                                  {product} {ergonomic}
   size_t MinHeapDeltaBytes                        = 1048576                                   {product} {ergonomic}
    uintx NonNMethodCodeHeapSize                   = 5830732                                {pd product} {ergonomic}
    uintx NonProfiledCodeHeapSize                  = 122913754                              {pd product} {ergonomic}
    uintx ProfiledCodeHeapSize                     = 122913754                              {pd product} {ergonomic}
    uintx ReservedCodeCacheSize                    = 251658240                              {pd product} {ergonomic}
     bool SegmentedCodeCache                       = true                                      {product} {ergonomic}
     bool UseCompressedClassPointers               = true                                 {lp64_product} {ergonomic}
     bool UseCompressedOops                        = true                                 {lp64_product} {ergonomic}
     bool UseG1GC                                  = true                                      {product} {ergonomic}
     bool UseLargePagesIndividualAllocation        = false                                  {pd product} {ergonomic}

Logging:
Log output configuration:
 #0: stdout all=warning uptime,level,tags
 #1: stderr all=off uptime,level,tags

Environment Variables:
JAVA_HOME=C:\Program Files\Microsoft\jdk-11.0.18.10-hotspot\
CLASSPATH=C:\Users\Faizan Ali\Mobile apps\mechanic\android\\gradle\wrapper\gradle-wrapper.jar
PATH=C:\Users\Faizan Ali\Mobile apps\mechanic\node_modules\.bin;C:\Users\Faizan Ali\Mobile apps\mechanic\node_modules\.bin;C:\Users\Faizan Ali\Mobile apps\node_modules\.bin;C:\Users\Faizan Ali\node_modules\.bin;C:\Users\node_modules\.bin;C:\node_modules\.bin;C:\Users\Faizan Ali\AppData\Roaming\npm\node_modules\npm\node_modules\@npmcli\run-script\lib\node-gyp-bin;C:\Users\Faizan Ali\Mobile apps\mechanic\node_modules\.bin;C:\Users\Faizan Ali\Mobile apps\node_modules\.bin;C:\Users\Faizan Ali\node_modules\.bin;C:\Users\node_modules\.bin;C:\node_modules\.bin;C:\Users\Faizan Ali\AppData\Roaming\npm\node_modules\npm\node_modules\@npmcli\run-script\lib\node-gyp-bin;C:\Program Files\Microsoft\jdk-11.0.18.10-hotspot\bin;C:\Windows\system32;C:\Windows;C:\Windows\System32\Wbem;C:\Windows\System32\WindowsPowerShell\v1.0\;C:\Windows\System32\OpenSSH\;C:\Program Files\nodejs\;C:\ProgramData\chocolatey\bin;C:\xampp\php;C:\composer;C:\Users\Faizan Ali\AppData\Local\Microsoft\WindowsApps;C:\Users\Faizan Ali\AppData\Local\Programs\Microsoft VS Code\bin;C:\Users\Faizan Ali\AppData\Roaming\npm;C:\Users\Faizan Ali\AppData\Local\GitHubDesktop\bin;C:\Users\Faizan Ali\AppData\Local\Programs\Git\cmd
USERNAME=Faizan Ali
LANG=en_US.UTF-8
OS=Windows_NT
PROCESSOR_IDENTIFIER=Intel64 Family 6 Model 60 Stepping 3, GenuineIntel
TMP=C:\Users\FAIZAN~1\AppData\Local\Temp
TEMP=C:\Users\FAIZAN~1\AppData\Local\Temp



---------------  S Y S T E M  ---------------

OS: Windows 10 , 64 bit Build 19041 (10.0.19041.3570)
OS uptime: 7 days 10:02 hours

CPU:total 4 (initial active 4) (4 cores per cpu, 1 threads per core) family 6 model 60 stepping 3 microcode 0x27, cmov, cx8, fxsr, mmx, sse, sse2, sse3, ssse3, sse4.1, sse4.2, popcnt, avx, avx2, aes, clmul, erms, lzcnt, tsc, tscinvbit, bmi1, bmi2, fma

Memory: 4k page, system-wide physical 12201M (224M free)
TotalPageFile size 42655M (AvailPageFile size 2M)
current process WorkingSet (physical memory assigned to process): 69M, peak: 95M
current process commit charge ("private bytes"): 154M, peak: 155M

vm_info: OpenJDK 64-Bit Server VM (11.0.18+10-LTS) for windows-amd64 JRE (11.0.18+10-LTS), built on Jan 18 2023 15:56:47 by "MicrosoftCorporation" with MS VC++ 15.9 (VS2017)

END.
