#
# There is insufficient memory for the Java Runtime Environment to continue.
# Native memory allocation (malloc) failed to allocate 1048576 bytes for AllocateHeap
# Possible reasons:
#   The system is out of physical RAM or swap space
#   The process is running with CompressedOops enabled, and the Java Heap may be blocking the growth of the native heap
# Possible solutions:
#   Reduce memory load on the system
#   Increase physical memory or swap space
#   Check if swap backing store is full
#   Decrease Java heap size (-Xmx/-Xms)
#   Decrease number of Java threads
#   Set larger code cache with -XX:ReservedCodeCacheSize=
#   JVM is running with Unscaled Compressed Oops mode in which the Java heap is
#     placed in the first 4GB address space. The Java Heap base address is the
#     maximum limit for the native heap growth. Please use -XX:HeapBaseMinAddress
#     to set the Java Heap base and to place the Java Heap above 4GB virtual address.
# This output file may be truncated or incomplete.
#
#  Out of Memory Error (./src/hotspot/share/memory/allocation.cpp:46), pid=27572, tid=29040
#
# JRE version: OpenJDK Runtime Environment Microsoft-7208460 (11.0.18+10) (build 11.0.18+10-LTS)
# Java VM: OpenJDK 64-Bit Server VM Microsoft-7208460 (11.0.18+10-LTS, mixed mode, tiered, compressed oops, g1 gc, windows-amd64)
# No core dump will be written. Minidumps are not enabled by default on client versions of Windows
#

---------------  S U M M A R Y ------------

Command Line: -XX:MaxMetaspaceSize=512m --add-opens=java.base/java.util=ALL-UNNAMED --add-opens=java.base/java.lang=ALL-UNNAMED --add-opens=java.base/java.lang.invoke=ALL-UNNAMED --add-opens=java.prefs/java.util.prefs=ALL-UNNAMED --add-opens=java.base/java.nio.charset=ALL-UNNAMED --add-opens=java.base/java.net=ALL-UNNAMED --add-opens=java.base/java.util.concurrent.atomic=ALL-UNNAMED -Xmx2048m -Dfile.encoding=windows-1252 -Duser.country=US -Duser.language=en -Duser.variant org.gradle.launcher.daemon.bootstrap.GradleDaemon 8.0.1

Host: Intel(R) Core(TM) i5-4570 CPU @ 3.20GHz, 4 cores, 11G,  Windows 10 , 64 bit Build 19041 (10.0.19041.3570)
Time: Tue Nov  7 05:48:34 2023 Pakistan Standard Time elapsed time: 150.049599 seconds (0d 0h 2m 30s)

---------------  T H R E A D  ---------------

Current thread (0x0000020cf87b3800):  VMThread "VM Thread" [stack: 0x000000c934f00000,0x000000c935000000] [id=29040]

Stack: [0x000000c934f00000,0x000000c935000000]
[error occurred during error reporting (printing stack bounds), id 0xc0000005, EXCEPTION_ACCESS_VIOLATION (0xc0000005) at pc=0x0000020ce26b112d]

Native frames: (J=compiled Java code, j=interpreted, Vv=VM code, C=native code)
V  [jvm.dll+0x62bf8a]
V  [jvm.dll+0x7b8fb9]
V  [jvm.dll+0x7ba6a8]
V  [jvm.dll+0x7bace5]
V  [jvm.dll+0x7bac9b]
V  [jvm.dll+0x62b317]
V  [jvm.dll+0x62ba28]
C  [ntdll.dll+0xa23af]
C  [ntdll.dll+0x514b4]
C  [ntdll.dll+0xa0ebe]
C  0x0000020ce26b112d

VM_Operation (0x000000c9363f6ed0): CollectForMetadataAllocation, mode: safepoint, requested by thread 0x0000020cfa0e2000


---------------  P R O C E S S  ---------------

Threads class SMR info:
_java_thread_list=0x0000020cfb5ed7c0, length=65, elements={
0x0000020cd9f31800, 0x0000020cf87c8800, 0x0000020cf87ca000, 0x0000020cf87d5000,
0x0000020cf87d8000, 0x0000020cf87d9800, 0x0000020cf87dc800, 0x0000020cf87de800,
0x0000020cf919c800, 0x0000020cf9299800, 0x0000020cfbe8e800, 0x0000020cfb801800,
0x0000020cfa42e800, 0x0000020cfa838800, 0x0000020cfa839800, 0x0000020cfa7ad000,
0x0000020cfa0e2000, 0x0000020cfa816800, 0x0000020cf9e5f000, 0x0000020cfbbc0000,
0x0000020cfbbc1000, 0x0000020cfbbc2800, 0x0000020cfbbbf000, 0x0000020cfbbbc800,
0x0000020cfbbc1800, 0x0000020cfbbc3800, 0x0000020cfbbbd800, 0x0000020cfb15a800,
0x0000020cfb158800, 0x0000020cfb159800, 0x0000020cfb15b000, 0x0000020cfb158000,
0x0000020cfb15c800, 0x0000020cfb157000, 0x0000020cfb160000, 0x0000020cfb161800,
0x0000020cfb15e800, 0x0000020cfb15f000, 0x0000020cfb161000, 0x0000020cfb162800,
0x0000020cfb15d800, 0x0000020cfb165000, 0x0000020cfb163800, 0x0000020cfb164000,
0x0000020cfb165800, 0x0000020cfbbbe800, 0x0000020cfc3ed000, 0x0000020cfc3ee000,
0x0000020cfc3ec000, 0x0000020cfc3ee800, 0x0000020cfc3ef800, 0x0000020cfc3ea800,
0x0000020cfc3eb800, 0x0000020cfc3ea000, 0x0000020cfc3f1000, 0x0000020cfc3f5000,
0x0000020cfc3f2000, 0x0000020cfc3f0800, 0x0000020cfc3f6000, 0x0000020cfc3f4800,
0x0000020cfc3f3800, 0x0000020cfc3f7000, 0x0000020cfc3f7800, 0x0000020cfc3f8800,
0x0000020cfc3f2800
}

Java Threads: ( => current thread )
  0x0000020cd9f31800 JavaThread "main" [_thread_blocked, id=28932, stack(0x000000c934800000,0x000000c934900000)]
  0x0000020cf87c8800 JavaThread "Reference Handler" daemon [_thread_blocked, id=29092, stack(0x000000c935000000,0x000000c935100000)]
  0x0000020cf87ca000 JavaThread "Finalizer" daemon [_thread_blocked, id=29096, stack(0x000000c935100000,0x000000c935200000)]
  0x0000020cf87d5000 JavaThread "Signal Dispatcher" daemon [_thread_blocked, id=29168, stack(0x000000c935200000,0x000000c935300000)]
  0x0000020cf87d8000 JavaThread "Attach Listener" daemon [_thread_blocked, id=29172, stack(0x000000c935300000,0x000000c935400000)]
  0x0000020cf87d9800 JavaThread "Service Thread" daemon [_thread_blocked, id=29176, stack(0x000000c935400000,0x000000c935500000)]
  0x0000020cf87dc800 JavaThread "C2 CompilerThread0" daemon [_thread_blocked, id=29180, stack(0x000000c935500000,0x000000c935600000)]
  0x0000020cf87de800 JavaThread "C1 CompilerThread0" daemon [_thread_blocked, id=29224, stack(0x000000c935600000,0x000000c935700000)]
  0x0000020cf919c800 JavaThread "Sweeper thread" daemon [_thread_blocked, id=29240, stack(0x000000c935700000,0x000000c935800000)]
  0x0000020cf9299800 JavaThread "Common-Cleaner" daemon [_thread_blocked, id=29300, stack(0x000000c935800000,0x000000c935900000)]
  0x0000020cfbe8e800 JavaThread "Daemon health stats" [_thread_blocked, id=23616, stack(0x000000c935d00000,0x000000c935e00000)]
  0x0000020cfb801800 JavaThread "Incoming local TCP Connector on port 64593" [_thread_in_native, id=31000, stack(0x000000c935e00000,0x000000c935f00000)]
  0x0000020cfa42e800 JavaThread "Daemon periodic checks" [_thread_blocked, id=31024, stack(0x000000c935f00000,0x000000c936000000)]
  0x0000020cfa838800 JavaThread "Daemon" [_thread_blocked, id=31124, stack(0x000000c936000000,0x000000c936100000)]
  0x0000020cfa839800 JavaThread "Handler for socket connection from /127.0.0.1:64593 to /127.0.0.1:64594" [_thread_in_native, id=31140, stack(0x000000c936100000,0x000000c936200000)]
  0x0000020cfa7ad000 JavaThread "Cancel handler" [_thread_blocked, id=31180, stack(0x000000c936200000,0x000000c936300000)]
  0x0000020cfa0e2000 JavaThread "Daemon worker" [_thread_blocked, id=31208, stack(0x000000c936300000,0x000000c936400000)]
  0x0000020cfa816800 JavaThread "Asynchronous log dispatcher for DefaultDaemonConnection: socket connection from /127.0.0.1:64593 to /127.0.0.1:64594" [_thread_blocked, id=31256, stack(0x000000c936400000,0x000000c936500000)]
  0x0000020cf9e5f000 JavaThread "Daemon client event forwarder" [_thread_blocked, id=31288, stack(0x000000c936600000,0x000000c936700000)]
  0x0000020cfbbc0000 JavaThread "Cache worker for journal cache (C:\Users\Faizan Ali\.gradle\caches\journal-1)" [_thread_blocked, id=31712, stack(0x000000c936700000,0x000000c936800000)]
  0x0000020cfbbc1000 JavaThread "File lock request listener" [_thread_in_native, id=31716, stack(0x000000c936800000,0x000000c936900000)]
  0x0000020cfbbc2800 JavaThread "Cache worker for file hash cache (C:\Users\Faizan Ali\.gradle\caches\8.0.1\fileHashes)" [_thread_blocked, id=16072, stack(0x000000c936900000,0x000000c936a00000)]
  0x0000020cfbbbf000 JavaThread "File watcher server" daemon [_thread_in_native, id=31920, stack(0x000000c936b00000,0x000000c936c00000)]
  0x0000020cfbbbc800 JavaThread "File watcher consumer" daemon [_thread_blocked, id=31944, stack(0x000000c936c00000,0x000000c936d00000)]
  0x0000020cfbbc1800 JavaThread "Cache worker for checksums cache (C:\Users\Faizan Ali\Mobile apps\mechanic\android\.gradle\8.0.1\checksums)" [_thread_blocked, id=32040, stack(0x000000c936d00000,0x000000c936e00000)]
  0x0000020cfbbc3800 JavaThread "Cache worker for cache directory md-rule (C:\Users\Faizan Ali\.gradle\caches\8.0.1\md-rule)" [_thread_blocked, id=32068, stack(0x000000c936e00000,0x000000c936f00000)]
  0x0000020cfbbbd800 JavaThread "Cache worker for file content cache (C:\Users\Faizan Ali\.gradle\caches\8.0.1\fileContent)" [_thread_blocked, id=32100, stack(0x000000c936f00000,0x000000c937000000)]
  0x0000020cfb15a800 JavaThread "Cache worker for file hash cache (C:\Users\Faizan Ali\Mobile apps\mechanic\android\.gradle\8.0.1\fileHashes)" [_thread_blocked, id=32264, stack(0x000000c937000000,0x000000c937100000)]
  0x0000020cfb158800 JavaThread "Cache worker for cache directory md-supplier (C:\Users\Faizan Ali\.gradle\caches\8.0.1\md-supplier)" [_thread_blocked, id=32268, stack(0x000000c937100000,0x000000c937200000)]
  0x0000020cfb159800 JavaThread "Cache worker for execution history cache (C:\Users\Faizan Ali\.gradle\caches\8.0.1\executionHistory)" [_thread_blocked, id=32364, stack(0x000000c937200000,0x000000c937300000)]
  0x0000020cfb15b000 JavaThread "jar transforms" [_thread_blocked, id=25740, stack(0x000000c937300000,0x000000c937400000)]
  0x0000020cfb158000 JavaThread "jar transforms Thread 2" [_thread_blocked, id=26900, stack(0x000000c937400000,0x000000c937500000)]
  0x0000020cfb15c800 JavaThread "jar transforms Thread 3" [_thread_blocked, id=29968, stack(0x000000c937500000,0x000000c937600000)]
  0x0000020cfb157000 JavaThread "jar transforms Thread 4" [_thread_blocked, id=32816, stack(0x000000c937600000,0x000000c937700000)]
  0x0000020cfb160000 JavaThread "Cache worker for kotlin-dsl (C:\Users\Faizan Ali\.gradle\caches\8.0.1\kotlin-dsl)" [_thread_blocked, id=23300, stack(0x000000c934700000,0x000000c934800000)]
  0x0000020cfb161800 JavaThread "File lock release action executor Thread 2" [_thread_blocked, id=18040, stack(0x000000c934900000,0x000000c934a00000)]
  0x0000020cfb15e800 JavaThread "Cache worker for dependencies-accessors (C:\Users\Faizan Ali\Mobile apps\mechanic\android\.gradle\8.0.1\dependencies-accessors)" [_thread_blocked, id=18984, stack(0x000000c936500000,0x000000c936600000)]
  0x0000020cfb15f000 JavaThread "Cache worker for Build Output Cleanup Cache (C:\Users\Faizan Ali\Mobile apps\mechanic\node_modules\@react-native\gradle-plugin\.gradle\buildOutputCleanup)" [_thread_blocked, id=3308, stack(0x000000c936a00000,0x000000c936b00000)]
  0x0000020cfb161000 JavaThread "Unconstrained build operations" [_thread_blocked, id=3968, stack(0x000000c937700000,0x000000c937800000)]
  0x0000020cfb162800 JavaThread "Unconstrained build operations Thread 2" [_thread_blocked, id=18324, stack(0x000000c937900000,0x000000c937a00000)]
  0x0000020cfb15d800 JavaThread "Unconstrained build operations Thread 3" [_thread_blocked, id=20108, stack(0x000000c937a00000,0x000000c937b00000)]
  0x0000020cfb165000 JavaThread "Unconstrained build operations Thread 4" [_thread_blocked, id=18236, stack(0x000000c937b00000,0x000000c937c00000)]
  0x0000020cfb163800 JavaThread "Unconstrained build operations Thread 5" [_thread_blocked, id=5224, stack(0x000000c937c00000,0x000000c937d00000)]
  0x0000020cfb164000 JavaThread "Unconstrained build operations Thread 6" [_thread_blocked, id=17588, stack(0x000000c937d00000,0x000000c937e00000)]
  0x0000020cfb165800 JavaThread "Unconstrained build operations Thread 7" [_thread_blocked, id=9504, stack(0x000000c937e00000,0x000000c937f00000)]
  0x0000020cfbbbe800 JavaThread "Unconstrained build operations Thread 8" [_thread_blocked, id=9696, stack(0x000000c937f00000,0x000000c938000000)]
  0x0000020cfc3ed000 JavaThread "Unconstrained build operations Thread 9" [_thread_blocked, id=20412, stack(0x000000c938000000,0x000000c938100000)]
  0x0000020cfc3ee000 JavaThread "Unconstrained build operations Thread 10" [_thread_blocked, id=15616, stack(0x000000c938100000,0x000000c938200000)]
  0x0000020cfc3ec000 JavaThread "Unconstrained build operations Thread 11" [_thread_blocked, id=22088, stack(0x000000c938200000,0x000000c938300000)]
  0x0000020cfc3ee800 JavaThread "Unconstrained build operations Thread 12" [_thread_blocked, id=10268, stack(0x000000c938300000,0x000000c938400000)]
  0x0000020cfc3ef800 JavaThread "Unconstrained build operations Thread 13" [_thread_blocked, id=19952, stack(0x000000c938400000,0x000000c938500000)]
  0x0000020cfc3ea800 JavaThread "Unconstrained build operations Thread 14" [_thread_blocked, id=10508, stack(0x000000c938500000,0x000000c938600000)]
  0x0000020cfc3eb800 JavaThread "Unconstrained build operations Thread 15" [_thread_blocked, id=32092, stack(0x000000c938600000,0x000000c938700000)]
  0x0000020cfc3ea000 JavaThread "Unconstrained build operations Thread 16" [_thread_blocked, id=32104, stack(0x000000c938700000,0x000000c938800000)]
  0x0000020cfc3f1000 JavaThread "Unconstrained build operations Thread 17" [_thread_blocked, id=22584, stack(0x000000c938800000,0x000000c938900000)]
  0x0000020cfc3f5000 JavaThread "Unconstrained build operations Thread 18" [_thread_blocked, id=31468, stack(0x000000c938900000,0x000000c938a00000)]
  0x0000020cfc3f2000 JavaThread "Unconstrained build operations Thread 19" [_thread_blocked, id=21088, stack(0x000000c938a00000,0x000000c938b00000)]
  0x0000020cfc3f0800 JavaThread "Unconstrained build operations Thread 20" [_thread_blocked, id=33804, stack(0x000000c938b00000,0x000000c938c00000)]
  0x0000020cfc3f6000 JavaThread "Unconstrained build operations Thread 21" [_thread_blocked, id=29440, stack(0x000000c938c00000,0x000000c938d00000)]
  0x0000020cfc3f4800 JavaThread "Unconstrained build operations Thread 22" [_thread_blocked, id=32148, stack(0x000000c938d00000,0x000000c938e00000)]
  0x0000020cfc3f3800 JavaThread "Unconstrained build operations Thread 23" [_thread_blocked, id=32108, stack(0x000000c938e00000,0x000000c938f00000)]
  0x0000020cfc3f7000 JavaThread "Unconstrained build operations Thread 24" [_thread_blocked, id=32172, stack(0x000000c938f00000,0x000000c939000000)]
  0x0000020cfc3f7800 JavaThread "Unconstrained build operations Thread 25" [_thread_blocked, id=32156, stack(0x000000c939000000,0x000000c939100000)]
  0x0000020cfc3f8800 JavaThread "Unconstrained build operations Thread 26" [_thread_blocked, id=5308, stack(0x000000c939100000,0x000000c939200000)]
  0x0000020cfc3f2800 JavaThread "Memory manager" [_thread_blocked, id=35284, stack(0x000000c939200000,0x000000c939300000)]

Other Threads:
=>0x0000020cf87b3800 VMThread "VM Thread" [stack: 0x000000c934f00000,0x000000c935000000] [id=29040]
  0x0000020cf92b8000 WatcherThread [stack: 0x000000c935900000,0x000000c935a00000] [id=29328]
  0x0000020cd9f4a000 GCTaskThread "GC Thread#0" [stack: 0x000000c934a00000,0x000000c934b00000] [id=29020]
  0x0000020cf9a3d800 GCTaskThread "GC Thread#1" [stack: 0x000000c935a00000,0x000000c935b00000] [id=29140]
  0x0000020cf96ab000 GCTaskThread "GC Thread#2" [stack: 0x000000c935b00000,0x000000c935c00000] [id=28968]
  0x0000020cf96ab800 GCTaskThread "GC Thread#3" [stack: 0x000000c935c00000,0x000000c935d00000] [id=29120]
  0x0000020cd9f7b800 ConcurrentGCThread "G1 Main Marker" [stack: 0x000000c934b00000,0x000000c934c00000] [id=29024]
  0x0000020cd9f7c800 ConcurrentGCThread "G1 Conc#0" [stack: 0x000000c934c00000,0x000000c934d00000] [id=29028]
  0x0000020cda00e000 ConcurrentGCThread "G1 Refine#0" [stack: 0x000000c934d00000,0x000000c934e00000] [id=29032]
  0x0000020cf8620800 ConcurrentGCThread "G1 Young RemSet Sampling" [stack: 0x000000c934e00000,0x000000c934f00000] [id=29036]

Threads with active compile tasks:

VM state:at safepoint (normal execution)

VM Mutex/Monitor currently owned by a thread:  ([mutex/lock_event])
[0x0000020cd9f2d960] Threads_lock - owner thread: 0x0000020cf87b3800
[0x0000020cd9f2dcc0] Heap_lock - owner thread: 0x0000020cfa0e2000

Heap address: 0x0000000080000000, size: 2048 MB, Compressed Oops mode: 32-bit
Narrow klass base: 0x0000000000000000, Narrow klass shift: 3
Compressed class space size: 528482304 Address: 0x0000000100000000

Heap:
 garbage-first heap   total 196608K, used 44953K [0x0000000080000000, 0x0000000100000000)
  region size 1024K, 7 young (7168K), 7 survivors (7168K)
 Metaspace       used 61723K, capacity 63485K, committed 63624K, reserved 583680K
  class space    used 8021K, capacity 8751K, committed 8832K, reserved 516096K
Heap Regions: E=young(eden), S=young(survivor), O=old, HS=humongous(starts), HC=humongous(continues), CS=collection set, F=free, A=archive, TAMS=top-at-mark-start (previous, next)
|   0|0x0000000080000000, 0x0000000080100000, 0x0000000080100000|100%| O|  |TAMS 0x0000000080100000, 0x0000000080100000| Untracked 
|   1|0x0000000080100000, 0x0000000080200000, 0x0000000080200000|100%| O|  |TAMS 0x0000000080200000, 0x0000000080200000| Untracked 
|   2|0x0000000080200000, 0x0000000080300000, 0x0000000080300000|100%|HS|  |TAMS 0x0000000080300000, 0x0000000080300000| Complete 
|   3|0x0000000080300000, 0x0000000080400000, 0x0000000080400000|100%|HC|  |TAMS 0x0000000080400000, 0x0000000080400000| Complete 
|   4|0x0000000080400000, 0x0000000080500000, 0x0000000080500000|100%|HC|  |TAMS 0x0000000080500000, 0x0000000080500000| Complete 
|   5|0x0000000080500000, 0x0000000080600000, 0x0000000080600000|100%|HC|  |TAMS 0x0000000080600000, 0x0000000080600000| Complete 
|   6|0x0000000080600000, 0x0000000080700000, 0x0000000080700000|100%| O|  |TAMS 0x0000000080700000, 0x0000000080700000| Untracked 
|   7|0x0000000080700000, 0x0000000080800000, 0x0000000080800000|100%| O|  |TAMS 0x0000000080800000, 0x0000000080800000| Untracked 
|   8|0x0000000080800000, 0x0000000080900000, 0x0000000080900000|100%| O|  |TAMS 0x0000000080900000, 0x0000000080900000| Untracked 
|   9|0x0000000080900000, 0x0000000080a00000, 0x0000000080a00000|100%| O|  |TAMS 0x0000000080a00000, 0x0000000080a00000| Untracked 
|  10|0x0000000080a00000, 0x0000000080b00000, 0x0000000080b00000|100%| O|  |TAMS 0x0000000080b00000, 0x0000000080b00000| Untracked 
|  11|0x0000000080b00000, 0x0000000080c00000, 0x0000000080c00000|100%| O|  |TAMS 0x0000000080c00000, 0x0000000080c00000| Untracked 
|  12|0x0000000080c00000, 0x0000000080d00000, 0x0000000080d00000|100%| O|  |TAMS 0x0000000080d00000, 0x0000000080d00000| Untracked 
|  13|0x0000000080d00000, 0x0000000080e00000, 0x0000000080e00000|100%| O|  |TAMS 0x0000000080e00000, 0x0000000080e00000| Untracked 
|  14|0x0000000080e00000, 0x0000000080f00000, 0x0000000080f00000|100%| O|  |TAMS 0x0000000080f00000, 0x0000000080f00000| Untracked 
|  15|0x0000000080f00000, 0x0000000081000000, 0x0000000081000000|100%| O|  |TAMS 0x0000000081000000, 0x0000000081000000| Untracked 
|  16|0x0000000081000000, 0x0000000081100000, 0x0000000081100000|100%| O|  |TAMS 0x0000000081100000, 0x0000000081100000| Untracked 
|  17|0x0000000081100000, 0x0000000081200000, 0x0000000081200000|100%| O|  |TAMS 0x0000000081200000, 0x0000000081200000| Untracked 
|  18|0x0000000081200000, 0x0000000081300000, 0x0000000081300000|100%| O|  |TAMS 0x0000000081300000, 0x0000000081300000| Untracked 
|  19|0x0000000081300000, 0x0000000081400000, 0x0000000081400000|100%| O|  |TAMS 0x0000000081400000, 0x0000000081400000| Untracked 
|  20|0x0000000081400000, 0x0000000081500000, 0x0000000081500000|100%| O|  |TAMS 0x0000000081500000, 0x0000000081500000| Untracked 
|  21|0x0000000081500000, 0x0000000081600000, 0x0000000081600000|100%| O|  |TAMS 0x0000000081600000, 0x0000000081600000| Untracked 
|  22|0x0000000081600000, 0x0000000081700000, 0x0000000081700000|100%| O|  |TAMS 0x0000000081700000, 0x0000000081700000| Untracked 
|  23|0x0000000081700000, 0x0000000081800000, 0x0000000081800000|100%| O|  |TAMS 0x0000000081800000, 0x0000000081800000| Untracked 
|  24|0x0000000081800000, 0x0000000081900000, 0x0000000081900000|100%|HS|  |TAMS 0x0000000081900000, 0x0000000081900000| Complete 
|  25|0x0000000081900000, 0x0000000081a00000, 0x0000000081a00000|100%|HC|  |TAMS 0x0000000081a00000, 0x0000000081a00000| Complete 
|  26|0x0000000081a00000, 0x0000000081b00000, 0x0000000081b00000|100%|HS|  |TAMS 0x0000000081b00000, 0x0000000081b00000| Complete 
|  27|0x0000000081b00000, 0x0000000081c00000, 0x0000000081c00000|100%|HC|  |TAMS 0x0000000081c00000, 0x0000000081c00000| Complete 
|  28|0x0000000081c00000, 0x0000000081d00000, 0x0000000081d00000|100%|HC|  |TAMS 0x0000000081d00000, 0x0000000081d00000| Complete 
|  29|0x0000000081d00000, 0x0000000081e00000, 0x0000000081e00000|100%|HC|  |TAMS 0x0000000081e00000, 0x0000000081e00000| Complete 
|  30|0x0000000081e00000, 0x0000000081f00000, 0x0000000081f00000|100%| O|  |TAMS 0x0000000081f00000, 0x0000000081f00000| Untracked 
|  31|0x0000000081f00000, 0x0000000082000000, 0x0000000082000000|100%| O|  |TAMS 0x0000000082000000, 0x0000000082000000| Untracked 
|  32|0x0000000082000000, 0x0000000082100000, 0x0000000082100000|100%| O|  |TAMS 0x0000000082100000, 0x0000000082100000| Untracked 
|  33|0x0000000082100000, 0x0000000082200000, 0x0000000082200000|100%| O|  |TAMS 0x0000000082200000, 0x0000000082200000| Untracked 
|  34|0x0000000082200000, 0x0000000082300000, 0x0000000082300000|100%| O|  |TAMS 0x000000008228fa00, 0x0000000082300000| Untracked 
|  35|0x0000000082300000, 0x0000000082400000, 0x0000000082400000|100%| O|  |TAMS 0x0000000082300000, 0x0000000082400000| Untracked 
|  36|0x0000000082400000, 0x0000000082500000, 0x0000000082500000|100%| O|  |TAMS 0x0000000082400000, 0x0000000082500000| Untracked 
|  37|0x0000000082500000, 0x0000000082589a00, 0x0000000082600000| 53%| O|  |TAMS 0x0000000082500000, 0x0000000082589a00| Untracked 
|  38|0x0000000082600000, 0x0000000082600000, 0x0000000082700000|  0%| F|  |TAMS 0x0000000082600000, 0x0000000082600000| Untracked 
|  39|0x0000000082700000, 0x0000000082700000, 0x0000000082800000|  0%| F|  |TAMS 0x0000000082700000, 0x0000000082700000| Untracked 
|  40|0x0000000082800000, 0x0000000082800000, 0x0000000082900000|  0%| F|  |TAMS 0x0000000082800000, 0x0000000082800000| Untracked 
|  41|0x0000000082900000, 0x0000000082900000, 0x0000000082a00000|  0%| F|  |TAMS 0x0000000082900000, 0x0000000082900000| Untracked 
|  42|0x0000000082a00000, 0x0000000082a00000, 0x0000000082b00000|  0%| F|  |TAMS 0x0000000082a00000, 0x0000000082a00000| Untracked 
|  43|0x0000000082b00000, 0x0000000082b00000, 0x0000000082c00000|  0%| F|  |TAMS 0x0000000082b00000, 0x0000000082b00000| Untracked 
|  44|0x0000000082c00000, 0x0000000082c00000, 0x0000000082d00000|  0%| F|  |TAMS 0x0000000082c00000, 0x0000000082c00000| Untracked 
|  45|0x0000000082d00000, 0x0000000082d00000, 0x0000000082e00000|  0%| F|  |TAMS 0x0000000082d00000, 0x0000000082d00000| Untracked 
|  46|0x0000000082e00000, 0x0000000082e00000, 0x0000000082f00000|  0%| F|  |TAMS 0x0000000082e00000, 0x0000000082e00000| Untracked 
|  47|0x0000000082f00000, 0x0000000082f00000, 0x0000000083000000|  0%| F|  |TAMS 0x0000000082f00000, 0x0000000082f00000| Untracked 
|  48|0x0000000083000000, 0x0000000083000000, 0x0000000083100000|  0%| F|  |TAMS 0x0000000083000000, 0x0000000083000000| Untracked 
|  49|0x0000000083100000, 0x0000000083100000, 0x0000000083200000|  0%| F|  |TAMS 0x0000000083100000, 0x0000000083100000| Untracked 
|  50|0x0000000083200000, 0x0000000083200000, 0x0000000083300000|  0%| F|  |TAMS 0x0000000083200000, 0x0000000083200000| Untracked 
|  51|0x0000000083300000, 0x0000000083300000, 0x0000000083400000|  0%| F|  |TAMS 0x0000000083300000, 0x0000000083300000| Untracked 
|  52|0x0000000083400000, 0x0000000083400000, 0x0000000083500000|  0%| F|  |TAMS 0x0000000083400000, 0x0000000083400000| Untracked 
|  53|0x0000000083500000, 0x0000000083500000, 0x0000000083600000|  0%| F|  |TAMS 0x0000000083500000, 0x0000000083500000| Untracked 
|  54|0x0000000083600000, 0x0000000083600000, 0x0000000083700000|  0%| F|  |TAMS 0x0000000083600000, 0x0000000083600000| Untracked 
|  55|0x0000000083700000, 0x0000000083700000, 0x0000000083800000|  0%| F|  |TAMS 0x0000000083700000, 0x0000000083700000| Untracked 
|  56|0x0000000083800000, 0x0000000083800000, 0x0000000083900000|  0%| F|  |TAMS 0x0000000083800000, 0x0000000083800000| Untracked 
|  57|0x0000000083900000, 0x0000000083900000, 0x0000000083a00000|  0%| F|  |TAMS 0x0000000083900000, 0x0000000083900000| Untracked 
|  58|0x0000000083a00000, 0x0000000083a00000, 0x0000000083b00000|  0%| F|  |TAMS 0x0000000083a00000, 0x0000000083a00000| Untracked 
|  59|0x0000000083b00000, 0x0000000083b00000, 0x0000000083c00000|  0%| F|  |TAMS 0x0000000083b00000, 0x0000000083b00000| Untracked 
|  60|0x0000000083c00000, 0x0000000083c00000, 0x0000000083d00000|  0%| F|  |TAMS 0x0000000083c00000, 0x0000000083c00000| Untracked 
|  61|0x0000000083d00000, 0x0000000083d00000, 0x0000000083e00000|  0%| F|  |TAMS 0x0000000083d00000, 0x0000000083d00000| Untracked 
|  62|0x0000000083e00000, 0x0000000083e00000, 0x0000000083f00000|  0%| F|  |TAMS 0x0000000083e00000, 0x0000000083e00000| Untracked 
|  63|0x0000000083f00000, 0x0000000083f00000, 0x0000000084000000|  0%| F|  |TAMS 0x0000000083f00000, 0x0000000083f00000| Untracked 
|  64|0x0000000084000000, 0x0000000084000000, 0x0000000084100000|  0%| F|  |TAMS 0x0000000084000000, 0x0000000084000000| Untracked 
|  65|0x0000000084100000, 0x0000000084100000, 0x0000000084200000|  0%| F|  |TAMS 0x0000000084100000, 0x0000000084100000| Untracked 
|  66|0x0000000084200000, 0x0000000084200000, 0x0000000084300000|  0%| F|  |TAMS 0x0000000084200000, 0x0000000084200000| Untracked 
|  67|0x0000000084300000, 0x0000000084300000, 0x0000000084400000|  0%| F|  |TAMS 0x0000000084300000, 0x0000000084300000| Untracked 
|  68|0x0000000084400000, 0x0000000084400000, 0x0000000084500000|  0%| F|  |TAMS 0x0000000084400000, 0x0000000084400000| Untracked 
|  69|0x0000000084500000, 0x0000000084500000, 0x0000000084600000|  0%| F|  |TAMS 0x0000000084500000, 0x0000000084500000| Untracked 
|  70|0x0000000084600000, 0x0000000084600000, 0x0000000084700000|  0%| F|  |TAMS 0x0000000084600000, 0x0000000084600000| Untracked 
|  71|0x0000000084700000, 0x0000000084700000, 0x0000000084800000|  0%| F|  |TAMS 0x0000000084700000, 0x0000000084700000| Untracked 
|  72|0x0000000084800000, 0x0000000084800000, 0x0000000084900000|  0%| F|  |TAMS 0x0000000084800000, 0x0000000084800000| Untracked 
|  73|0x0000000084900000, 0x0000000084900000, 0x0000000084a00000|  0%| F|  |TAMS 0x0000000084900000, 0x0000000084900000| Untracked 
|  74|0x0000000084a00000, 0x0000000084a00000, 0x0000000084b00000|  0%| F|  |TAMS 0x0000000084a00000, 0x0000000084a00000| Untracked 
|  75|0x0000000084b00000, 0x0000000084b00000, 0x0000000084c00000|  0%| F|  |TAMS 0x0000000084b00000, 0x0000000084b00000| Untracked 
|  76|0x0000000084c00000, 0x0000000084c00000, 0x0000000084d00000|  0%| F|  |TAMS 0x0000000084c00000, 0x0000000084c00000| Untracked 
|  77|0x0000000084d00000, 0x0000000084d00000, 0x0000000084e00000|  0%| F|  |TAMS 0x0000000084d00000, 0x0000000084d00000| Untracked 
|  78|0x0000000084e00000, 0x0000000084e00000, 0x0000000084f00000|  0%| F|  |TAMS 0x0000000084e00000, 0x0000000084e00000| Untracked 
|  79|0x0000000084f00000, 0x0000000084f00000, 0x0000000085000000|  0%| F|  |TAMS 0x0000000084f00000, 0x0000000084f00000| Untracked 
|  80|0x0000000085000000, 0x0000000085000000, 0x0000000085100000|  0%| F|  |TAMS 0x0000000085000000, 0x0000000085000000| Untracked 
|  81|0x0000000085100000, 0x0000000085100000, 0x0000000085200000|  0%| F|  |TAMS 0x0000000085100000, 0x0000000085100000| Untracked 
|  82|0x0000000085200000, 0x0000000085200000, 0x0000000085300000|  0%| F|  |TAMS 0x0000000085200000, 0x0000000085200000| Untracked 
|  83|0x0000000085300000, 0x0000000085300000, 0x0000000085400000|  0%| F|  |TAMS 0x0000000085300000, 0x0000000085300000| Untracked 
|  84|0x0000000085400000, 0x0000000085400000, 0x0000000085500000|  0%| F|  |TAMS 0x0000000085400000, 0x0000000085400000| Untracked 
|  85|0x0000000085500000, 0x0000000085500000, 0x0000000085600000|  0%| F|  |TAMS 0x0000000085500000, 0x0000000085500000| Untracked 
|  86|0x0000000085600000, 0x0000000085600000, 0x0000000085700000|  0%| F|  |TAMS 0x0000000085600000, 0x0000000085600000| Untracked 
|  87|0x0000000085700000, 0x0000000085700000, 0x0000000085800000|  0%| F|  |TAMS 0x0000000085700000, 0x0000000085700000| Untracked 
|  88|0x0000000085800000, 0x0000000085800000, 0x0000000085900000|  0%| F|  |TAMS 0x0000000085800000, 0x0000000085800000| Untracked 
|  89|0x0000000085900000, 0x0000000085900000, 0x0000000085a00000|  0%| F|  |TAMS 0x0000000085900000, 0x0000000085900000| Untracked 
|  90|0x0000000085a00000, 0x0000000085a00000, 0x0000000085b00000|  0%| F|  |TAMS 0x0000000085a00000, 0x0000000085a00000| Untracked 
|  91|0x0000000085b00000, 0x0000000085b00000, 0x0000000085c00000|  0%| F|  |TAMS 0x0000000085b00000, 0x0000000085b00000| Untracked 
|  92|0x0000000085c00000, 0x0000000085c00000, 0x0000000085d00000|  0%| F|  |TAMS 0x0000000085c00000, 0x0000000085c00000| Untracked 
|  93|0x0000000085d00000, 0x0000000085d00000, 0x0000000085e00000|  0%| F|  |TAMS 0x0000000085d00000, 0x0000000085d00000| Untracked 
|  94|0x0000000085e00000, 0x0000000085e00000, 0x0000000085f00000|  0%| F|  |TAMS 0x0000000085e00000, 0x0000000085e00000| Untracked 
|  95|0x0000000085f00000, 0x0000000085f00000, 0x0000000086000000|  0%| F|  |TAMS 0x0000000085f00000, 0x0000000085f00000| Untracked 
|  96|0x0000000086000000, 0x0000000086000000, 0x0000000086100000|  0%| F|  |TAMS 0x0000000086000000, 0x0000000086000000| Untracked 
|  97|0x0000000086100000, 0x0000000086100000, 0x0000000086200000|  0%| F|  |TAMS 0x0000000086100000, 0x0000000086100000| Untracked 
|  98|0x0000000086200000, 0x0000000086200000, 0x0000000086300000|  0%| F|  |TAMS 0x0000000086200000, 0x0000000086200000| Untracked 
|  99|0x0000000086300000, 0x0000000086300000, 0x0000000086400000|  0%| F|  |TAMS 0x0000000086300000, 0x0000000086300000| Untracked 
| 100|0x0000000086400000, 0x0000000086400000, 0x0000000086500000|  0%| F|  |TAMS 0x0000000086400000, 0x0000000086400000| Untracked 
| 101|0x0000000086500000, 0x0000000086500000, 0x0000000086600000|  0%| F|  |TAMS 0x0000000086500000, 0x0000000086500000| Untracked 
| 102|0x0000000086600000, 0x0000000086600000, 0x0000000086700000|  0%| F|  |TAMS 0x0000000086600000, 0x0000000086600000| Untracked 
| 103|0x0000000086700000, 0x0000000086700000, 0x0000000086800000|  0%| F|  |TAMS 0x0000000086700000, 0x0000000086700000| Untracked 
| 104|0x0000000086800000, 0x0000000086800000, 0x0000000086900000|  0%| F|  |TAMS 0x0000000086800000, 0x0000000086800000| Untracked 
| 105|0x0000000086900000, 0x0000000086900000, 0x0000000086a00000|  0%| F|  |TAMS 0x0000000086900000, 0x0000000086900000| Untracked 
| 106|0x0000000086a00000, 0x0000000086a00000, 0x0000000086b00000|  0%| F|  |TAMS 0x0000000086a00000, 0x0000000086a00000| Untracked 
| 107|0x0000000086b00000, 0x0000000086b00000, 0x0000000086c00000|  0%| F|  |TAMS 0x0000000086b00000, 0x0000000086b00000| Untracked 
| 108|0x0000000086c00000, 0x0000000086c00000, 0x0000000086d00000|  0%| F|  |TAMS 0x0000000086c00000, 0x0000000086c00000| Untracked 
| 109|0x0000000086d00000, 0x0000000086d00000, 0x0000000086e00000|  0%| F|  |TAMS 0x0000000086d00000, 0x0000000086d00000| Untracked 
| 110|0x0000000086e00000, 0x0000000086e00000, 0x0000000086f00000|  0%| F|  |TAMS 0x0000000086e00000, 0x0000000086e00000| Untracked 
| 111|0x0000000086f00000, 0x0000000086f00000, 0x0000000087000000|  0%| F|  |TAMS 0x0000000086f00000, 0x0000000086f00000| Untracked 
| 112|0x0000000087000000, 0x0000000087000000, 0x0000000087100000|  0%| F|  |TAMS 0x0000000087000000, 0x0000000087000000| Untracked 
| 113|0x0000000087100000, 0x0000000087100000, 0x0000000087200000|  0%| F|  |TAMS 0x0000000087100000, 0x0000000087100000| Untracked 
| 114|0x0000000087200000, 0x0000000087200000, 0x0000000087300000|  0%| F|  |TAMS 0x0000000087200000, 0x0000000087200000| Untracked 
| 115|0x0000000087300000, 0x0000000087300000, 0x0000000087400000|  0%| F|  |TAMS 0x0000000087300000, 0x0000000087300000| Untracked 
| 116|0x0000000087400000, 0x0000000087400000, 0x0000000087500000|  0%| F|  |TAMS 0x0000000087400000, 0x0000000087400000| Untracked 
| 117|0x0000000087500000, 0x0000000087500000, 0x0000000087600000|  0%| F|  |TAMS 0x0000000087500000, 0x0000000087500000| Untracked 
| 118|0x0000000087600000, 0x0000000087600000, 0x0000000087700000|  0%| F|  |TAMS 0x0000000087600000, 0x0000000087600000| Untracked 
| 119|0x0000000087700000, 0x0000000087700000, 0x0000000087800000|  0%| F|  |TAMS 0x0000000087700000, 0x0000000087700000| Untracked 
| 120|0x0000000087800000, 0x0000000087800000, 0x0000000087900000|  0%| F|  |TAMS 0x0000000087800000, 0x0000000087800000| Untracked 
| 121|0x0000000087900000, 0x0000000087900000, 0x0000000087a00000|  0%| F|  |TAMS 0x0000000087900000, 0x0000000087900000| Untracked 
| 122|0x0000000087a00000, 0x0000000087a00000, 0x0000000087b00000|  0%| F|  |TAMS 0x0000000087a00000, 0x0000000087a00000| Untracked 
| 123|0x0000000087b00000, 0x0000000087b00000, 0x0000000087c00000|  0%| F|  |TAMS 0x0000000087b00000, 0x0000000087b00000| Untracked 
| 124|0x0000000087c00000, 0x0000000087c00000, 0x0000000087d00000|  0%| F|  |TAMS 0x0000000087c00000, 0x0000000087c00000| Untracked 
| 125|0x0000000087d00000, 0x0000000087d00000, 0x0000000087e00000|  0%| F|  |TAMS 0x0000000087d00000, 0x0000000087d00000| Untracked 
| 126|0x0000000087e00000, 0x0000000087e00000, 0x0000000087f00000|  0%| F|  |TAMS 0x0000000087e00000, 0x0000000087e00000| Untracked 
| 127|0x0000000087f00000, 0x0000000087f00000, 0x0000000088000000|  0%| F|  |TAMS 0x0000000087f00000, 0x0000000087f00000| Untracked 
| 128|0x0000000088000000, 0x0000000088000000, 0x0000000088100000|  0%| F|  |TAMS 0x0000000088000000, 0x0000000088000000| Untracked 
| 129|0x0000000088100000, 0x0000000088100000, 0x0000000088200000|  0%| F|  |TAMS 0x0000000088100000, 0x0000000088100000| Untracked 
| 130|0x0000000088200000, 0x0000000088200000, 0x0000000088300000|  0%| F|  |TAMS 0x0000000088200000, 0x0000000088200000| Untracked 
| 131|0x0000000088300000, 0x0000000088300000, 0x0000000088400000|  0%| F|  |TAMS 0x0000000088300000, 0x0000000088300000| Untracked 
| 132|0x0000000088400000, 0x0000000088400000, 0x0000000088500000|  0%| F|  |TAMS 0x0000000088400000, 0x0000000088400000| Untracked 
| 133|0x0000000088500000, 0x0000000088500000, 0x0000000088600000|  0%| F|  |TAMS 0x0000000088500000, 0x0000000088500000| Untracked 
| 134|0x0000000088600000, 0x0000000088600000, 0x0000000088700000|  0%| F|  |TAMS 0x0000000088600000, 0x0000000088600000| Untracked 
| 135|0x0000000088700000, 0x0000000088700000, 0x0000000088800000|  0%| F|  |TAMS 0x0000000088700000, 0x0000000088700000| Untracked 
| 136|0x0000000088800000, 0x0000000088800000, 0x0000000088900000|  0%| F|  |TAMS 0x0000000088800000, 0x0000000088800000| Untracked 
| 137|0x0000000088900000, 0x0000000088900000, 0x0000000088a00000|  0%| F|  |TAMS 0x0000000088900000, 0x0000000088900000| Untracked 
| 138|0x0000000088a00000, 0x0000000088a00000, 0x0000000088b00000|  0%| F|  |TAMS 0x0000000088a00000, 0x0000000088a00000| Untracked 
| 139|0x0000000088b00000, 0x0000000088b00000, 0x0000000088c00000|  0%| F|  |TAMS 0x0000000088b00000, 0x0000000088b00000| Untracked 
| 140|0x0000000088c00000, 0x0000000088c00000, 0x0000000088d00000|  0%| F|  |TAMS 0x0000000088c00000, 0x0000000088c00000| Untracked 
| 141|0x0000000088d00000, 0x0000000088d00000, 0x0000000088e00000|  0%| F|  |TAMS 0x0000000088d00000, 0x0000000088d00000| Untracked 
| 142|0x0000000088e00000, 0x0000000088e00000, 0x0000000088f00000|  0%| F|  |TAMS 0x0000000088e00000, 0x0000000088e00000| Untracked 
| 143|0x0000000088f00000, 0x0000000088f00000, 0x0000000089000000|  0%| F|  |TAMS 0x0000000088f00000, 0x0000000088f00000| Untracked 
| 144|0x0000000089000000, 0x000000008905ca68, 0x0000000089100000| 36%| S|CS|TAMS 0x0000000089000000, 0x0000000089000000| Complete 
| 145|0x0000000089100000, 0x0000000089200000, 0x0000000089200000|100%| S|CS|TAMS 0x0000000089100000, 0x0000000089100000| Complete 
| 146|0x0000000089200000, 0x0000000089300000, 0x0000000089300000|100%| S|CS|TAMS 0x0000000089200000, 0x0000000089200000| Complete 
| 147|0x0000000089300000, 0x0000000089400000, 0x0000000089400000|100%| S|CS|TAMS 0x0000000089300000, 0x0000000089300000| Complete 
| 148|0x0000000089400000, 0x0000000089500000, 0x0000000089500000|100%| S|CS|TAMS 0x0000000089400000, 0x0000000089400000| Complete 
| 149|0x0000000089500000, 0x0000000089600000, 0x0000000089600000|100%| S|CS|TAMS 0x0000000089500000, 0x0000000089500000| Complete 
| 150|0x0000000089600000, 0x0000000089700000, 0x0000000089700000|100%| S|CS|TAMS 0x0000000089600000, 0x0000000089600000| Complete 
| 151|0x0000000089700000, 0x0000000089700000, 0x0000000089800000|  0%| F|  |TAMS 0x0000000089700000, 0x0000000089700000| Untracked 
| 152|0x0000000089800000, 0x0000000089800000, 0x0000000089900000|  0%| F|  |TAMS 0x0000000089800000, 0x0000000089800000| Untracked 
| 153|0x0000000089900000, 0x0000000089900000, 0x0000000089a00000|  0%| F|  |TAMS 0x0000000089900000, 0x0000000089900000| Untracked 
| 154|0x0000000089a00000, 0x0000000089a00000, 0x0000000089b00000|  0%| F|  |TAMS 0x0000000089a00000, 0x0000000089a00000| Untracked 
| 155|0x0000000089b00000, 0x0000000089b00000, 0x0000000089c00000|  0%| F|  |TAMS 0x0000000089b00000, 0x0000000089b00000| Untracked 
| 156|0x0000000089c00000, 0x0000000089c00000, 0x0000000089d00000|  0%| F|  |TAMS 0x0000000089c00000, 0x0000000089c00000| Untracked 
| 157|0x0000000089d00000, 0x0000000089d00000, 0x0000000089e00000|  0%| F|  |TAMS 0x0000000089d00000, 0x0000000089d00000| Untracked 
| 158|0x0000000089e00000, 0x0000000089e00000, 0x0000000089f00000|  0%| F|  |TAMS 0x0000000089e00000, 0x0000000089e00000| Untracked 
| 159|0x0000000089f00000, 0x0000000089f00000, 0x000000008a000000|  0%| F|  |TAMS 0x0000000089f00000, 0x0000000089f00000| Untracked 
| 160|0x000000008a000000, 0x000000008a000000, 0x000000008a100000|  0%| F|  |TAMS 0x000000008a000000, 0x000000008a000000| Untracked 
| 161|0x000000008a100000, 0x000000008a100000, 0x000000008a200000|  0%| F|  |TAMS 0x000000008a100000, 0x000000008a100000| Untracked 
| 162|0x000000008a200000, 0x000000008a200000, 0x000000008a300000|  0%| F|  |TAMS 0x000000008a200000, 0x000000008a200000| Untracked 
| 163|0x000000008a300000, 0x000000008a300000, 0x000000008a400000|  0%| F|  |TAMS 0x000000008a300000, 0x000000008a300000| Untracked 
| 164|0x000000008a400000, 0x000000008a400000, 0x000000008a500000|  0%| F|  |TAMS 0x000000008a400000, 0x000000008a400000| Untracked 
| 165|0x000000008a500000, 0x000000008a500000, 0x000000008a600000|  0%| F|  |TAMS 0x000000008a500000, 0x000000008a500000| Untracked 
| 166|0x000000008a600000, 0x000000008a600000, 0x000000008a700000|  0%| F|  |TAMS 0x000000008a600000, 0x000000008a600000| Untracked 
| 167|0x000000008a700000, 0x000000008a700000, 0x000000008a800000|  0%| F|  |TAMS 0x000000008a700000, 0x000000008a700000| Untracked 
| 168|0x000000008a800000, 0x000000008a800000, 0x000000008a900000|  0%| F|  |TAMS 0x000000008a800000, 0x000000008a800000| Untracked 
| 169|0x000000008a900000, 0x000000008a900000, 0x000000008aa00000|  0%| F|  |TAMS 0x000000008a900000, 0x000000008a900000| Untracked 
| 170|0x000000008aa00000, 0x000000008aa00000, 0x000000008ab00000|  0%| F|  |TAMS 0x000000008aa00000, 0x000000008aa00000| Untracked 
| 171|0x000000008ab00000, 0x000000008ab00000, 0x000000008ac00000|  0%| F|  |TAMS 0x000000008ab00000, 0x000000008ab00000| Untracked 
| 172|0x000000008ac00000, 0x000000008ac00000, 0x000000008ad00000|  0%| F|  |TAMS 0x000000008ac00000, 0x000000008ac00000| Untracked 
| 173|0x000000008ad00000, 0x000000008ad00000, 0x000000008ae00000|  0%| F|  |TAMS 0x000000008ad00000, 0x000000008ad00000| Untracked 
| 174|0x000000008ae00000, 0x000000008ae00000, 0x000000008af00000|  0%| F|  |TAMS 0x000000008ae00000, 0x000000008ae00000| Untracked 
| 175|0x000000008af00000, 0x000000008af00000, 0x000000008b000000|  0%| F|  |TAMS 0x000000008af00000, 0x000000008af00000| Untracked 
| 176|0x000000008b000000, 0x000000008b000000, 0x000000008b100000|  0%| F|  |TAMS 0x000000008b000000, 0x000000008b000000| Untracked 
| 177|0x000000008b100000, 0x000000008b100000, 0x000000008b200000|  0%| F|  |TAMS 0x000000008b100000, 0x000000008b100000| Untracked 
| 178|0x000000008b200000, 0x000000008b200000, 0x000000008b300000|  0%| F|  |TAMS 0x000000008b200000, 0x000000008b200000| Untracked 
| 179|0x000000008b300000, 0x000000008b300000, 0x000000008b400000|  0%| F|  |TAMS 0x000000008b300000, 0x000000008b300000| Untracked 
| 180|0x000000008b400000, 0x000000008b400000, 0x000000008b500000|  0%| F|  |TAMS 0x000000008b400000, 0x000000008b400000| Untracked 
| 181|0x000000008b500000, 0x000000008b500000, 0x000000008b600000|  0%| F|  |TAMS 0x000000008b500000, 0x000000008b500000| Untracked 
| 182|0x000000008b600000, 0x000000008b600000, 0x000000008b700000|  0%| F|  |TAMS 0x000000008b600000, 0x000000008b600000| Untracked 
| 183|0x000000008b700000, 0x000000008b700000, 0x000000008b800000|  0%| F|  |TAMS 0x000000008b700000, 0x000000008b700000| Untracked 
| 184|0x000000008b800000, 0x000000008b800000, 0x000000008b900000|  0%| F|  |TAMS 0x000000008b800000, 0x000000008b800000| Untracked 
| 185|0x000000008b900000, 0x000000008b900000, 0x000000008ba00000|  0%| F|  |TAMS 0x000000008b900000, 0x000000008b900000| Untracked 
| 186|0x000000008ba00000, 0x000000008ba00000, 0x000000008bb00000|  0%| F|  |TAMS 0x000000008ba00000, 0x000000008ba00000| Untracked 
| 187|0x000000008bb00000, 0x000000008bb00000, 0x000000008bc00000|  0%| F|  |TAMS 0x000000008bb00000, 0x000000008bb00000| Untracked 
| 188|0x000000008bc00000, 0x000000008bc00000, 0x000000008bd00000|  0%| F|  |TAMS 0x000000008bc00000, 0x000000008bc00000| Untracked 
| 189|0x000000008bd00000, 0x000000008bd00000, 0x000000008be00000|  0%| F|  |TAMS 0x000000008bd00000, 0x000000008bd00000| Untracked 
| 190|0x000000008be00000, 0x000000008be00000, 0x000000008bf00000|  0%| F|  |TAMS 0x000000008be00000, 0x000000008be00000| Untracked 
| 191|0x000000008bf00000, 0x000000008bf00000, 0x000000008c000000|  0%| F|  |TAMS 0x000000008bf00000, 0x000000008bf00000| Untracked 

Card table byte_map: [0x0000020cf1ab0000,0x0000020cf1eb0000] _byte_map_base: 0x0000020cf16b0000

Marking Bits (Prev, Next): (CMBitMap*) 0x0000020cd9f72800, (CMBitMap*) 0x0000020cd9f727c8
 Prev Bits: [0x0000020cf42b0000, 0x0000020cf62b0000)
 Next Bits: [0x0000020cf22b0000, 0x0000020cf42b0000)

Polling page: 0x0000020cd7f20000

Metaspace:

Usage:
  Non-class:     53.45 MB capacity,    52.44 MB ( 98%) used,   838.33 KB (  2%) free+waste,   194.38 KB ( <1%) overhead. 
      Class:      8.55 MB capacity,     7.83 MB ( 92%) used,   633.84 KB (  7%) free+waste,    95.44 KB (  1%) overhead. 
       Both:     62.00 MB capacity,    60.28 MB ( 97%) used,     1.44 MB (  2%) free+waste,   289.81 KB ( <1%) overhead. 

Virtual space:
  Non-class space:       66.00 MB reserved,      53.51 MB ( 81%) committed 
      Class space:      504.00 MB reserved,       8.63 MB (  2%) committed 
             Both:      570.00 MB reserved,      62.13 MB ( 11%) committed 

Chunk freelists:
   Non-Class:  58.00 KB
       Class:  17.00 KB
        Both:  75.00 KB

MaxMetaspaceSize: 512.00 MB
CompressedClassSpaceSize: 504.00 MB
Initial GC threshold: 20.80 MB
Current GC threshold: 98.88 MB
CDS: off

CodeHeap 'non-profiled nmethods': size=120064Kb used=3652Kb max_used=3652Kb free=116411Kb
 bounds [0x0000020cea170000, 0x0000020cea510000, 0x0000020cf16b0000]
CodeHeap 'profiled nmethods': size=120000Kb used=12189Kb max_used=12189Kb free=107810Kb
 bounds [0x0000020ce2c40000, 0x0000020ce3830000, 0x0000020cea170000]
CodeHeap 'non-nmethods': size=5696Kb used=2341Kb max_used=2382Kb free=3354Kb
 bounds [0x0000020ce26b0000, 0x0000020ce2920000, 0x0000020ce2c40000]
 total_blobs=6560 nmethods=5707 adapters=764
 compilation: enabled
              stopped_count=0, restarted_count=0
 full_count=0

Compilation events (20 events):
Event: 149.271 Thread 0x0000020cf87de800 5716       3       kotlin.reflect.jvm.internal.impl.name.FqName::<init> (26 bytes)
Event: 149.271 Thread 0x0000020cf87de800 nmethod 5716 0x0000020ce3821090 code [0x0000020ce3821280, 0x0000020ce3821718]
Event: 149.294 Thread 0x0000020cf87de800 5717       3       java.util.jar.JarFile::getVersionedEntry (85 bytes)
Event: 149.295 Thread 0x0000020cf87de800 nmethod 5717 0x0000020ce3821890 code [0x0000020ce3821b80, 0x0000020ce3822b88]
Event: 149.453 Thread 0x0000020cf87de800 5718       3       kotlin.reflect.jvm.internal.ReflectProperties$Val::<init> (5 bytes)
Event: 149.453 Thread 0x0000020cf87de800 nmethod 5718 0x0000020ce3823190 code [0x0000020ce3823340, 0x0000020ce3823498]
Event: 149.599 Thread 0x0000020cf87de800 5719       3       java.lang.Character::isJavaIdentifierPart (9 bytes)
Event: 149.599 Thread 0x0000020cf87de800 nmethod 5719 0x0000020ce3823590 code [0x0000020ce3823760, 0x0000020ce3823938]
Event: 149.599 Thread 0x0000020cf87de800 5720       3       java.lang.CharacterDataLatin1::isJavaIdentifierPart (20 bytes)
Event: 149.599 Thread 0x0000020cf87de800 nmethod 5720 0x0000020ce3823a10 code [0x0000020ce3823be0, 0x0000020ce3823df8]
Event: 149.750 Thread 0x0000020cf87de800 5721       3       kotlin.jvm.internal.Intrinsics::checkNotNull (9 bytes)
Event: 149.750 Thread 0x0000020cf87de800 nmethod 5721 0x0000020ce3823f10 code [0x0000020ce3824120, 0x0000020ce38245c8]
Event: 149.750 Thread 0x0000020cf87de800 5722       3       kotlin.reflect.jvm.internal.ReflectProperties::lazySoft (18 bytes)
Event: 149.750 Thread 0x0000020cf87de800 nmethod 5722 0x0000020ce3824790 code [0x0000020ce3824960, 0x0000020ce3824b58]
Event: 149.750 Thread 0x0000020cf87de800 5723       3       kotlin.reflect.jvm.internal.ReflectProperties$LazySoftVal::<init> (43 bytes)
Event: 149.751 Thread 0x0000020cf87de800 nmethod 5723 0x0000020ce3824c90 code [0x0000020ce3824fc0, 0x0000020ce3826488]
Event: 149.995 Thread 0x0000020cf87de800 5724       3       kotlin.reflect.jvm.internal.impl.renderer.DescriptorRendererOptionsImpl::property (20 bytes)
Event: 149.995 Thread 0x0000020cf87de800 nmethod 5724 0x0000020ce3826a10 code [0x0000020ce3826be0, 0x0000020ce3826f18]
Event: 149.995 Thread 0x0000020cf87de800 5725       3       kotlin.reflect.jvm.internal.impl.renderer.DescriptorRendererOptionsImpl$property$$inlined$vetoable$1::<init> (11 bytes)
Event: 149.995 Thread 0x0000020cf87de800 nmethod 5725 0x0000020ce3827090 code [0x0000020ce3827260, 0x0000020ce38274d8]

GC Heap History (16 events):
Event: 9.425 GC heap before
{Heap before GC invocations=0 (full 0):
 garbage-first heap   total 196608K, used 13312K [0x0000000080000000, 0x0000000100000000)
  region size 1024K, 14 young (14336K), 0 survivors (0K)
 Metaspace       used 6813K, capacity 6989K, committed 7168K, reserved 524288K
  class space    used 575K, capacity 650K, committed 768K, reserved 516096K
}
Event: 10.766 GC heap after
{Heap after GC invocations=1 (full 0):
 garbage-first heap   total 196608K, used 3859K [0x0000000080000000, 0x0000000100000000)
  region size 1024K, 2 young (2048K), 2 survivors (2048K)
 Metaspace       used 6813K, capacity 6989K, committed 7168K, reserved 524288K
  class space    used 575K, capacity 650K, committed 768K, reserved 516096K
}
Event: 27.896 GC heap before
{Heap before GC invocations=1 (full 0):
 garbage-first heap   total 196608K, used 112403K [0x0000000080000000, 0x0000000100000000)
  region size 1024K, 104 young (106496K), 2 survivors (2048K)
 Metaspace       used 20812K, capacity 21193K, committed 21296K, reserved 536576K
  class space    used 2486K, capacity 2652K, committed 2688K, reserved 516096K
}
Event: 27.905 GC heap after
{Heap after GC invocations=2 (full 0):
 garbage-first heap   total 196608K, used 17883K [0x0000000080000000, 0x0000000100000000)
  region size 1024K, 12 young (12288K), 12 survivors (12288K)
 Metaspace       used 20812K, capacity 21193K, committed 21296K, reserved 536576K
  class space    used 2486K, capacity 2652K, committed 2688K, reserved 516096K
}
Event: 32.333 GC heap before
{Heap before GC invocations=3 (full 0):
 garbage-first heap   total 196608K, used 75227K [0x0000000080000000, 0x0000000100000000)
  region size 1024K, 68 young (69632K), 12 survivors (12288K)
 Metaspace       used 26210K, capacity 26778K, committed 27056K, reserved 540672K
  class space    used 3351K, capacity 3559K, committed 3584K, reserved 516096K
}
Event: 32.342 GC heap after
{Heap after GC invocations=4 (full 0):
 garbage-first heap   total 196608K, used 20226K [0x0000000080000000, 0x0000000100000000)
  region size 1024K, 3 young (3072K), 3 survivors (3072K)
 Metaspace       used 26210K, capacity 26778K, committed 27056K, reserved 540672K
  class space    used 3351K, capacity 3559K, committed 3584K, reserved 516096K
}
Event: 40.045 GC heap before
{Heap before GC invocations=4 (full 0):
 garbage-first heap   total 196608K, used 89858K [0x0000000080000000, 0x0000000100000000)
  region size 1024K, 72 young (73728K), 3 survivors (3072K)
 Metaspace       used 34947K, capacity 35798K, committed 35920K, reserved 548864K
  class space    used 4447K, capacity 4783K, committed 4864K, reserved 516096K
}
Event: 40.054 GC heap after
{Heap after GC invocations=5 (full 0):
 garbage-first heap   total 196608K, used 23353K [0x0000000080000000, 0x0000000100000000)
  region size 1024K, 6 young (6144K), 6 survivors (6144K)
 Metaspace       used 34947K, capacity 35798K, committed 35920K, reserved 548864K
  class space    used 4447K, capacity 4783K, committed 4864K, reserved 516096K
}
Event: 112.101 GC heap before
{Heap before GC invocations=6 (full 0):
 garbage-first heap   total 196608K, used 120633K [0x0000000080000000, 0x0000000100000000)
  region size 1024K, 99 young (101376K), 6 survivors (6144K)
 Metaspace       used 42995K, capacity 44184K, committed 44496K, reserved 555008K
  class space    used 5436K, capacity 5921K, committed 6016K, reserved 516096K
}
Event: 112.122 GC heap after
{Heap after GC invocations=7 (full 0):
 garbage-first heap   total 196608K, used 30261K [0x0000000080000000, 0x0000000100000000)
  region size 1024K, 13 young (13312K), 13 survivors (13312K)
 Metaspace       used 42995K, capacity 44184K, committed 44496K, reserved 555008K
  class space    used 5436K, capacity 5921K, committed 6016K, reserved 516096K
}
Event: 131.313 GC heap before
{Heap before GC invocations=7 (full 0):
 garbage-first heap   total 196608K, used 132661K [0x0000000080000000, 0x0000000100000000)
  region size 1024K, 113 young (115712K), 13 survivors (13312K)
 Metaspace       used 51035K, capacity 52379K, committed 52560K, reserved 563200K
  class space    used 6527K, capacity 7073K, committed 7168K, reserved 516096K
}
Event: 131.340 GC heap after
{Heap after GC invocations=8 (full 0):
 garbage-first heap   total 196608K, used 32438K [0x0000000080000000, 0x0000000100000000)
  region size 1024K, 10 young (10240K), 10 survivors (10240K)
 Metaspace       used 51035K, capacity 52379K, committed 52560K, reserved 563200K
  class space    used 6527K, capacity 7073K, committed 7168K, reserved 516096K
}
Event: 145.470 GC heap before
{Heap before GC invocations=8 (full 0):
 garbage-first heap   total 196608K, used 124598K [0x0000000080000000, 0x0000000100000000)
  region size 1024K, 95 young (97280K), 10 survivors (10240K)
 Metaspace       used 58386K, capacity 60139K, committed 60296K, reserved 569344K
  class space    used 7541K, capacity 8255K, committed 8320K, reserved 516096K
}
Event: 145.497 GC heap after
{Heap after GC invocations=9 (full 0):
 garbage-first heap   total 196608K, used 44033K [0x0000000080000000, 0x0000000100000000)
  region size 1024K, 9 young (9216K), 9 survivors (9216K)
 Metaspace       used 58386K, capacity 60139K, committed 60296K, reserved 569344K
  class space    used 7541K, capacity 8255K, committed 8320K, reserved 516096K
}
Event: 150.029 GC heap before
{Heap before GC invocations=10 (full 0):
 garbage-first heap   total 196608K, used 84993K [0x0000000080000000, 0x0000000100000000)
  region size 1024K, 50 young (51200K), 9 survivors (9216K)
 Metaspace       used 61723K, capacity 63485K, committed 63624K, reserved 581632K
  class space    used 8021K, capacity 8751K, committed 8832K, reserved 516096K
}
Event: 150.042 GC heap after
{Heap after GC invocations=11 (full 0):
 garbage-first heap   total 196608K, used 44953K [0x0000000080000000, 0x0000000100000000)
  region size 1024K, 7 young (7168K), 7 survivors (7168K)
 Metaspace       used 61723K, capacity 63485K, committed 63624K, reserved 581632K
  class space    used 8021K, capacity 8751K, committed 8832K, reserved 516096K
}

Deoptimization events (20 events):
Event: 147.313 Thread 0x0000020cfa0e2000 Uncommon trap: trap_request=0xffffffde fr.pc=0x0000020cea4e5cd0 relative=0x0000000000007b10
Event: 147.313 Thread 0x0000020cfa0e2000 Uncommon trap: reason=class_check action=maybe_recompile pc=0x0000020cea4e5cd0 method=com.google.common.reflect.TypeVisitor.visit([Ljava/lang/reflect/Type;)V @ 96 c2
Event: 147.313 Thread 0x0000020cfa0e2000 DEOPT PACKING pc=0x0000020cea4e5cd0 sp=0x000000c9363f5f10
Event: 147.313 Thread 0x0000020cfa0e2000 DEOPT UNPACKING pc=0x0000020ce26fa1af sp=0x000000c9363f5f50 mode 2
Event: 147.319 Thread 0x0000020cfa0e2000 Uncommon trap: trap_request=0xffffffc6 fr.pc=0x0000020cea37be7c relative=0x0000000000003a3c
Event: 147.319 Thread 0x0000020cfa0e2000 Uncommon trap: reason=bimorphic_or_optimized_type_check action=maybe_recompile pc=0x0000020cea37be7c method=java.util.AbstractCollection.addAll(Ljava/util/Collection;)Z @ 29 c2
Event: 147.319 Thread 0x0000020cfa0e2000 DEOPT PACKING pc=0x0000020cea37be7c sp=0x000000c9363f70c0
Event: 147.319 Thread 0x0000020cfa0e2000 DEOPT UNPACKING pc=0x0000020ce26fa1af sp=0x000000c9363f70c0 mode 2
Event: 147.323 Thread 0x0000020cfa0e2000 Uncommon trap: trap_request=0xffffffc6 fr.pc=0x0000020cea37be7c relative=0x0000000000003a3c
Event: 147.323 Thread 0x0000020cfa0e2000 Uncommon trap: reason=bimorphic_or_optimized_type_check action=maybe_recompile pc=0x0000020cea37be7c method=java.util.AbstractCollection.addAll(Ljava/util/Collection;)Z @ 29 c2
Event: 147.324 Thread 0x0000020cfa0e2000 DEOPT PACKING pc=0x0000020cea37be7c sp=0x000000c9363f70c0
Event: 147.324 Thread 0x0000020cfa0e2000 DEOPT UNPACKING pc=0x0000020ce26fa1af sp=0x000000c9363f70c0 mode 2
Event: 148.860 Thread 0x0000020cfa0e2000 DEOPT PACKING pc=0x0000020ce2df2964 sp=0x000000c9363f8410
Event: 148.860 Thread 0x0000020cfa0e2000 DEOPT UNPACKING pc=0x0000020ce26fa95e sp=0x000000c9363f7a08 mode 0
Event: 148.860 Thread 0x0000020cfa0e2000 DEOPT PACKING pc=0x0000020ce35f3cf1 sp=0x000000c9363f8200
Event: 148.860 Thread 0x0000020cfa0e2000 DEOPT UNPACKING pc=0x0000020ce26fa95e sp=0x000000c9363f76f8 mode 0
Event: 149.276 Thread 0x0000020cfa0e2000 Uncommon trap: trap_request=0xffffff4d fr.pc=0x0000020cea2ad630 relative=0x0000000000000830
Event: 149.276 Thread 0x0000020cfa0e2000 Uncommon trap: reason=unstable_if action=reinterpret pc=0x0000020cea2ad630 method=java.util.jar.JarFile.getVersionedEntry(Ljava/lang/String;Ljava/util/jar/JarEntry;)Ljava/util/jar/JarEntry; @ 67 c2
Event: 149.276 Thread 0x0000020cfa0e2000 DEOPT PACKING pc=0x0000020cea2ad630 sp=0x000000c9363f5a40
Event: 149.276 Thread 0x0000020cfa0e2000 DEOPT UNPACKING pc=0x0000020ce26fa1af sp=0x000000c9363f5a28 mode 2

Classes redefined (0 events):
No events

Internal exceptions (20 events):
Event: 145.212 Thread 0x0000020cfa0e2000 Exception <a 'java/lang/ClassNotFoundException'{0x0000000086faa808}: org/gradle/api/plugins/internal/DefaultBasePluginConvention_DecoratedCustomizer> (0x0000000086faa808) thrown at [./src/hotspot/share/classfile/systemDictionary.cpp, line 230]
Event: 145.217 Thread 0x0000020cfa0e2000 Exception <a 'java/lang/ClassNotFoundException'{0x0000000086e516a0}: org/gradle/api/plugins/internal/DefaultJavaPluginConvention_DecoratedBeanInfo> (0x0000000086e516a0) thrown at [./src/hotspot/share/classfile/systemDictionary.cpp, line 230]
Event: 145.218 Thread 0x0000020cfa0e2000 Exception <a 'java/lang/ClassNotFoundException'{0x0000000086e93a68}: org/gradle/api/plugins/internal/DefaultJavaPluginConventionBeanInfo> (0x0000000086e93a68) thrown at [./src/hotspot/share/classfile/systemDictionary.cpp, line 230]
Event: 145.219 Thread 0x0000020cfa0e2000 Exception <a 'java/lang/ClassNotFoundException'{0x0000000086ecf6a0}: org/gradle/api/plugins/JavaPluginConventionBeanInfo> (0x0000000086ecf6a0) thrown at [./src/hotspot/share/classfile/systemDictionary.cpp, line 230]
Event: 145.220 Thread 0x0000020cfa0e2000 Exception <a 'java/lang/ClassNotFoundException'{0x0000000086d0b988}: org/gradle/api/plugins/JavaPluginConventionCustomizer> (0x0000000086d0b988) thrown at [./src/hotspot/share/classfile/systemDictionary.cpp, line 230]
Event: 145.222 Thread 0x0000020cfa0e2000 Exception <a 'java/lang/ClassNotFoundException'{0x0000000086d61908}: org/gradle/api/plugins/internal/DefaultJavaPluginConventionCustomizer> (0x0000000086d61908) thrown at [./src/hotspot/share/classfile/systemDictionary.cpp, line 230]
Event: 145.226 Thread 0x0000020cfa0e2000 Exception <a 'java/lang/ClassNotFoundException'{0x0000000086dcb5c8}: org/gradle/api/plugins/internal/DefaultJavaPluginConvention_DecoratedCustomizer> (0x0000000086dcb5c8) thrown at [./src/hotspot/share/classfile/systemDictionary.cpp, line 230]
Event: 146.861 Thread 0x0000020cfa0e2000 Exception <a 'java/lang/NoSuchMethodError'{0x000000008b829970}: 'int java.lang.invoke.DirectMethodHandle$Holder.invokeInterface(java.lang.Object, java.lang.Object, java.lang.Object, java.lang.Object)'> (0x000000008b829970) thrown at [./src/hotspot/share/interpreter/linkResolver.cpp, line 773]
Event: 148.614 Thread 0x0000020cfa0e2000 Exception <a 'java/lang/ClassNotFoundException'{0x000000008b3e21a0}: org/jetbrains/kotlin/gradle/targets/js/npm/DefaultNpmDependencyExtensionBeanInfo> (0x000000008b3e21a0) thrown at [./src/hotspot/share/classfile/systemDictionary.cpp, line 230]
Event: 148.615 Thread 0x0000020cfa0e2000 Exception <a 'java/lang/ClassNotFoundException'{0x000000008b3f0238}: org/jetbrains/kotlin/gradle/targets/js/npm/DefaultNpmDependencyExtensionCustomizer> (0x000000008b3f0238) thrown at [./src/hotspot/share/classfile/systemDictionary.cpp, line 230]
Event: 148.628 Thread 0x0000020cfa0e2000 Exception <a 'java/lang/ClassNotFoundException'{0x000000008b26e478}: org/jetbrains/kotlin/gradle/targets/js/npm/NpmDependencyExtensionKt$defaultNpmDependencyDelegate$1BeanInfo> (0x000000008b26e478) thrown at [./src/hotspot/share/classfile/systemDictionary.cpp, line 230]
Event: 148.628 Thread 0x0000020cfa0e2000 Exception <a 'java/lang/ClassNotFoundException'{0x000000008b27c3c8}: org/jetbrains/kotlin/gradle/targets/js/npm/NpmDependencyExtensionDelegateBeanInfo> (0x000000008b27c3c8) thrown at [./src/hotspot/share/classfile/systemDictionary.cpp, line 230]
Event: 148.628 Thread 0x0000020cfa0e2000 Exception <a 'java/lang/ClassNotFoundException'{0x000000008b28a880}: org/jetbrains/kotlin/gradle/targets/js/npm/NpmDependencyExtensionDelegateCustomizer> (0x000000008b28a880) thrown at [./src/hotspot/share/classfile/systemDictionary.cpp, line 230]
Event: 148.637 Thread 0x0000020cfa0e2000 Exception <a 'java/lang/ClassNotFoundException'{0x000000008b2b2140}: org/jetbrains/kotlin/gradle/targets/js/npm/NpmDependencyExtensionKt$defaultNpmDependencyDelegate$1Customizer> (0x000000008b2b2140) thrown at [./src/hotspot/share/classfile/systemDictionary.cpp, line 230]
Event: 148.643 Thread 0x0000020cfa0e2000 Exception <a 'java/lang/ClassNotFoundException'{0x000000008b2f6f30}: org/jetbrains/kotlin/gradle/targets/js/npm/DefaultDevNpmDependencyExtensionBeanInfo> (0x000000008b2f6f30) thrown at [./src/hotspot/share/classfile/systemDictionary.cpp, line 230]
Event: 148.643 Thread 0x0000020cfa0e2000 Exception <a 'java/lang/ClassNotFoundException'{0x000000008b105678}: org/jetbrains/kotlin/gradle/targets/js/npm/DefaultDevNpmDependencyExtensionCustomizer> (0x000000008b105678) thrown at [./src/hotspot/share/classfile/systemDictionary.cpp, line 230]
Event: 148.647 Thread 0x0000020cfa0e2000 Exception <a 'java/lang/ClassNotFoundException'{0x000000008b14d4c0}: org/jetbrains/kotlin/gradle/targets/js/npm/DefaultPeerNpmDependencyExtensionBeanInfo> (0x000000008b14d4c0) thrown at [./src/hotspot/share/classfile/systemDictionary.cpp, line 230]
Event: 148.647 Thread 0x0000020cfa0e2000 Exception <a 'java/lang/ClassNotFoundException'{0x000000008b15b710}: org/jetbrains/kotlin/gradle/targets/js/npm/DefaultPeerNpmDependencyExtensionCustomizer> (0x000000008b15b710) thrown at [./src/hotspot/share/classfile/systemDictionary.cpp, line 230]
Event: 148.649 Thread 0x0000020cfa0e2000 Exception <a 'java/lang/ClassNotFoundException'{0x000000008b1aa748}: org/jetbrains/kotlin/gradle/targets/js/npm/DefaultPeerNpmDependencyExtension$delegate$1BeanInfo> (0x000000008b1aa748) thrown at [./src/hotspot/share/classfile/systemDictionary.cpp, line 230]
Event: 148.650 Thread 0x0000020cfa0e2000 Exception <a 'java/lang/ClassNotFoundException'{0x000000008b1b8dc0}: org/jetbrains/kotlin/gradle/targets/js/npm/DefaultPeerNpmDependencyExtension$delegate$1Customizer> (0x000000008b1b8dc0) thrown at [./src/hotspot/share/classfile/systemDictionary.cpp, line 230]

Events (20 events):
Event: 150.022 loading class kotlin/reflect/jvm/internal/impl/types/AbstractTypeConstructor done
Event: 150.023 loading class kotlin/reflect/jvm/internal/impl/types/ClassifierBasedTypeConstructor
Event: 150.023 loading class kotlin/reflect/jvm/internal/impl/types/ClassifierBasedTypeConstructor done
Event: 150.023 loading class kotlin/reflect/jvm/internal/impl/types/AbstractTypeConstructor$supertypes$1
Event: 150.023 loading class kotlin/reflect/jvm/internal/impl/types/AbstractTypeConstructor$supertypes$1 done
Event: 150.025 loading class kotlin/reflect/jvm/internal/impl/types/AbstractTypeConstructor$supertypes$2
Event: 150.025 loading class kotlin/reflect/jvm/internal/impl/types/AbstractTypeConstructor$supertypes$2 done
Event: 150.026 loading class kotlin/reflect/jvm/internal/impl/types/AbstractTypeConstructor$supertypes$3
Event: 150.026 loading class kotlin/reflect/jvm/internal/impl/types/AbstractTypeConstructor$supertypes$3 done
Event: 150.026 loading class kotlin/reflect/jvm/internal/impl/storage/LockBasedStorageManager$5
Event: 150.026 loading class kotlin/reflect/jvm/internal/impl/storage/LockBasedStorageManager$5 done
Event: 150.027 loading class kotlin/reflect/jvm/internal/impl/storage/LockBasedStorageManager$LockBasedNotNullLazyValueWithPostCompute
Event: 150.027 loading class kotlin/reflect/jvm/internal/impl/storage/LockBasedStorageManager$LockBasedNotNullLazyValueWithPostCompute done
Event: 150.027 loading class kotlin/reflect/jvm/internal/impl/storage/LockBasedStorageManager$LockBasedLazyValueWithPostCompute
Event: 150.027 loading class kotlin/reflect/jvm/internal/impl/storage/LockBasedStorageManager$LockBasedLazyValueWithPostCompute done
Event: 150.028 loading class kotlin/reflect/jvm/internal/impl/resolve/scopes/MemberScope$Empty
Event: 150.028 loading class kotlin/reflect/jvm/internal/impl/resolve/scopes/MemberScope$Empty done
Event: 150.028 loading class kotlin/reflect/jvm/internal/impl/resolve/scopes/MemberScopeImpl
Event: 150.028 loading class kotlin/reflect/jvm/internal/impl/resolve/scopes/MemberScopeImpl done
Event: 150.028 Executing VM operation: CollectForMetadataAllocation


Dynamic libraries:
0x00007ff649ea0000 - 0x00007ff649ead000 	C:\Program Files\Microsoft\jdk-11.0.18.10-hotspot\bin\java.exe
0x00007ffc80930000 - 0x00007ffc80b27000 	C:\Windows\SYSTEM32\ntdll.dll
0x00007ffc80740000 - 0x00007ffc807fd000 	C:\Windows\System32\KERNEL32.DLL
0x00007ffc7e5b0000 - 0x00007ffc7e8a6000 	C:\Windows\System32\KERNELBASE.dll
0x00007ffc7e010000 - 0x00007ffc7e110000 	C:\Windows\System32\ucrtbase.dll
0x00007ffc5a470000 - 0x00007ffc5a487000 	C:\Program Files\Microsoft\jdk-11.0.18.10-hotspot\bin\jli.dll
0x00007ffc804d0000 - 0x00007ffc8066e000 	C:\Windows\System32\USER32.dll
0x00007ffc7e960000 - 0x00007ffc7e982000 	C:\Windows\System32\win32u.dll
0x00007ffc7f2b0000 - 0x00007ffc7f2dc000 	C:\Windows\System32\GDI32.dll
0x00007ffc7e2a0000 - 0x00007ffc7e3ba000 	C:\Windows\System32\gdi32full.dll
0x00007ffc7e510000 - 0x00007ffc7e5ad000 	C:\Windows\System32\msvcp_win.dll
0x00007ffc61080000 - 0x00007ffc61095000 	C:\Program Files\Microsoft\jdk-11.0.18.10-hotspot\bin\VCRUNTIME140.dll
0x00007ffc6e390000 - 0x00007ffc6e62a000 	C:\Windows\WinSxS\amd64_microsoft.windows.common-controls_6595b64144ccf1df_6.0.19041.3570_none_60bb2a3971f3e41a\COMCTL32.dll
0x00007ffc803b0000 - 0x00007ffc8044e000 	C:\Windows\System32\msvcrt.dll
0x00007ffc802d0000 - 0x00007ffc80300000 	C:\Windows\System32\IMM32.DLL
0x00007ffc50150000 - 0x00007ffc501eb000 	C:\Program Files\Microsoft\jdk-11.0.18.10-hotspot\bin\msvcp140.dll
0x00007ffc4f5b0000 - 0x00007ffc50142000 	C:\Program Files\Microsoft\jdk-11.0.18.10-hotspot\bin\server\jvm.dll
0x00007ffc7f200000 - 0x00007ffc7f2ae000 	C:\Windows\System32\ADVAPI32.dll
0x00007ffc7f160000 - 0x00007ffc7f1fc000 	C:\Windows\System32\sechost.dll
0x00007ffc7eee0000 - 0x00007ffc7f006000 	C:\Windows\System32\RPCRT4.dll
0x00007ffc804b0000 - 0x00007ffc804b8000 	C:\Windows\System32\PSAPI.DLL
0x00007ffc77cf0000 - 0x00007ffc77cf9000 	C:\Windows\SYSTEM32\WSOCK32.dll
0x00007ffc80880000 - 0x00007ffc808eb000 	C:\Windows\System32\WS2_32.dll
0x00007ffc74200000 - 0x00007ffc74227000 	C:\Windows\SYSTEM32\WINMM.dll
0x00007ffc70d00000 - 0x00007ffc70d0a000 	C:\Windows\SYSTEM32\VERSION.dll
0x00007ffc7bed0000 - 0x00007ffc7bee2000 	C:\Windows\SYSTEM32\kernel.appcore.dll
0x00007ffc5e640000 - 0x00007ffc5e650000 	C:\Program Files\Microsoft\jdk-11.0.18.10-hotspot\bin\verify.dll
0x00007ffc6f2b0000 - 0x00007ffc6f494000 	C:\Windows\SYSTEM32\DBGHELP.DLL
0x00007ffc6f5a0000 - 0x00007ffc6f5d4000 	C:\Windows\SYSTEM32\dbgcore.DLL
0x00007ffc7e410000 - 0x00007ffc7e492000 	C:\Windows\System32\bcryptPrimitives.dll
0x00007ffc59790000 - 0x00007ffc597b8000 	C:\Program Files\Microsoft\jdk-11.0.18.10-hotspot\bin\java.dll
0x00007ffc5beb0000 - 0x00007ffc5beba000 	C:\Program Files\Microsoft\jdk-11.0.18.10-hotspot\bin\jimage.dll
0x00007ffc59770000 - 0x00007ffc59788000 	C:\Program Files\Microsoft\jdk-11.0.18.10-hotspot\bin\zip.dll
0x00007ffc7f2e0000 - 0x00007ffc7fa24000 	C:\Windows\System32\SHELL32.dll
0x00007ffc7c0d0000 - 0x00007ffc7c86b000 	C:\Windows\SYSTEM32\windows.storage.dll
0x00007ffc7fa30000 - 0x00007ffc7fd84000 	C:\Windows\System32\combase.dll
0x00007ffc7d980000 - 0x00007ffc7d9ad000 	C:\Windows\SYSTEM32\Wldp.dll
0x00007ffc80300000 - 0x00007ffc803ad000 	C:\Windows\System32\SHCORE.dll
0x00007ffc7f100000 - 0x00007ffc7f155000 	C:\Windows\System32\shlwapi.dll
0x00007ffc7df40000 - 0x00007ffc7df65000 	C:\Windows\SYSTEM32\profapi.dll
0x00007ffc593b0000 - 0x00007ffc593c9000 	C:\Program Files\Microsoft\jdk-11.0.18.10-hotspot\bin\net.dll
0x00007ffc77060000 - 0x00007ffc7716a000 	C:\Windows\SYSTEM32\WINHTTP.dll
0x00007ffc7d6e0000 - 0x00007ffc7d74a000 	C:\Windows\system32\mswsock.dll
0x00007ffc592b0000 - 0x00007ffc592c3000 	C:\Program Files\Microsoft\jdk-11.0.18.10-hotspot\bin\nio.dll
0x00007ffc57660000 - 0x00007ffc57687000 	C:\Users\Faizan Ali\.gradle\native\68d5fa5c4cc2d200863cafc0d521ce42e7d3e7ee720ec0a83991735586a16f82\windows-amd64\native-platform.dll
0x00007ffc4f460000 - 0x00007ffc4f5a4000 	C:\Users\Faizan Ali\.gradle\native\e376f236ea51e6404a007f0833ffe2c6e607c4080706a723a18a27aeea778392\windows-amd64\native-platform-file-events.dll
0x00007ffc5bd90000 - 0x00007ffc5bd99000 	C:\Program Files\Microsoft\jdk-11.0.18.10-hotspot\bin\management.dll
0x00007ffc5b7e0000 - 0x00007ffc5b7eb000 	C:\Program Files\Microsoft\jdk-11.0.18.10-hotspot\bin\management_ext.dll
0x00007ffc7d8e0000 - 0x00007ffc7d8f8000 	C:\Windows\SYSTEM32\CRYPTSP.dll
0x00007ffc7cff0000 - 0x00007ffc7d024000 	C:\Windows\system32\rsaenh.dll
0x00007ffc7e270000 - 0x00007ffc7e297000 	C:\Windows\System32\bcrypt.dll
0x00007ffc7df00000 - 0x00007ffc7df2e000 	C:\Windows\SYSTEM32\USERENV.dll
0x00007ffc7d8d0000 - 0x00007ffc7d8dc000 	C:\Windows\SYSTEM32\CRYPTBASE.dll
0x00007ffc7d3d0000 - 0x00007ffc7d40b000 	C:\Windows\SYSTEM32\IPHLPAPI.DLL
0x00007ffc804c0000 - 0x00007ffc804c8000 	C:\Windows\System32\NSI.dll
0x00007ffc776b0000 - 0x00007ffc776c7000 	C:\Windows\SYSTEM32\dhcpcsvc6.DLL
0x00007ffc77c50000 - 0x00007ffc77c6d000 	C:\Windows\SYSTEM32\dhcpcsvc.DLL
0x00007ffc7d410000 - 0x00007ffc7d4da000 	C:\Windows\SYSTEM32\DNSAPI.dll

dbghelp: loaded successfully - version: 4.0.5 - missing functions: none
symbol engine: initialized successfully - sym options: 0x614 - pdb path: .;C:\Program Files\Microsoft\jdk-11.0.18.10-hotspot\bin;C:\Windows\SYSTEM32;C:\Windows\WinSxS\amd64_microsoft.windows.common-controls_6595b64144ccf1df_6.0.19041.3570_none_60bb2a3971f3e41a;C:\Program Files\Microsoft\jdk-11.0.18.10-hotspot\bin\server;C:\Users\Faizan Ali\.gradle\native\68d5fa5c4cc2d200863cafc0d521ce42e7d3e7ee720ec0a83991735586a16f82\windows-amd64;C:\Users\Faizan Ali\.gradle\native\e376f236ea51e6404a007f0833ffe2c6e607c4080706a723a18a27aeea778392\windows-amd64

VM Arguments:
jvm_args: -XX:MaxMetaspaceSize=512m --add-opens=java.base/java.util=ALL-UNNAMED --add-opens=java.base/java.lang=ALL-UNNAMED --add-opens=java.base/java.lang.invoke=ALL-UNNAMED --add-opens=java.prefs/java.util.prefs=ALL-UNNAMED --add-opens=java.base/java.nio.charset=ALL-UNNAMED --add-opens=java.base/java.net=ALL-UNNAMED --add-opens=java.base/java.util.concurrent.atomic=ALL-UNNAMED -Xmx2048m -Dfile.encoding=windows-1252 -Duser.country=US -Duser.language=en -Duser.variant 
java_command: org.gradle.launcher.daemon.bootstrap.GradleDaemon 8.0.1
java_class_path (initial): C:\Users\Faizan Ali\.gradle\wrapper\dists\gradle-8.0.1-all\aro4hu1c3oeioove7l0i4i14o\gradle-8.0.1\lib\gradle-launcher-8.0.1.jar
Launcher Type: SUN_STANDARD

[Global flags]
     intx CICompilerCount                          = 3                                         {product} {ergonomic}
   size_t CompressedClassSpaceSize                 = 528482304                                 {product} {ergonomic}
     uint ConcGCThreads                            = 1                                         {product} {ergonomic}
     uint G1ConcRefinementThreads                  = 4                                         {product} {ergonomic}
   size_t G1HeapRegionSize                         = 1048576                                   {product} {ergonomic}
    uintx GCDrainStackTargetSize                   = 64                                        {product} {ergonomic}
   size_t InitialHeapSize                          = 201326592                                 {product} {ergonomic}
   size_t MarkStackSize                            = 4194304                                   {product} {ergonomic}
   size_t MaxHeapSize                              = 2147483648                                {product} {command line}
   size_t MaxMetaspaceSize                         = 536870912                                 {product} {command line}
   size_t MaxNewSize                               = 1287651328                                {product} {ergonomic}
   size_t MinHeapDeltaBytes                        = 1048576                                   {product} {ergonomic}
    uintx NonNMethodCodeHeapSize                   = 5830732                                {pd product} {ergonomic}
    uintx NonProfiledCodeHeapSize                  = 122913754                              {pd product} {ergonomic}
    uintx ProfiledCodeHeapSize                     = 122913754                              {pd product} {ergonomic}
    uintx ReservedCodeCacheSize                    = 251658240                              {pd product} {ergonomic}
     bool SegmentedCodeCache                       = true                                      {product} {ergonomic}
     bool UseCompressedClassPointers               = true                                 {lp64_product} {ergonomic}
     bool UseCompressedOops                        = true                                 {lp64_product} {ergonomic}
     bool UseG1GC                                  = true                                      {product} {ergonomic}
     bool UseLargePagesIndividualAllocation        = false                                  {pd product} {ergonomic}

Logging:
Log output configuration:
 #0: stdout all=warning uptime,level,tags
 #1: stderr all=off uptime,level,tags

Environment Variables:
JAVA_HOME=C:\Program Files\Microsoft\jdk-11.0.18.10-hotspot\
CLASSPATH=C:\Users\Faizan Ali\Mobile apps\mechanic\android\\gradle\wrapper\gradle-wrapper.jar
PATH=C:\Users\Faizan Ali\Mobile apps\mechanic\node_modules\.bin;C:\Users\Faizan Ali\Mobile apps\mechanic\node_modules\.bin;C:\Users\Faizan Ali\Mobile apps\node_modules\.bin;C:\Users\Faizan Ali\node_modules\.bin;C:\Users\node_modules\.bin;C:\node_modules\.bin;C:\Users\Faizan Ali\AppData\Roaming\npm\node_modules\npm\node_modules\@npmcli\run-script\lib\node-gyp-bin;C:\Users\Faizan Ali\Mobile apps\mechanic\node_modules\.bin;C:\Users\Faizan Ali\Mobile apps\node_modules\.bin;C:\Users\Faizan Ali\node_modules\.bin;C:\Users\node_modules\.bin;C:\node_modules\.bin;C:\Users\Faizan Ali\AppData\Roaming\npm\node_modules\npm\node_modules\@npmcli\run-script\lib\node-gyp-bin;C:\Program Files\Microsoft\jdk-11.0.18.10-hotspot\bin;C:\Windows\system32;C:\Windows;C:\Windows\System32\Wbem;C:\Windows\System32\WindowsPowerShell\v1.0\;C:\Windows\System32\OpenSSH\;C:\Program Files\nodejs\;C:\ProgramData\chocolatey\bin;C:\xampp\php;C:\composer;C:\Users\Faizan Ali\AppData\Local\Microsoft\WindowsApps;C:\Users\Faizan Ali\AppData\Local\Programs\Microsoft VS Code\bin;C:\Users\Faizan Ali\AppData\Roaming\npm;C:\Users\Faizan Ali\AppData\Local\GitHubDesktop\bin;C:\Users\Faizan Ali\AppData\Local\Programs\Git\cmd
USERNAME=Faizan Ali
LANG=en_US.UTF-8
OS=Windows_NT
PROCESSOR_IDENTIFIER=Intel64 Family 6 Model 60 Stepping 3, GenuineIntel
TMP=C:\Users\FAIZAN~1\AppData\Local\Temp
TEMP=C:\Users\FAIZAN~1\AppData\Local\Temp



---------------  S Y S T E M  ---------------

OS: Windows 10 , 64 bit Build 19041 (10.0.19041.3570)
OS uptime: 7 days 10:02 hours

CPU:total 4 (initial active 4) (4 cores per cpu, 1 threads per core) family 6 model 60 stepping 3 microcode 0x27, cmov, cx8, fxsr, mmx, sse, sse2, sse3, ssse3, sse4.1, sse4.2, popcnt, avx, avx2, aes, clmul, erms, lzcnt, tsc, tscinvbit, bmi1, bmi2, fma

Memory: 4k page, system-wide physical 12201M (318M free)
TotalPageFile size 42655M (AvailPageFile size 0M)
current process WorkingSet (physical memory assigned to process): 292M, peak: 292M
current process commit charge ("private bytes"): 404M, peak: 405M

vm_info: OpenJDK 64-Bit Server VM (11.0.18+10-LTS) for windows-amd64 JRE (11.0.18+10-LTS), built on Jan 18 2023 15:56:47 by "MicrosoftCorporation" with MS VC++ 15.9 (VS2017)

END.
